17:21:31.718 [INFO] [org.gradle.launcher.daemon.server.Daemon] start() called on daemon - DefaultDaemonContext[uid=eed274ca-b33f-4779-85f4-60f8870f7782,javaHome=/Library/Java/JavaVirtualMachines/jdk1.8.0_74.jdk/Contents/Home,daemonRegistryDir=/Users/prassingh/Matlb/gradle/wrapper/daemon,pid=77232,idleTimeout=10800000,daemonOpts=-XX:MaxPermSize=256m,-XX:+HeapDumpOnOutOfMemoryError,-Xmx1024m,-Dfile.encoding=UTF-8,-Duser.country=US,-Duser.language=en,-Duser.variant]
17:21:31.721 [DEBUG] [org.gradle.launcher.daemon.server.DaemonStateCoordinator] updating lastActivityAt to 1471953091721
17:21:31.742 [DEBUG] [org.gradle.messaging.remote.internal.inet.InetAddressFactory] Adding IP addresses for network interface awdl0
17:21:31.742 [DEBUG] [org.gradle.messaging.remote.internal.inet.InetAddressFactory] Is this a loopback interface? false
17:21:31.743 [DEBUG] [org.gradle.messaging.remote.internal.inet.InetAddressFactory] Is this a multicast interface? true
17:21:31.743 [DEBUG] [org.gradle.messaging.remote.internal.inet.InetAddressFactory] Adding remote address /fe80:0:0:0:2815:b8ff:fe21:a471%awdl0
17:21:31.744 [DEBUG] [org.gradle.messaging.remote.internal.inet.InetAddressFactory] Adding remote multicast interface awdl0
17:21:31.744 [DEBUG] [org.gradle.messaging.remote.internal.inet.InetAddressFactory] Adding IP addresses for network interface en0
17:21:31.745 [DEBUG] [org.gradle.messaging.remote.internal.inet.InetAddressFactory] Is this a loopback interface? false
17:21:31.746 [DEBUG] [org.gradle.messaging.remote.internal.inet.InetAddressFactory] Is this a multicast interface? true
17:21:31.747 [DEBUG] [org.gradle.messaging.remote.internal.inet.InetAddressFactory] Adding remote address /fe80:0:0:0:aebc:32ff:febb:92b3%en0
17:21:31.747 [DEBUG] [org.gradle.messaging.remote.internal.inet.InetAddressFactory] Adding remote address /172.26.66.168
17:21:31.748 [DEBUG] [org.gradle.messaging.remote.internal.inet.InetAddressFactory] Adding remote multicast interface en0
17:21:31.748 [DEBUG] [org.gradle.messaging.remote.internal.inet.InetAddressFactory] Adding IP addresses for network interface lo0
17:21:31.748 [DEBUG] [org.gradle.messaging.remote.internal.inet.InetAddressFactory] Is this a loopback interface? true
17:21:31.749 [DEBUG] [org.gradle.messaging.remote.internal.inet.InetAddressFactory] Is this a multicast interface? true
17:21:31.750 [DEBUG] [org.gradle.messaging.remote.internal.inet.InetAddressFactory] Ignoring remote address on loopback interface /fe80:0:0:0:0:0:0:1%lo0
17:21:31.750 [DEBUG] [org.gradle.messaging.remote.internal.inet.InetAddressFactory] Adding loopback address /0:0:0:0:0:0:0:1
17:21:31.751 [DEBUG] [org.gradle.messaging.remote.internal.inet.InetAddressFactory] Adding loopback address /127.0.0.1
17:21:31.752 [DEBUG] [org.gradle.messaging.remote.internal.inet.InetAddressFactory] Adding loopback multicast interface lo0
17:21:31.766 [DEBUG] [org.gradle.messaging.remote.internal.inet.TcpIncomingConnector] Listening on [9ceb632d-2394-4da5-82c9-2cc8be1c297d port:57356, addresses:[/0:0:0:0:0:0:0:1, /127.0.0.1]].
17:21:31.768 [DEBUG] [org.gradle.launcher.daemon.server.Daemon] Daemon starting at: Tue Aug 23 17:21:31 IST 2016, with address: [9ceb632d-2394-4da5-82c9-2cc8be1c297d port:57356, addresses:[/0:0:0:0:0:0:0:1, /127.0.0.1]]
17:21:31.769 [INFO] [org.gradle.launcher.daemon.server.DomainRegistryUpdater] Advertising the daemon address to the clients: [9ceb632d-2394-4da5-82c9-2cc8be1c297d port:57356, addresses:[/0:0:0:0:0:0:0:1, /127.0.0.1]]
17:21:31.769 [DEBUG] [org.gradle.launcher.daemon.server.DomainRegistryUpdater] Advertised daemon context: DefaultDaemonContext[uid=eed274ca-b33f-4779-85f4-60f8870f7782,javaHome=/Library/Java/JavaVirtualMachines/jdk1.8.0_74.jdk/Contents/Home,daemonRegistryDir=/Users/prassingh/Matlb/gradle/wrapper/daemon,pid=77232,idleTimeout=10800000,daemonOpts=-XX:MaxPermSize=256m,-XX:+HeapDumpOnOutOfMemoryError,-Xmx1024m,-Dfile.encoding=UTF-8,-Duser.country=US,-Duser.language=en,-Duser.variant]
17:21:31.770 [DEBUG] [org.gradle.launcher.daemon.registry.PersistentDaemonRegistry] Storing daemon address: [9ceb632d-2394-4da5-82c9-2cc8be1c297d port:57356, addresses:[/0:0:0:0:0:0:0:1, /127.0.0.1]], context: DefaultDaemonContext[uid=eed274ca-b33f-4779-85f4-60f8870f7782,javaHome=/Library/Java/JavaVirtualMachines/jdk1.8.0_74.jdk/Contents/Home,daemonRegistryDir=/Users/prassingh/Matlb/gradle/wrapper/daemon,pid=77232,idleTimeout=10800000,daemonOpts=-XX:MaxPermSize=256m,-XX:+HeapDumpOnOutOfMemoryError,-Xmx1024m,-Dfile.encoding=UTF-8,-Duser.country=US,-Duser.language=en,-Duser.variant]
17:21:31.778 [DEBUG] [org.gradle.cache.internal.DefaultFileLockManager] Waiting to acquire exclusive lock on daemon addresses registry.
17:21:31.780 [DEBUG] [org.gradle.cache.internal.DefaultFileLockManager] Lock acquired.
17:21:31.802 [DEBUG] [org.gradle.cache.internal.DefaultFileLockManager] Releasing lock on daemon addresses registry.
17:21:31.802 [LIFECYCLE] [org.gradle.launcher.daemon.server.Daemon] Daemon server started.
17:21:31.804 [DEBUG] [org.gradle.launcher.daemon.bootstrap.DaemonStartupCommunication] Completed writing the daemon greeting. Closing streams...
17:21:31.804 [DEBUG] [org.gradle.launcher.daemon.server.Daemon] requestStopOnIdleTimeout(10800000 MILLISECONDS) called on daemon
17:21:31.805 [DEBUG] [org.gradle.launcher.daemon.server.DaemonStateCoordinator] Idle timeout: waiting for daemon to stop or be idle for 10800000ms
17:21:31.805 [DEBUG] [org.gradle.launcher.daemon.server.DaemonStateCoordinator] Daemon is idle, sleeping until state change or idle timeout at Tue Aug 23 20:21:31 IST 2016
17:21:31.807 [DEBUG] [org.gradle.messaging.remote.internal.inet.TcpIncomingConnector] Accepted connection from /127.0.0.1:57357 to /127.0.0.1:57356.
17:21:31.855 [DEBUG] [org.gradle.launcher.daemon.server.SynchronizedDispatchConnection] thread 15: received class org.gradle.launcher.daemon.protocol.Build
17:21:31.856 [DEBUG] [org.gradle.launcher.daemon.server.DefaultDaemonConnection] Received non-IO message from client: Build{id=537e01ea-e8ba-4bd7-be48-14503d1afa71.1, currentDir=/Users/prassingh/Matlb}
17:21:31.856 [INFO] [org.gradle.launcher.daemon.server.DefaultIncomingConnectionHandler] Received command: Build{id=537e01ea-e8ba-4bd7-be48-14503d1afa71.1, currentDir=/Users/prassingh/Matlb}.
17:21:31.857 [DEBUG] [org.gradle.launcher.daemon.server.DefaultIncomingConnectionHandler] Starting executing command: Build{id=537e01ea-e8ba-4bd7-be48-14503d1afa71.1, currentDir=/Users/prassingh/Matlb} with connection: socket connection from /127.0.0.1:57356 to /127.0.0.1:57357.
17:21:31.865 [DEBUG] [org.gradle.launcher.daemon.server.DaemonStateCoordinator] Command execution: started DaemonCommandExecution[command = Build{id=537e01ea-e8ba-4bd7-be48-14503d1afa71.1, currentDir=/Users/prassingh/Matlb}, connection = org.gradle.launcher.daemon.server.DefaultDaemonConnection@58a36e06] after 0.0 minutes of idle
17:21:31.865 [INFO] [org.gradle.launcher.daemon.server.DomainRegistryUpdater] Marking the daemon as busy, address: [9ceb632d-2394-4da5-82c9-2cc8be1c297d port:57356, addresses:[/0:0:0:0:0:0:0:1, /127.0.0.1]]
17:21:31.866 [DEBUG] [org.gradle.launcher.daemon.registry.PersistentDaemonRegistry] Marking busy by address: [9ceb632d-2394-4da5-82c9-2cc8be1c297d port:57356, addresses:[/0:0:0:0:0:0:0:1, /127.0.0.1]]
17:21:31.866 [DEBUG] [org.gradle.cache.internal.DefaultFileLockManager] Waiting to acquire exclusive lock on daemon addresses registry.
17:21:31.867 [DEBUG] [org.gradle.cache.internal.DefaultFileLockManager] Lock acquired.
17:21:31.869 [DEBUG] [org.gradle.cache.internal.DefaultFileLockManager] Releasing lock on daemon addresses registry.
17:21:31.870 [DEBUG] [org.gradle.launcher.daemon.server.DaemonStateCoordinator] updating lastActivityAt to 1471953091870
17:21:31.870 [DEBUG] [org.gradle.launcher.daemon.server.DaemonStateCoordinator] Daemon is busy, sleeping until state changes.
17:21:31.870 [INFO] [org.gradle.launcher.daemon.server.exec.StartBuildOrRespondWithBusy] Daemon is about to start building Build{id=537e01ea-e8ba-4bd7-be48-14503d1afa71.1, currentDir=/Users/prassingh/Matlb}. Dispatching build started information...
17:21:31.871 [DEBUG] [org.gradle.launcher.daemon.server.SynchronizedDispatchConnection] thread 17: dispatching class org.gradle.launcher.daemon.protocol.BuildStarted
17:21:31.873 [DEBUG] [org.gradle.launcher.daemon.server.exec.EstablishBuildEnvironment] Configuring env variables: {PATH=/usr/bin:/bin:/usr/sbin:/sbin, SSH_AUTH_SOCK=/private/tmp/com.apple.launchd.fLLmQZGvYQ/Listeners, XPC_FLAGS=0x0, SHELL=/bin/zsh, __CF_USER_TEXT_ENCODING=0x2C1844F0:0x0:0x0, Apple_PubSub_Socket_Render=/private/tmp/com.apple.launchd.B3Uw7TfV3Q/Render, LOGNAME=prassingh, USER=prassingh, XPC_SERVICE_NAME=com.jetbrains.intellij.73952, HOME=/Users/prassingh, TMPDIR=/var/folders/nh/c49w3z193pdfc1hv74rsdv60p1hj7h/T/}
17:21:31.874 [DEBUG] [org.gradle.launcher.daemon.server.SynchronizedDispatchConnection] thread 15: received class org.gradle.launcher.daemon.protocol.CloseInput
17:21:31.875 [DEBUG] [org.gradle.launcher.daemon.server.DefaultDaemonConnection] Received IO message from client: org.gradle.launcher.daemon.protocol.CloseInput@1619ca21
17:21:31.884 [DEBUG] [org.gradle.launcher.daemon.server.exec.LogToClient] About to start relaying all logs to the client via the connection.
17:21:31.884 [INFO] [org.gradle.launcher.daemon.server.exec.LogToClient] The client will now receive all logging from the daemon (pid: 77232). The daemon log file: /Users/prassingh/Matlb/gradle/wrapper/daemon/2.9/daemon-77232.out.log
17:21:31.890 [INFO] [org.gradle.launcher.daemon.server.health.DaemonHealthTracker] Starting build in new daemon [memory: 954.7 MB]
17:21:31.890 [INFO] [org.gradle.launcher.daemon.server.exec.ForwardClientInput] Closing daemon's stdin at end of input.
17:21:31.891 [INFO] [org.gradle.launcher.daemon.server.exec.ForwardClientInput] The daemon will no longer process any standard input.
17:21:31.893 [DEBUG] [org.gradle.launcher.daemon.server.exec.ExecuteBuild] The daemon has started executing the build.
17:21:31.893 [INFO] [org.gradle.launcher.daemon.server.exec.ExecuteBuild] Executing build with daemon context: DefaultDaemonContext[uid=eed274ca-b33f-4779-85f4-60f8870f7782,javaHome=/Library/Java/JavaVirtualMachines/jdk1.8.0_74.jdk/Contents/Home,daemonRegistryDir=/Users/prassingh/Matlb/gradle/wrapper/daemon,pid=77232,idleTimeout=10800000,daemonOpts=-XX:MaxPermSize=256m,-XX:+HeapDumpOnOutOfMemoryError,-Xmx1024m,-Dfile.encoding=UTF-8,-Duser.country=US,-Duser.language=en,-Duser.variant]
:compileJava UP-TO-DATE
:processResources UP-TO-DATE
:classes UP-TO-DATE
:findMainClass
:bootRun

  .   ____          _            __ _ _
 /\\ / ___'_ __ _ _(_)_ __  __ _ \ \ \ \
( ( )\___ | '_ | '_| | '_ \/ _` | \ \ \ \
 \\/  ___)| |_)| | | | | || (_| |  ) ) ) )
  '  |____| .__|_| |_|_| |_\__, | / / / /
 =========|_|==============|___/=/_/_/_/
 :: Spring Boot ::        (v1.3.3.RELEASE)

2016-08-23 17:21:38.211  INFO 78150 --- [  restartedMain] com.matlb.MatlbApplication               : Starting MatlbApplication on DELC02QM9L0G8WN.sea.corp.expecn.com with PID 78150 (/Users/prassingh/Matlb/build/classes/main started by prassingh in /Users/prassingh/Matlb)
2016-08-23 17:21:38.214  INFO 78150 --- [  restartedMain] com.matlb.MatlbApplication               : The following profiles are active: prod
2016-08-23 17:21:38.257  INFO 78150 --- [  restartedMain] ationConfigEmbeddedWebApplicationContext : Refreshing org.springframework.boot.context.embedded.AnnotationConfigEmbeddedWebApplicationContext@c0006ab: startup date [Tue Aug 23 17:21:38 IST 2016]; root of context hierarchy
2016-08-23 17:21:39.084  INFO 78150 --- [  restartedMain] o.s.b.f.s.DefaultListableBeanFactory     : Overriding bean definition for bean 'connectionFactory' with a different definition: replacing [Root bean: class [null]; scope=; abstract=false; lazyInit=false; autowireMode=3; dependencyCheck=0; autowireCandidate=true; primary=false; factoryBeanName=rabbitMqConfiguration; factoryMethodName=connectionFactory; initMethodName=null; destroyMethodName=(inferred); defined in class path resource [com/matlb/rabbitMq/RabbitMqConfiguration.class]] with [Root bean: class [null]; scope=; abstract=false; lazyInit=false; autowireMode=3; dependencyCheck=0; autowireCandidate=true; primary=false; factoryBeanName=scrapingResultConsumerConfiguration; factoryMethodName=connectionFactory; initMethodName=null; destroyMethodName=(inferred); defined in class path resource [com/matlb/rabbitMq/ScrapingResultConsumerConfiguration.class]]
2016-08-23 17:21:39.085  INFO 78150 --- [  restartedMain] o.s.b.f.s.DefaultListableBeanFactory     : Overriding bean definition for bean 'amqpAdmin' with a different definition: replacing [Root bean: class [null]; scope=; abstract=false; lazyInit=false; autowireMode=3; dependencyCheck=0; autowireCandidate=true; primary=false; factoryBeanName=rabbitMqConfiguration; factoryMethodName=amqpAdmin; initMethodName=null; destroyMethodName=(inferred); defined in class path resource [com/matlb/rabbitMq/RabbitMqConfiguration.class]] with [Root bean: class [null]; scope=; abstract=false; lazyInit=false; autowireMode=3; dependencyCheck=0; autowireCandidate=true; primary=false; factoryBeanName=scrapingResultConsumerConfiguration; factoryMethodName=amqpAdmin; initMethodName=null; destroyMethodName=(inferred); defined in class path resource [com/matlb/rabbitMq/ScrapingResultConsumerConfiguration.class]]
2016-08-23 17:21:39.085  INFO 78150 --- [  restartedMain] o.s.b.f.s.DefaultListableBeanFactory     : Overriding bean definition for bean 'jsonMessageConverter' with a different definition: replacing [Root bean: class [null]; scope=; abstract=false; lazyInit=false; autowireMode=3; dependencyCheck=0; autowireCandidate=true; primary=false; factoryBeanName=rabbitMqConfiguration; factoryMethodName=jsonMessageConverter; initMethodName=null; destroyMethodName=(inferred); defined in class path resource [com/matlb/rabbitMq/RabbitMqConfiguration.class]] with [Root bean: class [null]; scope=; abstract=false; lazyInit=false; autowireMode=3; dependencyCheck=0; autowireCandidate=true; primary=false; factoryBeanName=scrapingResultConsumerConfiguration; factoryMethodName=jsonMessageConverter; initMethodName=null; destroyMethodName=(inferred); defined in class path resource [com/matlb/rabbitMq/ScrapingResultConsumerConfiguration.class]]
2016-08-23 17:21:39.085  INFO 78150 --- [  restartedMain] o.s.b.f.s.DefaultListableBeanFactory     : Overriding bean definition for bean 'classMapper' with a different definition: replacing [Root bean: class [null]; scope=; abstract=false; lazyInit=false; autowireMode=3; dependencyCheck=0; autowireCandidate=true; primary=false; factoryBeanName=rabbitMqConfiguration; factoryMethodName=classMapper; initMethodName=null; destroyMethodName=(inferred); defined in class path resource [com/matlb/rabbitMq/RabbitMqConfiguration.class]] with [Root bean: class [null]; scope=; abstract=false; lazyInit=false; autowireMode=3; dependencyCheck=0; autowireCandidate=true; primary=false; factoryBeanName=scrapingResultConsumerConfiguration; factoryMethodName=classMapper; initMethodName=null; destroyMethodName=(inferred); defined in class path resource [com/matlb/rabbitMq/ScrapingResultConsumerConfiguration.class]]
2016-08-23 17:21:39.085  INFO 78150 --- [  restartedMain] o.s.b.f.s.DefaultListableBeanFactory     : Overriding bean definition for bean 'rabbitTemplate' with a different definition: replacing [Root bean: class [null]; scope=; abstract=false; lazyInit=false; autowireMode=3; dependencyCheck=0; autowireCandidate=true; primary=false; factoryBeanName=scrapingResultConsumerConfiguration; factoryMethodName=rabbitTemplate; initMethodName=null; destroyMethodName=(inferred); defined in class path resource [com/matlb/rabbitMq/ScrapingResultConsumerConfiguration.class]] with [Root bean: class [null]; scope=; abstract=false; lazyInit=false; autowireMode=3; dependencyCheck=0; autowireCandidate=true; primary=false; factoryBeanName=taskProducerConfiguration; factoryMethodName=rabbitTemplate; initMethodName=null; destroyMethodName=(inferred); defined in class path resource [com/matlb/rabbitMq/TaskProducerConfiguration.class]]
2016-08-23 17:21:39.171  INFO 78150 --- [  restartedMain] o.s.b.f.s.DefaultListableBeanFactory     : Overriding bean definition for bean 'beanNameViewResolver' with a different definition: replacing [Root bean: class [null]; scope=; abstract=false; lazyInit=false; autowireMode=3; dependencyCheck=0; autowireCandidate=true; primary=false; factoryBeanName=org.springframework.boot.autoconfigure.web.ErrorMvcAutoConfiguration$WhitelabelErrorViewConfiguration; factoryMethodName=beanNameViewResolver; initMethodName=null; destroyMethodName=(inferred); defined in class path resource [org/springframework/boot/autoconfigure/web/ErrorMvcAutoConfiguration$WhitelabelErrorViewConfiguration.class]] with [Root bean: class [null]; scope=; abstract=false; lazyInit=false; autowireMode=3; dependencyCheck=0; autowireCandidate=true; primary=false; factoryBeanName=org.springframework.boot.autoconfigure.web.WebMvcAutoConfiguration$WebMvcAutoConfigurationAdapter; factoryMethodName=beanNameViewResolver; initMethodName=null; destroyMethodName=(inferred); defined in class path resource [org/springframework/boot/autoconfigure/web/WebMvcAutoConfiguration$WebMvcAutoConfigurationAdapter.class]]
2016-08-23 17:21:39.653  INFO 78150 --- [  restartedMain] trationDelegate$BeanPostProcessorChecker : Bean 'org.springframework.amqp.rabbit.annotation.RabbitBootstrapConfiguration' of type [class org.springframework.amqp.rabbit.annotation.RabbitBootstrapConfiguration$$EnhancerBySpringCGLIB$$b8ffad1f] is not eligible for getting processed by all BeanPostProcessors (for example: not eligible for auto-proxying)
2016-08-23 17:21:39.728  INFO 78150 --- [  restartedMain] trationDelegate$BeanPostProcessorChecker : Bean 'org.springframework.transaction.annotation.ProxyTransactionManagementConfiguration' of type [class org.springframework.transaction.annotation.ProxyTransactionManagementConfiguration$$EnhancerBySpringCGLIB$$af981cb1] is not eligible for getting processed by all BeanPostProcessors (for example: not eligible for auto-proxying)
2016-08-23 17:21:40.107  INFO 78150 --- [  restartedMain] s.b.c.e.t.TomcatEmbeddedServletContainer : Tomcat initialized with port(s): 8080 (http)
2016-08-23 17:21:40.122  INFO 78150 --- [  restartedMain] o.apache.catalina.core.StandardService   : Starting service Tomcat
2016-08-23 17:21:40.123  INFO 78150 --- [  restartedMain] org.apache.catalina.core.StandardEngine  : Starting Servlet Engine: Apache Tomcat/8.0.32
2016-08-23 17:21:40.224  INFO 78150 --- [ost-startStop-1] o.a.c.c.C.[Tomcat].[localhost].[/]       : Initializing Spring embedded WebApplicationContext
2016-08-23 17:21:40.225  INFO 78150 --- [ost-startStop-1] o.s.web.context.ContextLoader            : Root WebApplicationContext: initialization completed in 1972 ms
2016-08-23 17:21:40.908  INFO 78150 --- [ost-startStop-1] j.LocalContainerEntityManagerFactoryBean : Building JPA container EntityManagerFactory for persistence unit 'default'
2016-08-23 17:21:40.920  INFO 78150 --- [ost-startStop-1] o.hibernate.jpa.internal.util.LogHelper  : HHH000204: Processing PersistenceUnitInfo [
	name: default
	...]
2016-08-23 17:21:41.002  INFO 78150 --- [ost-startStop-1] org.hibernate.Version                    : HHH000412: Hibernate Core {4.3.11.Final}
2016-08-23 17:21:41.005  INFO 78150 --- [ost-startStop-1] org.hibernate.cfg.Environment            : HHH000206: hibernate.properties not found
2016-08-23 17:21:41.007  INFO 78150 --- [ost-startStop-1] org.hibernate.cfg.Environment            : HHH000021: Bytecode provider name : javassist
2016-08-23 17:21:41.264  INFO 78150 --- [ost-startStop-1] o.hibernate.annotations.common.Version   : HCANN000001: Hibernate Commons Annotations {4.0.5.Final}
Tue Aug 23 17:21:41 IST 2016 WARN: Establishing SSL connection without server's identity verification is not recommended. According to MySQL 5.5.45+, 5.6.26+ and 5.7.6+ requirements SSL connection must be established by default if explicit option isn't set. For compliance with existing applications not using SSL the verifyServerCertificate property is set to 'false'. You need either to explicitly disable SSL by setting useSSL=false, or set useSSL=true and provide truststore for server certificate verification.
Tue Aug 23 17:21:41 IST 2016 WARN: Establishing SSL connection without server's identity verification is not recommended. According to MySQL 5.5.45+, 5.6.26+ and 5.7.6+ requirements SSL connection must be established by default if explicit option isn't set. For compliance with existing applications not using SSL the verifyServerCertificate property is set to 'false'. You need either to explicitly disable SSL by setting useSSL=false, or set useSSL=true and provide truststore for server certificate verification.
Tue Aug 23 17:21:41 IST 2016 WARN: Establishing SSL connection without server's identity verification is not recommended. According to MySQL 5.5.45+, 5.6.26+ and 5.7.6+ requirements SSL connection must be established by default if explicit option isn't set. For compliance with existing applications not using SSL the verifyServerCertificate property is set to 'false'. You need either to explicitly disable SSL by setting useSSL=false, or set useSSL=true and provide truststore for server certificate verification.
Tue Aug 23 17:21:41 IST 2016 WARN: Establishing SSL connection without server's identity verification is not recommended. According to MySQL 5.5.45+, 5.6.26+ and 5.7.6+ requirements SSL connection must be established by default if explicit option isn't set. For compliance with existing applications not using SSL the verifyServerCertificate property is set to 'false'. You need either to explicitly disable SSL by setting useSSL=false, or set useSSL=true and provide truststore for server certificate verification.
Tue Aug 23 17:21:41 IST 2016 WARN: Establishing SSL connection without server's identity verification is not recommended. According to MySQL 5.5.45+, 5.6.26+ and 5.7.6+ requirements SSL connection must be established by default if explicit option isn't set. For compliance with existing applications not using SSL the verifyServerCertificate property is set to 'false'. You need either to explicitly disable SSL by setting useSSL=false, or set useSSL=true and provide truststore for server certificate verification.
Tue Aug 23 17:21:41 IST 2016 WARN: Establishing SSL connection without server's identity verification is not recommended. According to MySQL 5.5.45+, 5.6.26+ and 5.7.6+ requirements SSL connection must be established by default if explicit option isn't set. For compliance with existing applications not using SSL the verifyServerCertificate property is set to 'false'. You need either to explicitly disable SSL by setting useSSL=false, or set useSSL=true and provide truststore for server certificate verification.
Tue Aug 23 17:21:41 IST 2016 WARN: Establishing SSL connection without server's identity verification is not recommended. According to MySQL 5.5.45+, 5.6.26+ and 5.7.6+ requirements SSL connection must be established by default if explicit option isn't set. For compliance with existing applications not using SSL the verifyServerCertificate property is set to 'false'. You need either to explicitly disable SSL by setting useSSL=false, or set useSSL=true and provide truststore for server certificate verification.
Tue Aug 23 17:21:41 IST 2016 WARN: Establishing SSL connection without server's identity verification is not recommended. According to MySQL 5.5.45+, 5.6.26+ and 5.7.6+ requirements SSL connection must be established by default if explicit option isn't set. For compliance with existing applications not using SSL the verifyServerCertificate property is set to 'false'. You need either to explicitly disable SSL by setting useSSL=false, or set useSSL=true and provide truststore for server certificate verification.
Tue Aug 23 17:21:41 IST 2016 WARN: Establishing SSL connection without server's identity verification is not recommended. According to MySQL 5.5.45+, 5.6.26+ and 5.7.6+ requirements SSL connection must be established by default if explicit option isn't set. For compliance with existing applications not using SSL the verifyServerCertificate property is set to 'false'. You need either to explicitly disable SSL by setting useSSL=false, or set useSSL=true and provide truststore for server certificate verification.
Tue Aug 23 17:21:41 IST 2016 WARN: Establishing SSL connection without server's identity verification is not recommended. According to MySQL 5.5.45+, 5.6.26+ and 5.7.6+ requirements SSL connection must be established by default if explicit option isn't set. For compliance with existing applications not using SSL the verifyServerCertificate property is set to 'false'. You need either to explicitly disable SSL by setting useSSL=false, or set useSSL=true and provide truststore for server certificate verification.
2016-08-23 17:21:41.615  INFO 78150 --- [ost-startStop-1] org.hibernate.dialect.Dialect            : HHH000400: Using dialect: org.hibernate.dialect.MySQL5Dialect
2016-08-23 17:21:41.844  INFO 78150 --- [ost-startStop-1] o.h.h.i.ast.ASTQueryTranslatorFactory    : HHH000397: Using ASTQueryTranslatorFactory
2016-08-23 17:21:42.117  INFO 78150 --- [ost-startStop-1] org.hibernate.tool.hbm2ddl.SchemaUpdate  : HHH000228: Running hbm2ddl schema update
2016-08-23 17:21:42.117  INFO 78150 --- [ost-startStop-1] org.hibernate.tool.hbm2ddl.SchemaUpdate  : HHH000102: Fetching database metadata
2016-08-23 17:21:42.118  INFO 78150 --- [ost-startStop-1] org.hibernate.tool.hbm2ddl.SchemaUpdate  : HHH000396: Updating schema
2016-08-23 17:21:42.132  INFO 78150 --- [ost-startStop-1] o.hibernate.tool.hbm2ddl.TableMetadata   : HHH000261: Table found: matlb.bookmark
2016-08-23 17:21:42.132  INFO 78150 --- [ost-startStop-1] o.hibernate.tool.hbm2ddl.TableMetadata   : HHH000037: Columns: [summary, note, create_dt, id, url]
2016-08-23 17:21:42.132  INFO 78150 --- [ost-startStop-1] o.hibernate.tool.hbm2ddl.TableMetadata   : HHH000108: Foreign keys: []
2016-08-23 17:21:42.132  INFO 78150 --- [ost-startStop-1] o.hibernate.tool.hbm2ddl.TableMetadata   : HHH000126: Indexes: [primary]
2016-08-23 17:21:42.138  INFO 78150 --- [ost-startStop-1] o.hibernate.tool.hbm2ddl.TableMetadata   : HHH000261: Table found: matlb.poll
2016-08-23 17:21:42.138  INFO 78150 --- [ost-startStop-1] o.hibernate.tool.hbm2ddl.TableMetadata   : HHH000037: Columns: [opt_b_count, opt_d_count, asker_id, opt_c_count, result, valid_upto, update_dt, opt_a_count, genre, create_dt, id, opt_e_count, status]
2016-08-23 17:21:42.138  INFO 78150 --- [ost-startStop-1] o.hibernate.tool.hbm2ddl.TableMetadata   : HHH000108: Foreign keys: [poll_ibfk_1]
2016-08-23 17:21:42.138  INFO 78150 --- [ost-startStop-1] o.hibernate.tool.hbm2ddl.TableMetadata   : HHH000126: Indexes: [asker_id, primary]
2016-08-23 17:21:42.143  INFO 78150 --- [ost-startStop-1] o.hibernate.tool.hbm2ddl.TableMetadata   : HHH000261: Table found: matlb.poll_answer
2016-08-23 17:21:42.143  INFO 78150 --- [ost-startStop-1] o.hibernate.tool.hbm2ddl.TableMetadata   : HHH000037: Columns: [poll_id, answer, create_dt, id, answerer_id]
2016-08-23 17:21:42.143  INFO 78150 --- [ost-startStop-1] o.hibernate.tool.hbm2ddl.TableMetadata   : HHH000108: Foreign keys: [poll_answer_ibfk_1, poll_answer_ibfk_2]
2016-08-23 17:21:42.143  INFO 78150 --- [ost-startStop-1] o.hibernate.tool.hbm2ddl.TableMetadata   : HHH000126: Indexes: [poll_id, answerer_poll, primary]
2016-08-23 17:21:42.151  INFO 78150 --- [ost-startStop-1] o.hibernate.tool.hbm2ddl.TableMetadata   : HHH000261: Table found: matlb.poll_question
2016-08-23 17:21:42.151  INFO 78150 --- [ost-startStop-1] o.hibernate.tool.hbm2ddl.TableMetadata   : HHH000037: Columns: [question_text, option_d, option_e, option_b, poll_id, option_c, update_dt, create_dt, id, option_a]
2016-08-23 17:21:42.152  INFO 78150 --- [ost-startStop-1] o.hibernate.tool.hbm2ddl.TableMetadata   : HHH000108: Foreign keys: [poll_question_ibfk_1]
2016-08-23 17:21:42.152  INFO 78150 --- [ost-startStop-1] o.hibernate.tool.hbm2ddl.TableMetadata   : HHH000126: Indexes: [poll_id, primary]
2016-08-23 17:21:42.159  INFO 78150 --- [ost-startStop-1] o.hibernate.tool.hbm2ddl.TableMetadata   : HHH000261: Table found: matlb.question_asked
2016-08-23 17:21:42.159  INFO 78150 --- [ost-startStop-1] o.hibernate.tool.hbm2ddl.TableMetadata   : HHH000037: Columns: [asked_to, poll_id, credit_alloted, update_dt, create_dt, id, asked_by, status]
2016-08-23 17:21:42.159  INFO 78150 --- [ost-startStop-1] o.hibernate.tool.hbm2ddl.TableMetadata   : HHH000108: Foreign keys: [question_asked_ibfk_2, question_asked_ibfk_1, question_asked_ibfk_3]
2016-08-23 17:21:42.159  INFO 78150 --- [ost-startStop-1] o.hibernate.tool.hbm2ddl.TableMetadata   : HHH000126: Indexes: [asked_to, question_answer, asked_by, primary]
2016-08-23 17:21:42.164  INFO 78150 --- [ost-startStop-1] o.hibernate.tool.hbm2ddl.TableMetadata   : HHH000261: Table found: matlb.subscriber
2016-08-23 17:21:42.165  INFO 78150 --- [ost-startStop-1] o.hibernate.tool.hbm2ddl.TableMetadata   : HHH000037: Columns: [email_id, update_dt, create_dt, id]
2016-08-23 17:21:42.165  INFO 78150 --- [ost-startStop-1] o.hibernate.tool.hbm2ddl.TableMetadata   : HHH000108: Foreign keys: []
2016-08-23 17:21:42.165  INFO 78150 --- [ost-startStop-1] o.hibernate.tool.hbm2ddl.TableMetadata   : HHH000126: Indexes: [primary]
2016-08-23 17:21:42.169  INFO 78150 --- [ost-startStop-1] o.hibernate.tool.hbm2ddl.TableMetadata   : HHH000261: Table found: matlb.user
2016-08-23 17:21:42.169  INFO 78150 --- [ost-startStop-1] o.hibernate.tool.hbm2ddl.TableMetadata   : HHH000037: Columns: [email_id, question_count, genre_pref, credits, update_dt, name, profile_pic, create_dt, phone_number, id, answer_count]
2016-08-23 17:21:42.169  INFO 78150 --- [ost-startStop-1] o.hibernate.tool.hbm2ddl.TableMetadata   : HHH000108: Foreign keys: []
2016-08-23 17:21:42.169  INFO 78150 --- [ost-startStop-1] o.hibernate.tool.hbm2ddl.TableMetadata   : HHH000126: Indexes: [primary]
2016-08-23 17:21:42.170  INFO 78150 --- [ost-startStop-1] org.hibernate.tool.hbm2ddl.SchemaUpdate  : HHH000232: Schema update complete
2016-08-23 17:21:42.664  INFO 78150 --- [ost-startStop-1] o.s.b.f.config.PropertiesFactoryBean     : Loading properties file from class path resource [rest-default-messages.properties]
2016-08-23 17:21:42.878  INFO 78150 --- [ost-startStop-1] o.s.b.c.embedded.FilterRegistrationBean  : Mapping filter: 'characterEncodingFilter' to: [/*]
2016-08-23 17:21:42.878  INFO 78150 --- [ost-startStop-1] o.s.b.c.embedded.FilterRegistrationBean  : Mapping filter: 'hiddenHttpMethodFilter' to: [/*]
2016-08-23 17:21:42.878  INFO 78150 --- [ost-startStop-1] o.s.b.c.embedded.FilterRegistrationBean  : Mapping filter: 'httpPutFormContentFilter' to: [/*]
2016-08-23 17:21:42.878  INFO 78150 --- [ost-startStop-1] o.s.b.c.embedded.FilterRegistrationBean  : Mapping filter: 'requestContextFilter' to: [/*]
2016-08-23 17:21:42.879  INFO 78150 --- [ost-startStop-1] o.s.b.c.embedded.FilterRegistrationBean  : Mapping filter: 'CORSFilter' to: [/*]
2016-08-23 17:21:42.879  INFO 78150 --- [ost-startStop-1] o.s.b.c.embedded.FilterRegistrationBean  : Filter CORSFilter was not registered (possibly already registered?)
2016-08-23 17:21:42.879  INFO 78150 --- [ost-startStop-1] o.s.b.c.e.ServletRegistrationBean        : Mapping servlet: 'dispatcherServlet' to [/]
2016-08-23 17:21:42.881  INFO 78150 --- [ost-startStop-1] o.s.b.c.e.ServletRegistrationBean        : Mapping servlet: 'webServlet' to [/h2-console/*]
2016-08-23 17:21:43.302  INFO 78150 --- [  restartedMain] s.w.s.m.m.a.RequestMappingHandlerAdapter : Looking for @ControllerAdvice: org.springframework.boot.context.embedded.AnnotationConfigEmbeddedWebApplicationContext@c0006ab: startup date [Tue Aug 23 17:21:38 IST 2016]; root of context hierarchy
2016-08-23 17:21:43.365  INFO 78150 --- [  restartedMain] s.w.s.m.m.a.RequestMappingHandlerMapping : Mapped "{[/greeting]}" onto public com.matlb.domain.Greeting com.matlb.controller.GreetingController.greeting(java.lang.String)
2016-08-23 17:21:43.368  INFO 78150 --- [  restartedMain] s.w.s.m.m.a.RequestMappingHandlerMapping : Mapped "{[/matlb/subscriber/add],methods=[POST]}" onto public com.matlb.domain.UserResponse com.matlb.controller.MatlbController.createSubscriber(com.matlb.domain.Subscriber)
2016-08-23 17:21:43.368  INFO 78150 --- [  restartedMain] s.w.s.m.m.a.RequestMappingHandlerMapping : Mapped "{[/matlb/user/add],methods=[POST]}" onto public com.matlb.domain.UserResponse com.matlb.controller.MatlbController.createUser(com.matlb.domain.User)
2016-08-23 17:21:43.368  INFO 78150 --- [  restartedMain] s.w.s.m.m.a.RequestMappingHandlerMapping : Mapped "{[/matlb/user/find/{id}]}" onto public com.matlb.domain.User com.matlb.controller.MatlbController.getUserById(java.lang.Integer)
2016-08-23 17:21:43.368  INFO 78150 --- [  restartedMain] s.w.s.m.m.a.RequestMappingHandlerMapping : Mapped "{[/matlb/user/get/all]}" onto public java.util.List<com.matlb.domain.User> com.matlb.controller.MatlbController.getAllUsers()
2016-08-23 17:21:43.368  INFO 78150 --- [  restartedMain] s.w.s.m.m.a.RequestMappingHandlerMapping : Mapped "{[/matlb/poll/find/{pageNumber}],methods=[POST]}" onto public java.util.List<com.matlb.domain.PollResponse> com.matlb.controller.MatlbController.findPollCreatedByUser(com.matlb.domain.User,java.lang.Integer)
2016-08-23 17:21:43.370  INFO 78150 --- [  restartedMain] s.w.s.m.m.a.RequestMappingHandlerMapping : Mapped "{[/error]}" onto public org.springframework.http.ResponseEntity<java.util.Map<java.lang.String, java.lang.Object>> org.springframework.boot.autoconfigure.web.BasicErrorController.error(javax.servlet.http.HttpServletRequest)
2016-08-23 17:21:43.371  INFO 78150 --- [  restartedMain] s.w.s.m.m.a.RequestMappingHandlerMapping : Mapped "{[/error],produces=[text/html]}" onto public org.springframework.web.servlet.ModelAndView org.springframework.boot.autoconfigure.web.BasicErrorController.errorHtml(javax.servlet.http.HttpServletRequest,javax.servlet.http.HttpServletResponse)
2016-08-23 17:21:43.378  INFO 78150 --- [  restartedMain] o.s.w.s.c.a.WebMvcConfigurerAdapter      : Adding welcome page: class path resource [static/index.html]
2016-08-23 17:21:43.386  INFO 78150 --- [  restartedMain] o.s.w.s.handler.SimpleUrlHandlerMapping  : Root mapping to handler of type [class org.springframework.web.servlet.mvc.ParameterizableViewController]
2016-08-23 17:21:43.399  INFO 78150 --- [  restartedMain] o.s.w.s.handler.SimpleUrlHandlerMapping  : Mapped URL path [/webjars/**] onto handler of type [class org.springframework.web.servlet.resource.ResourceHttpRequestHandler]
2016-08-23 17:21:43.400  INFO 78150 --- [  restartedMain] o.s.w.s.handler.SimpleUrlHandlerMapping  : Mapped URL path [/**] onto handler of type [class org.springframework.web.servlet.resource.ResourceHttpRequestHandler]
2016-08-23 17:21:43.416  INFO 78150 --- [  restartedMain] .m.m.a.ExceptionHandlerExceptionResolver : Detected @ExceptionHandler methods in repositoryRestExceptionHandler
2016-08-23 17:21:43.439  INFO 78150 --- [  restartedMain] o.s.w.s.handler.SimpleUrlHandlerMapping  : Mapped URL path [/**/favicon.ico] onto handler of type [class org.springframework.web.servlet.resource.ResourceHttpRequestHandler]
2016-08-23 17:21:43.645  INFO 78150 --- [  restartedMain] o.s.d.r.w.RepositoryRestHandlerAdapter   : Looking for @ControllerAdvice: org.springframework.boot.context.embedded.AnnotationConfigEmbeddedWebApplicationContext@c0006ab: startup date [Tue Aug 23 17:21:38 IST 2016]; root of context hierarchy
2016-08-23 17:21:43.659  INFO 78150 --- [  restartedMain] o.s.d.r.w.RepositoryRestHandlerMapping   : Mapped "{[/{repository}],methods=[OPTIONS],produces=[application/hal+json || application/json || application/*+json;charset=UTF-8]}" onto public org.springframework.http.ResponseEntity<?> org.springframework.data.rest.webmvc.RepositoryEntityController.optionsForCollectionResource(org.springframework.data.rest.webmvc.RootResourceInformation)
2016-08-23 17:21:43.659  INFO 78150 --- [  restartedMain] o.s.d.r.w.RepositoryRestHandlerMapping   : Mapped "{[/{repository}],methods=[HEAD],produces=[application/hal+json || application/json || application/*+json;charset=UTF-8]}" onto public org.springframework.http.ResponseEntity<?> org.springframework.data.rest.webmvc.RepositoryEntityController.headCollectionResource(org.springframework.data.rest.webmvc.RootResourceInformation,org.springframework.data.rest.webmvc.support.DefaultedPageable) throws org.springframework.web.HttpRequestMethodNotSupportedException
2016-08-23 17:21:43.660  INFO 78150 --- [  restartedMain] o.s.d.r.w.RepositoryRestHandlerMapping   : Mapped "{[/{repository}],methods=[GET],produces=[application/hal+json || application/json || application/*+json;charset=UTF-8]}" onto public org.springframework.hateoas.Resources<?> org.springframework.data.rest.webmvc.RepositoryEntityController.getCollectionResource(org.springframework.data.rest.webmvc.RootResourceInformation,org.springframework.data.rest.webmvc.support.DefaultedPageable,org.springframework.data.domain.Sort,org.springframework.data.rest.webmvc.PersistentEntityResourceAssembler) throws org.springframework.data.rest.webmvc.ResourceNotFoundException,org.springframework.web.HttpRequestMethodNotSupportedException
2016-08-23 17:21:43.660  INFO 78150 --- [  restartedMain] o.s.d.r.w.RepositoryRestHandlerMapping   : Mapped "{[/{repository}],methods=[GET],produces=[application/x-spring-data-compact+json || text/uri-list]}" onto public org.springframework.hateoas.Resources<?> org.springframework.data.rest.webmvc.RepositoryEntityController.getCollectionResourceCompact(org.springframework.data.rest.webmvc.RootResourceInformation,org.springframework.data.rest.webmvc.support.DefaultedPageable,org.springframework.data.domain.Sort,org.springframework.data.rest.webmvc.PersistentEntityResourceAssembler) throws org.springframework.data.rest.webmvc.ResourceNotFoundException,org.springframework.web.HttpRequestMethodNotSupportedException
2016-08-23 17:21:43.661  INFO 78150 --- [  restartedMain] o.s.d.r.w.RepositoryRestHandlerMapping   : Mapped "{[/{repository}],methods=[POST],produces=[application/hal+json || application/json || application/*+json;charset=UTF-8]}" onto public org.springframework.http.ResponseEntity<org.springframework.hateoas.ResourceSupport> org.springframework.data.rest.webmvc.RepositoryEntityController.postCollectionResource(org.springframework.data.rest.webmvc.RootResourceInformation,org.springframework.data.rest.webmvc.PersistentEntityResource,org.springframework.data.rest.webmvc.PersistentEntityResourceAssembler,java.lang.String) throws org.springframework.web.HttpRequestMethodNotSupportedException
2016-08-23 17:21:43.661  INFO 78150 --- [  restartedMain] o.s.d.r.w.RepositoryRestHandlerMapping   : Mapped "{[/{repository}/{id}],methods=[OPTIONS],produces=[application/hal+json || application/json || application/*+json;charset=UTF-8]}" onto public org.springframework.http.ResponseEntity<?> org.springframework.data.rest.webmvc.RepositoryEntityController.optionsForItemResource(org.springframework.data.rest.webmvc.RootResourceInformation)
2016-08-23 17:21:43.662  INFO 78150 --- [  restartedMain] o.s.d.r.w.RepositoryRestHandlerMapping   : Mapped "{[/{repository}/{id}],methods=[HEAD],produces=[application/hal+json || application/json || application/*+json;charset=UTF-8]}" onto public org.springframework.http.ResponseEntity<?> org.springframework.data.rest.webmvc.RepositoryEntityController.headForItemResource(org.springframework.data.rest.webmvc.RootResourceInformation,java.io.Serializable,org.springframework.data.rest.webmvc.PersistentEntityResourceAssembler) throws org.springframework.web.HttpRequestMethodNotSupportedException
2016-08-23 17:21:43.662  INFO 78150 --- [  restartedMain] o.s.d.r.w.RepositoryRestHandlerMapping   : Mapped "{[/{repository}/{id}],methods=[GET],produces=[application/hal+json || application/json || application/*+json;charset=UTF-8]}" onto public org.springframework.http.ResponseEntity<org.springframework.hateoas.Resource<?>> org.springframework.data.rest.webmvc.RepositoryEntityController.getItemResource(org.springframework.data.rest.webmvc.RootResourceInformation,java.io.Serializable,org.springframework.data.rest.webmvc.PersistentEntityResourceAssembler,org.springframework.util.MultiValueMap<java.lang.String, java.lang.String>) throws org.springframework.web.HttpRequestMethodNotSupportedException
2016-08-23 17:21:43.662  INFO 78150 --- [  restartedMain] o.s.d.r.w.RepositoryRestHandlerMapping   : Mapped "{[/{repository}/{id}],methods=[PUT],produces=[application/hal+json || application/json || application/*+json;charset=UTF-8]}" onto public org.springframework.http.ResponseEntity<? extends org.springframework.hateoas.ResourceSupport> org.springframework.data.rest.webmvc.RepositoryEntityController.putItemResource(org.springframework.data.rest.webmvc.RootResourceInformation,org.springframework.data.rest.webmvc.PersistentEntityResource,java.io.Serializable,org.springframework.data.rest.webmvc.PersistentEntityResourceAssembler,org.springframework.data.rest.webmvc.support.ETag,java.lang.String) throws org.springframework.web.HttpRequestMethodNotSupportedException
2016-08-23 17:21:43.663  INFO 78150 --- [  restartedMain] o.s.d.r.w.RepositoryRestHandlerMapping   : Mapped "{[/{repository}/{id}],methods=[PATCH],produces=[application/hal+json || application/json || application/*+json;charset=UTF-8]}" onto public org.springframework.http.ResponseEntity<org.springframework.hateoas.ResourceSupport> org.springframework.data.rest.webmvc.RepositoryEntityController.patchItemResource(org.springframework.data.rest.webmvc.RootResourceInformation,org.springframework.data.rest.webmvc.PersistentEntityResource,java.io.Serializable,org.springframework.data.rest.webmvc.PersistentEntityResourceAssembler,org.springframework.data.rest.webmvc.support.ETag,java.lang.String) throws org.springframework.web.HttpRequestMethodNotSupportedException,org.springframework.data.rest.webmvc.ResourceNotFoundException
2016-08-23 17:21:43.663  INFO 78150 --- [  restartedMain] o.s.d.r.w.RepositoryRestHandlerMapping   : Mapped "{[/{repository}/{id}],methods=[DELETE],produces=[application/hal+json || application/json || application/*+json;charset=UTF-8]}" onto public org.springframework.http.ResponseEntity<?> org.springframework.data.rest.webmvc.RepositoryEntityController.deleteItemResource(org.springframework.data.rest.webmvc.RootResourceInformation,java.io.Serializable,org.springframework.data.rest.webmvc.support.ETag) throws org.springframework.data.rest.webmvc.ResourceNotFoundException,org.springframework.web.HttpRequestMethodNotSupportedException
2016-08-23 17:21:43.664  INFO 78150 --- [  restartedMain] o.s.d.r.w.RepositoryRestHandlerMapping   : Mapped "{[/ || ],methods=[OPTIONS],produces=[application/hal+json || application/json || application/*+json;charset=UTF-8]}" onto public org.springframework.http.HttpEntity<?> org.springframework.data.rest.webmvc.RepositoryController.optionsForRepositories()
2016-08-23 17:21:43.665  INFO 78150 --- [  restartedMain] o.s.d.r.w.RepositoryRestHandlerMapping   : Mapped "{[/ || ],methods=[HEAD],produces=[application/hal+json || application/json || application/*+json;charset=UTF-8]}" onto public org.springframework.http.ResponseEntity<?> org.springframework.data.rest.webmvc.RepositoryController.headForRepositories()
2016-08-23 17:21:43.665  INFO 78150 --- [  restartedMain] o.s.d.r.w.RepositoryRestHandlerMapping   : Mapped "{[/ || ],methods=[GET],produces=[application/hal+json || application/json || application/*+json;charset=UTF-8]}" onto public org.springframework.http.HttpEntity<org.springframework.data.rest.webmvc.RepositoryLinksResource> org.springframework.data.rest.webmvc.RepositoryController.listRepositories()
2016-08-23 17:21:43.668  INFO 78150 --- [  restartedMain] o.s.d.r.w.RepositoryRestHandlerMapping   : Mapped "{[/{repository}/{id}/{property}],methods=[GET],produces=[application/x-spring-data-compact+json || text/uri-list]}" onto public org.springframework.http.ResponseEntity<org.springframework.hateoas.ResourceSupport> org.springframework.data.rest.webmvc.RepositoryPropertyReferenceController.followPropertyReferenceCompact(org.springframework.data.rest.webmvc.RootResourceInformation,java.io.Serializable,java.lang.String,org.springframework.data.rest.webmvc.PersistentEntityResourceAssembler) throws java.lang.Exception
2016-08-23 17:21:43.668  INFO 78150 --- [  restartedMain] o.s.d.r.w.RepositoryRestHandlerMapping   : Mapped "{[/{repository}/{id}/{property}],methods=[PATCH || PUT || POST],consumes=[application/json || application/x-spring-data-compact+json || text/uri-list],produces=[application/hal+json || application/json || application/*+json;charset=UTF-8]}" onto public org.springframework.http.ResponseEntity<? extends org.springframework.hateoas.ResourceSupport> org.springframework.data.rest.webmvc.RepositoryPropertyReferenceController.createPropertyReference(org.springframework.data.rest.webmvc.RootResourceInformation,org.springframework.http.HttpMethod,org.springframework.hateoas.Resources<java.lang.Object>,java.io.Serializable,java.lang.String) throws java.lang.Exception
2016-08-23 17:21:43.669  INFO 78150 --- [  restartedMain] o.s.d.r.w.RepositoryRestHandlerMapping   : Mapped "{[/{repository}/{id}/{property}/{propertyId}],methods=[DELETE],produces=[application/hal+json || application/json || application/*+json;charset=UTF-8]}" onto public org.springframework.http.ResponseEntity<org.springframework.hateoas.ResourceSupport> org.springframework.data.rest.webmvc.RepositoryPropertyReferenceController.deletePropertyReferenceId(org.springframework.data.rest.webmvc.RootResourceInformation,java.io.Serializable,java.lang.String,java.lang.String) throws java.lang.Exception
2016-08-23 17:21:43.669  INFO 78150 --- [  restartedMain] o.s.d.r.w.RepositoryRestHandlerMapping   : Mapped "{[/{repository}/{id}/{property}],methods=[GET],produces=[application/hal+json || application/json || application/*+json;charset=UTF-8]}" onto public org.springframework.http.ResponseEntity<org.springframework.hateoas.ResourceSupport> org.springframework.data.rest.webmvc.RepositoryPropertyReferenceController.followPropertyReference(org.springframework.data.rest.webmvc.RootResourceInformation,java.io.Serializable,java.lang.String,org.springframework.data.rest.webmvc.PersistentEntityResourceAssembler) throws java.lang.Exception
2016-08-23 17:21:43.669  INFO 78150 --- [  restartedMain] o.s.d.r.w.RepositoryRestHandlerMapping   : Mapped "{[/{repository}/{id}/{property}/{propertyId}],methods=[GET],produces=[application/hal+json || application/json || application/*+json;charset=UTF-8]}" onto public org.springframework.http.ResponseEntity<org.springframework.hateoas.ResourceSupport> org.springframework.data.rest.webmvc.RepositoryPropertyReferenceController.followPropertyReference(org.springframework.data.rest.webmvc.RootResourceInformation,java.io.Serializable,java.lang.String,java.lang.String,org.springframework.data.rest.webmvc.PersistentEntityResourceAssembler) throws java.lang.Exception
2016-08-23 17:21:43.670  INFO 78150 --- [  restartedMain] o.s.d.r.w.RepositoryRestHandlerMapping   : Mapped "{[/{repository}/{id}/{property}],methods=[DELETE],produces=[application/hal+json || application/json || application/*+json;charset=UTF-8]}" onto public org.springframework.http.ResponseEntity<? extends org.springframework.hateoas.ResourceSupport> org.springframework.data.rest.webmvc.RepositoryPropertyReferenceController.deletePropertyReference(org.springframework.data.rest.webmvc.RootResourceInformation,java.io.Serializable,java.lang.String) throws java.lang.Exception
2016-08-23 17:21:43.674  INFO 78150 --- [  restartedMain] o.s.d.r.w.RepositoryRestHandlerMapping   : Mapped "{[/{repository}/search],methods=[HEAD],produces=[application/hal+json || application/json || application/*+json;charset=UTF-8]}" onto public org.springframework.http.HttpEntity<?> org.springframework.data.rest.webmvc.RepositorySearchController.headForSearches(org.springframework.data.rest.webmvc.RootResourceInformation)
2016-08-23 17:21:43.675  INFO 78150 --- [  restartedMain] o.s.d.r.w.RepositoryRestHandlerMapping   : Mapped "{[/{repository}/search],methods=[OPTIONS],produces=[application/hal+json || application/json || application/*+json;charset=UTF-8]}" onto public org.springframework.http.HttpEntity<?> org.springframework.data.rest.webmvc.RepositorySearchController.optionsForSearches(org.springframework.data.rest.webmvc.RootResourceInformation)
2016-08-23 17:21:43.675  INFO 78150 --- [  restartedMain] o.s.d.r.w.RepositoryRestHandlerMapping   : Mapped "{[/{repository}/search],methods=[GET],produces=[application/hal+json || application/json || application/*+json;charset=UTF-8]}" onto public org.springframework.data.rest.webmvc.RepositorySearchesResource org.springframework.data.rest.webmvc.RepositorySearchController.listSearches(org.springframework.data.rest.webmvc.RootResourceInformation)
2016-08-23 17:21:43.676  INFO 78150 --- [  restartedMain] o.s.d.r.w.RepositoryRestHandlerMapping   : Mapped "{[/{repository}/search/{search}],methods=[GET],produces=[application/hal+json || application/json || application/*+json;charset=UTF-8]}" onto public org.springframework.http.ResponseEntity<java.lang.Object> org.springframework.data.rest.webmvc.RepositorySearchController.executeSearch(org.springframework.data.rest.webmvc.RootResourceInformation,org.springframework.util.MultiValueMap<java.lang.String, java.lang.Object>,java.lang.String,org.springframework.data.rest.webmvc.support.DefaultedPageable,org.springframework.data.domain.Sort,org.springframework.data.rest.webmvc.PersistentEntityResourceAssembler)
2016-08-23 17:21:43.676  INFO 78150 --- [  restartedMain] o.s.d.r.w.RepositoryRestHandlerMapping   : Mapped "{[/{repository}/search/{search}],methods=[GET],produces=[application/x-spring-data-compact+json]}" onto public org.springframework.hateoas.ResourceSupport org.springframework.data.rest.webmvc.RepositorySearchController.executeSearchCompact(org.springframework.data.rest.webmvc.RootResourceInformation,org.springframework.util.MultiValueMap<java.lang.String, java.lang.Object>,java.lang.String,java.lang.String,org.springframework.data.rest.webmvc.support.DefaultedPageable,org.springframework.data.domain.Sort,org.springframework.data.rest.webmvc.PersistentEntityResourceAssembler)
2016-08-23 17:21:43.676  INFO 78150 --- [  restartedMain] o.s.d.r.w.RepositoryRestHandlerMapping   : Mapped "{[/{repository}/search/{search}],methods=[OPTIONS],produces=[application/hal+json || application/json || application/*+json;charset=UTF-8]}" onto public org.springframework.http.ResponseEntity<java.lang.Object> org.springframework.data.rest.webmvc.RepositorySearchController.optionsForSearch(org.springframework.data.rest.webmvc.RootResourceInformation,java.lang.String)
2016-08-23 17:21:43.676  INFO 78150 --- [  restartedMain] o.s.d.r.w.RepositoryRestHandlerMapping   : Mapped "{[/{repository}/search/{search}],methods=[HEAD],produces=[application/hal+json || application/json || application/*+json;charset=UTF-8]}" onto public org.springframework.http.ResponseEntity<java.lang.Object> org.springframework.data.rest.webmvc.RepositorySearchController.headForSearch(org.springframework.data.rest.webmvc.RootResourceInformation,java.lang.String)
2016-08-23 17:21:43.681  INFO 78150 --- [  restartedMain] o.s.d.r.w.BasePathAwareHandlerMapping    : Mapped "{[/profile],methods=[OPTIONS]}" onto public org.springframework.http.HttpEntity<?> org.springframework.data.rest.webmvc.ProfileController.profileOptions()
2016-08-23 17:21:43.682  INFO 78150 --- [  restartedMain] o.s.d.r.w.BasePathAwareHandlerMapping    : Mapped "{[/profile],methods=[GET]}" onto org.springframework.http.HttpEntity<org.springframework.hateoas.ResourceSupport> org.springframework.data.rest.webmvc.ProfileController.listAllFormsOfMetadata()
2016-08-23 17:21:43.683  INFO 78150 --- [  restartedMain] o.s.d.r.w.BasePathAwareHandlerMapping    : Mapped "{[/profile/{repository}],methods=[GET],produces=[application/schema+json]}" onto public org.springframework.http.HttpEntity<org.springframework.data.rest.webmvc.json.JsonSchema> org.springframework.data.rest.webmvc.RepositorySchemaController.schema(org.springframework.data.rest.webmvc.RootResourceInformation)
2016-08-23 17:21:43.685  INFO 78150 --- [  restartedMain] o.s.d.r.w.BasePathAwareHandlerMapping    : Mapped "{[/profile/{repository}],methods=[GET],produces=[application/alps+json || */*]}" onto org.springframework.http.HttpEntity<org.springframework.data.rest.webmvc.RootResourceInformation> org.springframework.data.rest.webmvc.alps.AlpsController.descriptor(org.springframework.data.rest.webmvc.RootResourceInformation)
2016-08-23 17:21:43.685  INFO 78150 --- [  restartedMain] o.s.d.r.w.BasePathAwareHandlerMapping    : Mapped "{[/profile/{repository}],methods=[OPTIONS],produces=[application/alps+json]}" onto org.springframework.http.HttpEntity<?> org.springframework.data.rest.webmvc.alps.AlpsController.alpsOptions()
2016-08-23 17:21:43.708  INFO 78150 --- [  restartedMain] .m.m.a.ExceptionHandlerExceptionResolver : Detected @ExceptionHandler methods in repositoryRestExceptionHandler
2016-08-23 17:21:43.783  WARN 78150 --- [  restartedMain] o.s.b.d.a.OptionalLiveReloadServer       : Unable to start LiveReload server
2016-08-23 17:21:43.845  INFO 78150 --- [  restartedMain] o.s.j.e.a.AnnotationMBeanExporter        : Registering beans for JMX exposure on startup
2016-08-23 17:21:43.855  INFO 78150 --- [  restartedMain] o.s.c.support.DefaultLifecycleProcessor  : Starting beans in phase -2147482648
2016-08-23 17:21:43.856  INFO 78150 --- [  restartedMain] o.s.c.support.DefaultLifecycleProcessor  : Starting beans in phase 2147483647
2016-08-23 17:21:43.873 ERROR 78150 --- [cTaskExecutor-1] o.s.a.r.l.SimpleMessageListenerContainer : Failed to check/redeclare auto-delete queue(s).

org.springframework.amqp.AmqpConnectException: java.net.ConnectException: Connection refused
	at org.springframework.amqp.rabbit.support.RabbitExceptionTranslator.convertRabbitAccessException(RabbitExceptionTranslator.java:58) ~[spring-rabbit-1.5.4.RELEASE.jar:na]
	at org.springframework.amqp.rabbit.connection.AbstractConnectionFactory.createBareConnection(AbstractConnectionFactory.java:286) ~[spring-rabbit-1.5.4.RELEASE.jar:na]
	at org.springframework.amqp.rabbit.connection.CachingConnectionFactory.createConnection(CachingConnectionFactory.java:510) ~[spring-rabbit-1.5.4.RELEASE.jar:na]
	at org.springframework.amqp.rabbit.connection.ConnectionFactoryUtils$1.createConnection(ConnectionFactoryUtils.java:85) ~[spring-rabbit-1.5.4.RELEASE.jar:na]
	at org.springframework.amqp.rabbit.connection.ConnectionFactoryUtils.doGetTransactionalResourceHolder(ConnectionFactoryUtils.java:135) ~[spring-rabbit-1.5.4.RELEASE.jar:na]
	at org.springframework.amqp.rabbit.connection.ConnectionFactoryUtils.getTransactionalResourceHolder(ConnectionFactoryUtils.java:71) ~[spring-rabbit-1.5.4.RELEASE.jar:na]
	at org.springframework.amqp.rabbit.core.RabbitTemplate.doExecute(RabbitTemplate.java:1278) ~[spring-rabbit-1.5.4.RELEASE.jar:na]
	at org.springframework.amqp.rabbit.core.RabbitTemplate.execute(RabbitTemplate.java:1271) ~[spring-rabbit-1.5.4.RELEASE.jar:na]
	at org.springframework.amqp.rabbit.core.RabbitTemplate.execute(RabbitTemplate.java:1247) ~[spring-rabbit-1.5.4.RELEASE.jar:na]
	at org.springframework.amqp.rabbit.core.RabbitAdmin.getQueueProperties(RabbitAdmin.java:278) ~[spring-rabbit-1.5.4.RELEASE.jar:na]
	at org.springframework.amqp.rabbit.listener.SimpleMessageListenerContainer.redeclareElementsIfNecessary(SimpleMessageListenerContainer.java:1041) [spring-rabbit-1.5.4.RELEASE.jar:na]
	at org.springframework.amqp.rabbit.listener.SimpleMessageListenerContainer.access$700(SimpleMessageListenerContainer.java:93) [spring-rabbit-1.5.4.RELEASE.jar:na]
	at org.springframework.amqp.rabbit.listener.SimpleMessageListenerContainer$AsyncMessageProcessingConsumer.run(SimpleMessageListenerContainer.java:1169) [spring-rabbit-1.5.4.RELEASE.jar:na]
	at java.lang.Thread.run(Thread.java:745) [na:1.8.0_74]
Caused by: java.net.ConnectException: Connection refused
	at java.net.PlainSocketImpl.socketConnect(Native Method) ~[na:1.8.0_74]
	at java.net.AbstractPlainSocketImpl.doConnect(AbstractPlainSocketImpl.java:350) ~[na:1.8.0_74]
	at java.net.AbstractPlainSocketImpl.connectToAddress(AbstractPlainSocketImpl.java:206) ~[na:1.8.0_74]
	at java.net.AbstractPlainSocketImpl.connect(AbstractPlainSocketImpl.java:188) ~[na:1.8.0_74]
	at java.net.SocksSocketImpl.connect(SocksSocketImpl.java:392) ~[na:1.8.0_74]
	at java.net.Socket.connect(Socket.java:589) ~[na:1.8.0_74]
	at com.rabbitmq.client.impl.FrameHandlerFactory.create(FrameHandlerFactory.java:32) ~[amqp-client-3.5.7.jar:na]
	at com.rabbitmq.client.ConnectionFactory.newConnection(ConnectionFactory.java:645) ~[amqp-client-3.5.7.jar:na]
	at com.rabbitmq.client.ConnectionFactory.newConnection(ConnectionFactory.java:694) ~[amqp-client-3.5.7.jar:na]
	at org.springframework.amqp.rabbit.connection.AbstractConnectionFactory.createBareConnection(AbstractConnectionFactory.java:277) ~[spring-rabbit-1.5.4.RELEASE.jar:na]
	... 12 common frames omitted

2016-08-23 17:21:43.926 ERROR 78150 --- [  restartedMain] o.a.coyote.http11.Http11NioProtocol      : Failed to start end point associated with ProtocolHandler ["http-nio-8080"]

java.net.BindException: Address already in use
	at sun.nio.ch.Net.bind0(Native Method) ~[na:1.8.0_74]
	at sun.nio.ch.Net.bind(Net.java:433) ~[na:1.8.0_74]
	at sun.nio.ch.Net.bind(Net.java:425) ~[na:1.8.0_74]
	at sun.nio.ch.ServerSocketChannelImpl.bind(ServerSocketChannelImpl.java:223) ~[na:1.8.0_74]
	at sun.nio.ch.ServerSocketAdaptor.bind(ServerSocketAdaptor.java:74) ~[na:1.8.0_74]
	at org.apache.tomcat.util.net.NioEndpoint.bind(NioEndpoint.java:340) ~[tomcat-embed-core-8.0.32.jar:8.0.32]
	at org.apache.tomcat.util.net.AbstractEndpoint.start(AbstractEndpoint.java:765) ~[tomcat-embed-core-8.0.32.jar:8.0.32]
	at org.apache.coyote.AbstractProtocol.start(AbstractProtocol.java:473) ~[tomcat-embed-core-8.0.32.jar:8.0.32]
	at org.apache.catalina.connector.Connector.startInternal(Connector.java:986) [tomcat-embed-core-8.0.32.jar:8.0.32]
	at org.apache.catalina.util.LifecycleBase.start(LifecycleBase.java:147) [tomcat-embed-core-8.0.32.jar:8.0.32]
	at org.apache.catalina.core.StandardService.addConnector(StandardService.java:239) [tomcat-embed-core-8.0.32.jar:8.0.32]
	at org.springframework.boot.context.embedded.tomcat.TomcatEmbeddedServletContainer.addPreviouslyRemovedConnectors(TomcatEmbeddedServletContainer.java:194) [spring-boot-1.3.3.RELEASE.jar:1.3.3.RELEASE]
	at org.springframework.boot.context.embedded.tomcat.TomcatEmbeddedServletContainer.start(TomcatEmbeddedServletContainer.java:151) [spring-boot-1.3.3.RELEASE.jar:1.3.3.RELEASE]
	at org.springframework.boot.context.embedded.EmbeddedWebApplicationContext.startEmbeddedServletContainer(EmbeddedWebApplicationContext.java:293) [spring-boot-1.3.3.RELEASE.jar:1.3.3.RELEASE]
	at org.springframework.boot.context.embedded.EmbeddedWebApplicationContext.finishRefresh(EmbeddedWebApplicationContext.java:141) [spring-boot-1.3.3.RELEASE.jar:1.3.3.RELEASE]
	at org.springframework.context.support.AbstractApplicationContext.refresh(AbstractApplicationContext.java:541) [spring-context-4.2.5.RELEASE.jar:4.2.5.RELEASE]
	at org.springframework.boot.context.embedded.EmbeddedWebApplicationContext.refresh(EmbeddedWebApplicationContext.java:118) [spring-boot-1.3.3.RELEASE.jar:1.3.3.RELEASE]
	at org.springframework.boot.SpringApplication.refresh(SpringApplication.java:766) [spring-boot-1.3.3.RELEASE.jar:1.3.3.RELEASE]
	at org.springframework.boot.SpringApplication.createAndRefreshContext(SpringApplication.java:361) [spring-boot-1.3.3.RELEASE.jar:1.3.3.RELEASE]
	at org.springframework.boot.SpringApplication.run(SpringApplication.java:307) [spring-boot-1.3.3.RELEASE.jar:1.3.3.RELEASE]
	at org.springframework.boot.SpringApplication.run(SpringApplication.java:1191) [spring-boot-1.3.3.RELEASE.jar:1.3.3.RELEASE]
	at org.springframework.boot.SpringApplication.run(SpringApplication.java:1180) [spring-boot-1.3.3.RELEASE.jar:1.3.3.RELEASE]
	at com.matlb.MatlbApplication.main(MatlbApplication.java:21) [main/:na]
	at sun.reflect.NativeMethodAccessorImpl.invoke0(Native Method) ~[na:1.8.0_74]
	at sun.reflect.NativeMethodAccessorImpl.invoke(NativeMethodAccessorImpl.java:62) ~[na:1.8.0_74]
	at sun.reflect.DelegatingMethodAccessorImpl.invoke(DelegatingMethodAccessorImpl.java:43) ~[na:1.8.0_74]
	at java.lang.reflect.Method.invoke(Method.java:498) ~[na:1.8.0_74]
	at org.springframework.boot.devtools.restart.RestartLauncher.run(RestartLauncher.java:49) [spring-boot-devtools-1.3.3.RELEASE.jar:1.3.3.RELEASE]

2016-08-23 17:21:43.928 ERROR 78150 --- [  restartedMain] o.apache.catalina.core.StandardService   : Failed to start connector [Connector[HTTP/1.1-8080]]

org.apache.catalina.LifecycleException: Failed to start component [Connector[HTTP/1.1-8080]]
	at org.apache.catalina.util.LifecycleBase.start(LifecycleBase.java:153) ~[tomcat-embed-core-8.0.32.jar:8.0.32]
	at org.apache.catalina.core.StandardService.addConnector(StandardService.java:239) ~[tomcat-embed-core-8.0.32.jar:8.0.32]
	at org.springframework.boot.context.embedded.tomcat.TomcatEmbeddedServletContainer.addPreviouslyRemovedConnectors(TomcatEmbeddedServletContainer.java:194) [spring-boot-1.3.3.RELEASE.jar:1.3.3.RELEASE]
	at org.springframework.boot.context.embedded.tomcat.TomcatEmbeddedServletContainer.start(TomcatEmbeddedServletContainer.java:151) [spring-boot-1.3.3.RELEASE.jar:1.3.3.RELEASE]
	at org.springframework.boot.context.embedded.EmbeddedWebApplicationContext.startEmbeddedServletContainer(EmbeddedWebApplicationContext.java:293) [spring-boot-1.3.3.RELEASE.jar:1.3.3.RELEASE]
	at org.springframework.boot.context.embedded.EmbeddedWebApplicationContext.finishRefresh(EmbeddedWebApplicationContext.java:141) [spring-boot-1.3.3.RELEASE.jar:1.3.3.RELEASE]
	at org.springframework.context.support.AbstractApplicationContext.refresh(AbstractApplicationContext.java:541) [spring-context-4.2.5.RELEASE.jar:4.2.5.RELEASE]
	at org.springframework.boot.context.embedded.EmbeddedWebApplicationContext.refresh(EmbeddedWebApplicationContext.java:118) [spring-boot-1.3.3.RELEASE.jar:1.3.3.RELEASE]
	at org.springframework.boot.SpringApplication.refresh(SpringApplication.java:766) [spring-boot-1.3.3.RELEASE.jar:1.3.3.RELEASE]
	at org.springframework.boot.SpringApplication.createAndRefreshContext(SpringApplication.java:361) [spring-boot-1.3.3.RELEASE.jar:1.3.3.RELEASE]
	at org.springframework.boot.SpringApplication.run(SpringApplication.java:307) [spring-boot-1.3.3.RELEASE.jar:1.3.3.RELEASE]
	at org.springframework.boot.SpringApplication.run(SpringApplication.java:1191) [spring-boot-1.3.3.RELEASE.jar:1.3.3.RELEASE]
	at org.springframework.boot.SpringApplication.run(SpringApplication.java:1180) [spring-boot-1.3.3.RELEASE.jar:1.3.3.RELEASE]
	at com.matlb.MatlbApplication.main(MatlbApplication.java:21) [main/:na]
	at sun.reflect.NativeMethodAccessorImpl.invoke0(Native Method) ~[na:1.8.0_74]
	at sun.reflect.NativeMethodAccessorImpl.invoke(NativeMethodAccessorImpl.java:62) ~[na:1.8.0_74]
	at sun.reflect.DelegatingMethodAccessorImpl.invoke(DelegatingMethodAccessorImpl.java:43) ~[na:1.8.0_74]
	at java.lang.reflect.Method.invoke(Method.java:498) ~[na:1.8.0_74]
	at org.springframework.boot.devtools.restart.RestartLauncher.run(RestartLauncher.java:49) [spring-boot-devtools-1.3.3.RELEASE.jar:1.3.3.RELEASE]
Caused by: org.apache.catalina.LifecycleException: service.getName(): "Tomcat";  Protocol handler start failed
	at org.apache.catalina.connector.Connector.startInternal(Connector.java:993) ~[tomcat-embed-core-8.0.32.jar:8.0.32]
	at org.apache.catalina.util.LifecycleBase.start(LifecycleBase.java:147) ~[tomcat-embed-core-8.0.32.jar:8.0.32]
	... 18 common frames omitted
Caused by: java.net.BindException: Address already in use
	at sun.nio.ch.Net.bind0(Native Method) ~[na:1.8.0_74]
	at sun.nio.ch.Net.bind(Net.java:433) ~[na:1.8.0_74]
	at sun.nio.ch.Net.bind(Net.java:425) ~[na:1.8.0_74]
	at sun.nio.ch.ServerSocketChannelImpl.bind(ServerSocketChannelImpl.java:223) ~[na:1.8.0_74]
	at sun.nio.ch.ServerSocketAdaptor.bind(ServerSocketAdaptor.java:74) ~[na:1.8.0_74]
	at org.apache.tomcat.util.net.NioEndpoint.bind(NioEndpoint.java:340) ~[tomcat-embed-core-8.0.32.jar:8.0.32]
	at org.apache.tomcat.util.net.AbstractEndpoint.start(AbstractEndpoint.java:765) ~[tomcat-embed-core-8.0.32.jar:8.0.32]
	at org.apache.coyote.AbstractProtocol.start(AbstractProtocol.java:473) ~[tomcat-embed-core-8.0.32.jar:8.0.32]
	at org.apache.catalina.connector.Connector.startInternal(Connector.java:986) ~[tomcat-embed-core-8.0.32.jar:8.0.32]
	... 19 common frames omitted

2016-08-23 17:21:43.939  INFO 78150 --- [  restartedMain] o.apache.catalina.core.StandardService   : Stopping service Tomcat
2016-08-23 17:21:43.947 ERROR 78150 --- [  restartedMain] o.s.boot.SpringApplication               : Application startup failed

org.springframework.boot.context.embedded.EmbeddedServletContainerException: Unable to start embedded Tomcat servlet container
	at org.springframework.boot.context.embedded.tomcat.TomcatEmbeddedServletContainer.start(TomcatEmbeddedServletContainer.java:165) ~[spring-boot-1.3.3.RELEASE.jar:1.3.3.RELEASE]
	at org.springframework.boot.context.embedded.EmbeddedWebApplicationContext.startEmbeddedServletContainer(EmbeddedWebApplicationContext.java:293) ~[spring-boot-1.3.3.RELEASE.jar:1.3.3.RELEASE]
	at org.springframework.boot.context.embedded.EmbeddedWebApplicationContext.finishRefresh(EmbeddedWebApplicationContext.java:141) ~[spring-boot-1.3.3.RELEASE.jar:1.3.3.RELEASE]
	at org.springframework.context.support.AbstractApplicationContext.refresh(AbstractApplicationContext.java:541) ~[spring-context-4.2.5.RELEASE.jar:4.2.5.RELEASE]
	at org.springframework.boot.context.embedded.EmbeddedWebApplicationContext.refresh(EmbeddedWebApplicationContext.java:118) ~[spring-boot-1.3.3.RELEASE.jar:1.3.3.RELEASE]
	at org.springframework.boot.SpringApplication.refresh(SpringApplication.java:766) [spring-boot-1.3.3.RELEASE.jar:1.3.3.RELEASE]
	at org.springframework.boot.SpringApplication.createAndRefreshContext(SpringApplication.java:361) [spring-boot-1.3.3.RELEASE.jar:1.3.3.RELEASE]
	at org.springframework.boot.SpringApplication.run(SpringApplication.java:307) [spring-boot-1.3.3.RELEASE.jar:1.3.3.RELEASE]
	at org.springframework.boot.SpringApplication.run(SpringApplication.java:1191) [spring-boot-1.3.3.RELEASE.jar:1.3.3.RELEASE]
	at org.springframework.boot.SpringApplication.run(SpringApplication.java:1180) [spring-boot-1.3.3.RELEASE.jar:1.3.3.RELEASE]
	at com.matlb.MatlbApplication.main(MatlbApplication.java:21) [main/:na]
	at sun.reflect.NativeMethodAccessorImpl.invoke0(Native Method) ~[na:1.8.0_74]
	at sun.reflect.NativeMethodAccessorImpl.invoke(NativeMethodAccessorImpl.java:62) ~[na:1.8.0_74]
	at sun.reflect.DelegatingMethodAccessorImpl.invoke(DelegatingMethodAccessorImpl.java:43) ~[na:1.8.0_74]
	at java.lang.reflect.Method.invoke(Method.java:498) ~[na:1.8.0_74]
	at org.springframework.boot.devtools.restart.RestartLauncher.run(RestartLauncher.java:49) [spring-boot-devtools-1.3.3.RELEASE.jar:1.3.3.RELEASE]
Caused by: java.lang.IllegalStateException: Tomcat connector in failed state
	at org.springframework.boot.context.embedded.tomcat.TomcatEmbeddedServletContainer.start(TomcatEmbeddedServletContainer.java:159) ~[spring-boot-1.3.3.RELEASE.jar:1.3.3.RELEASE]
	... 15 common frames omitted

2016-08-23 17:21:43.949  INFO 78150 --- [  restartedMain] .b.l.ClasspathLoggingApplicationListener : Application failed to start with classpath: [file:/Users/prassingh/Matlb/build/classes/main/, file:/Users/prassingh/Matlb/build/resources/main/]
2016-08-23 17:21:48.951  WARN 78150 --- [cTaskExecutor-1] o.s.a.r.l.SimpleMessageListenerContainer : Consumer raised exception, processing can restart if the connection factory supports it. Exception summary: org.springframework.amqp.AmqpConnectException: java.net.ConnectException: Connection refused
2016-08-23 17:21:48.953  INFO 78150 --- [cTaskExecutor-1] o.s.a.r.l.SimpleMessageListenerContainer : Restarting Consumer: tags=[{}], channel=null, acknowledgeMode=AUTO local queue size=0
2016-08-23 17:21:48.957 ERROR 78150 --- [cTaskExecutor-2] o.s.a.r.l.SimpleMessageListenerContainer : Failed to check/redeclare auto-delete queue(s).

org.springframework.amqp.AmqpConnectException: java.net.ConnectException: Connection refused
	at org.springframework.amqp.rabbit.support.RabbitExceptionTranslator.convertRabbitAccessException(RabbitExceptionTranslator.java:58) ~[spring-rabbit-1.5.4.RELEASE.jar:na]
	at org.springframework.amqp.rabbit.connection.AbstractConnectionFactory.createBareConnection(AbstractConnectionFactory.java:286) ~[spring-rabbit-1.5.4.RELEASE.jar:na]
	at org.springframework.amqp.rabbit.connection.CachingConnectionFactory.createConnection(CachingConnectionFactory.java:510) ~[spring-rabbit-1.5.4.RELEASE.jar:na]
	at org.springframework.amqp.rabbit.connection.ConnectionFactoryUtils$1.createConnection(ConnectionFactoryUtils.java:85) ~[spring-rabbit-1.5.4.RELEASE.jar:na]
	at org.springframework.amqp.rabbit.connection.ConnectionFactoryUtils.doGetTransactionalResourceHolder(ConnectionFactoryUtils.java:135) ~[spring-rabbit-1.5.4.RELEASE.jar:na]
	at org.springframework.amqp.rabbit.connection.ConnectionFactoryUtils.getTransactionalResourceHolder(ConnectionFactoryUtils.java:71) ~[spring-rabbit-1.5.4.RELEASE.jar:na]
	at org.springframework.amqp.rabbit.core.RabbitTemplate.doExecute(RabbitTemplate.java:1278) ~[spring-rabbit-1.5.4.RELEASE.jar:na]
	at org.springframework.amqp.rabbit.core.RabbitTemplate.execute(RabbitTemplate.java:1271) ~[spring-rabbit-1.5.4.RELEASE.jar:na]
	at org.springframework.amqp.rabbit.core.RabbitTemplate.execute(RabbitTemplate.java:1247) ~[spring-rabbit-1.5.4.RELEASE.jar:na]
	at org.springframework.amqp.rabbit.core.RabbitAdmin.getQueueProperties(RabbitAdmin.java:278) ~[spring-rabbit-1.5.4.RELEASE.jar:na]
	at org.springframework.amqp.rabbit.listener.SimpleMessageListenerContainer.redeclareElementsIfNecessary(SimpleMessageListenerContainer.java:1041) [spring-rabbit-1.5.4.RELEASE.jar:na]
	at org.springframework.amqp.rabbit.listener.SimpleMessageListenerContainer.access$700(SimpleMessageListenerContainer.java:93) [spring-rabbit-1.5.4.RELEASE.jar:na]
	at org.springframework.amqp.rabbit.listener.SimpleMessageListenerContainer$AsyncMessageProcessingConsumer.run(SimpleMessageListenerContainer.java:1169) [spring-rabbit-1.5.4.RELEASE.jar:na]
	at java.lang.Thread.run(Thread.java:745) [na:1.8.0_74]
Caused by: java.net.ConnectException: Connection refused
	at java.net.PlainSocketImpl.socketConnect(Native Method) ~[na:1.8.0_74]
	at java.net.AbstractPlainSocketImpl.doConnect(AbstractPlainSocketImpl.java:350) ~[na:1.8.0_74]
	at java.net.AbstractPlainSocketImpl.connectToAddress(AbstractPlainSocketImpl.java:206) ~[na:1.8.0_74]
	at java.net.AbstractPlainSocketImpl.connect(AbstractPlainSocketImpl.java:188) ~[na:1.8.0_74]
	at java.net.SocksSocketImpl.connect(SocksSocketImpl.java:392) ~[na:1.8.0_74]
	at java.net.Socket.connect(Socket.java:589) ~[na:1.8.0_74]
	at com.rabbitmq.client.impl.FrameHandlerFactory.create(FrameHandlerFactory.java:32) ~[amqp-client-3.5.7.jar:na]
	at com.rabbitmq.client.ConnectionFactory.newConnection(ConnectionFactory.java:645) ~[amqp-client-3.5.7.jar:na]
	at com.rabbitmq.client.ConnectionFactory.newConnection(ConnectionFactory.java:694) ~[amqp-client-3.5.7.jar:na]
	at org.springframework.amqp.rabbit.connection.AbstractConnectionFactory.createBareConnection(AbstractConnectionFactory.java:277) ~[spring-rabbit-1.5.4.RELEASE.jar:na]
	... 12 common frames omitted

2016-08-23 17:21:54.010  WARN 78150 --- [cTaskExecutor-2] o.s.a.r.l.SimpleMessageListenerContainer : Consumer raised exception, processing can restart if the connection factory supports it. Exception summary: org.springframework.amqp.AmqpConnectException: java.net.ConnectException: Connection refused
2016-08-23 17:21:54.010  INFO 78150 --- [cTaskExecutor-2] o.s.a.r.l.SimpleMessageListenerContainer : Restarting Consumer: tags=[{}], channel=null, acknowledgeMode=AUTO local queue size=0
2016-08-23 17:21:54.014 ERROR 78150 --- [cTaskExecutor-3] o.s.a.r.l.SimpleMessageListenerContainer : Failed to check/redeclare auto-delete queue(s).

org.springframework.amqp.AmqpConnectException: java.net.ConnectException: Connection refused
	at org.springframework.amqp.rabbit.support.RabbitExceptionTranslator.convertRabbitAccessException(RabbitExceptionTranslator.java:58) ~[spring-rabbit-1.5.4.RELEASE.jar:na]
	at org.springframework.amqp.rabbit.connection.AbstractConnectionFactory.createBareConnection(AbstractConnectionFactory.java:286) ~[spring-rabbit-1.5.4.RELEASE.jar:na]
	at org.springframework.amqp.rabbit.connection.CachingConnectionFactory.createConnection(CachingConnectionFactory.java:510) ~[spring-rabbit-1.5.4.RELEASE.jar:na]
	at org.springframework.amqp.rabbit.connection.ConnectionFactoryUtils$1.createConnection(ConnectionFactoryUtils.java:85) ~[spring-rabbit-1.5.4.RELEASE.jar:na]
	at org.springframework.amqp.rabbit.connection.ConnectionFactoryUtils.doGetTransactionalResourceHolder(ConnectionFactoryUtils.java:135) ~[spring-rabbit-1.5.4.RELEASE.jar:na]
	at org.springframework.amqp.rabbit.connection.ConnectionFactoryUtils.getTransactionalResourceHolder(ConnectionFactoryUtils.java:71) ~[spring-rabbit-1.5.4.RELEASE.jar:na]
	at org.springframework.amqp.rabbit.core.RabbitTemplate.doExecute(RabbitTemplate.java:1278) ~[spring-rabbit-1.5.4.RELEASE.jar:na]
	at org.springframework.amqp.rabbit.core.RabbitTemplate.execute(RabbitTemplate.java:1271) ~[spring-rabbit-1.5.4.RELEASE.jar:na]
	at org.springframework.amqp.rabbit.core.RabbitTemplate.execute(RabbitTemplate.java:1247) ~[spring-rabbit-1.5.4.RELEASE.jar:na]
	at org.springframework.amqp.rabbit.core.RabbitAdmin.getQueueProperties(RabbitAdmin.java:278) ~[spring-rabbit-1.5.4.RELEASE.jar:na]
	at org.springframework.amqp.rabbit.listener.SimpleMessageListenerContainer.redeclareElementsIfNecessary(SimpleMessageListenerContainer.java:1041) [spring-rabbit-1.5.4.RELEASE.jar:na]
	at org.springframework.amqp.rabbit.listener.SimpleMessageListenerContainer.access$700(SimpleMessageListenerContainer.java:93) [spring-rabbit-1.5.4.RELEASE.jar:na]
	at org.springframework.amqp.rabbit.listener.SimpleMessageListenerContainer$AsyncMessageProcessingConsumer.run(SimpleMessageListenerContainer.java:1169) [spring-rabbit-1.5.4.RELEASE.jar:na]
	at java.lang.Thread.run(Thread.java:745) [na:1.8.0_74]
Caused by: java.net.ConnectException: Connection refused
	at java.net.PlainSocketImpl.socketConnect(Native Method) ~[na:1.8.0_74]
	at java.net.AbstractPlainSocketImpl.doConnect(AbstractPlainSocketImpl.java:350) ~[na:1.8.0_74]
	at java.net.AbstractPlainSocketImpl.connectToAddress(AbstractPlainSocketImpl.java:206) ~[na:1.8.0_74]
	at java.net.AbstractPlainSocketImpl.connect(AbstractPlainSocketImpl.java:188) ~[na:1.8.0_74]
	at java.net.SocksSocketImpl.connect(SocksSocketImpl.java:392) ~[na:1.8.0_74]
	at java.net.Socket.connect(Socket.java:589) ~[na:1.8.0_74]
	at com.rabbitmq.client.impl.FrameHandlerFactory.create(FrameHandlerFactory.java:32) ~[amqp-client-3.5.7.jar:na]
	at com.rabbitmq.client.ConnectionFactory.newConnection(ConnectionFactory.java:645) ~[amqp-client-3.5.7.jar:na]
	at com.rabbitmq.client.ConnectionFactory.newConnection(ConnectionFactory.java:694) ~[amqp-client-3.5.7.jar:na]
	at org.springframework.amqp.rabbit.connection.AbstractConnectionFactory.createBareConnection(AbstractConnectionFactory.java:277) ~[spring-rabbit-1.5.4.RELEASE.jar:na]
	... 12 common frames omitted

2016-08-23 17:21:59.076  WARN 78150 --- [cTaskExecutor-3] o.s.a.r.l.SimpleMessageListenerContainer : Consumer raised exception, processing can restart if the connection factory supports it. Exception summary: org.springframework.amqp.AmqpConnectException: java.net.ConnectException: Connection refused
2016-08-23 17:21:59.077  INFO 78150 --- [cTaskExecutor-3] o.s.a.r.l.SimpleMessageListenerContainer : Restarting Consumer: tags=[{}], channel=null, acknowledgeMode=AUTO local queue size=0
2016-08-23 17:21:59.078 ERROR 78150 --- [cTaskExecutor-4] o.s.a.r.l.SimpleMessageListenerContainer : Failed to check/redeclare auto-delete queue(s).

org.springframework.amqp.AmqpConnectException: java.net.ConnectException: Connection refused
	at org.springframework.amqp.rabbit.support.RabbitExceptionTranslator.convertRabbitAccessException(RabbitExceptionTranslator.java:58) ~[spring-rabbit-1.5.4.RELEASE.jar:na]
	at org.springframework.amqp.rabbit.connection.AbstractConnectionFactory.createBareConnection(AbstractConnectionFactory.java:286) ~[spring-rabbit-1.5.4.RELEASE.jar:na]
	at org.springframework.amqp.rabbit.connection.CachingConnectionFactory.createConnection(CachingConnectionFactory.java:510) ~[spring-rabbit-1.5.4.RELEASE.jar:na]
	at org.springframework.amqp.rabbit.connection.ConnectionFactoryUtils$1.createConnection(ConnectionFactoryUtils.java:85) ~[spring-rabbit-1.5.4.RELEASE.jar:na]
	at org.springframework.amqp.rabbit.connection.ConnectionFactoryUtils.doGetTransactionalResourceHolder(ConnectionFactoryUtils.java:135) ~[spring-rabbit-1.5.4.RELEASE.jar:na]
	at org.springframework.amqp.rabbit.connection.ConnectionFactoryUtils.getTransactionalResourceHolder(ConnectionFactoryUtils.java:71) ~[spring-rabbit-1.5.4.RELEASE.jar:na]
	at org.springframework.amqp.rabbit.core.RabbitTemplate.doExecute(RabbitTemplate.java:1278) ~[spring-rabbit-1.5.4.RELEASE.jar:na]
	at org.springframework.amqp.rabbit.core.RabbitTemplate.execute(RabbitTemplate.java:1271) ~[spring-rabbit-1.5.4.RELEASE.jar:na]
	at org.springframework.amqp.rabbit.core.RabbitTemplate.execute(RabbitTemplate.java:1247) ~[spring-rabbit-1.5.4.RELEASE.jar:na]
	at org.springframework.amqp.rabbit.core.RabbitAdmin.getQueueProperties(RabbitAdmin.java:278) ~[spring-rabbit-1.5.4.RELEASE.jar:na]
	at org.springframework.amqp.rabbit.listener.SimpleMessageListenerContainer.redeclareElementsIfNecessary(SimpleMessageListenerContainer.java:1041) [spring-rabbit-1.5.4.RELEASE.jar:na]
	at org.springframework.amqp.rabbit.listener.SimpleMessageListenerContainer.access$700(SimpleMessageListenerContainer.java:93) [spring-rabbit-1.5.4.RELEASE.jar:na]
	at org.springframework.amqp.rabbit.listener.SimpleMessageListenerContainer$AsyncMessageProcessingConsumer.run(SimpleMessageListenerContainer.java:1169) [spring-rabbit-1.5.4.RELEASE.jar:na]
	at java.lang.Thread.run(Thread.java:745) [na:1.8.0_74]
Caused by: java.net.ConnectException: Connection refused
	at java.net.PlainSocketImpl.socketConnect(Native Method) ~[na:1.8.0_74]
	at java.net.AbstractPlainSocketImpl.doConnect(AbstractPlainSocketImpl.java:350) ~[na:1.8.0_74]
	at java.net.AbstractPlainSocketImpl.connectToAddress(AbstractPlainSocketImpl.java:206) ~[na:1.8.0_74]
	at java.net.AbstractPlainSocketImpl.connect(AbstractPlainSocketImpl.java:188) ~[na:1.8.0_74]
	at java.net.SocksSocketImpl.connect(SocksSocketImpl.java:392) ~[na:1.8.0_74]
	at java.net.Socket.connect(Socket.java:589) ~[na:1.8.0_74]
	at com.rabbitmq.client.impl.FrameHandlerFactory.create(FrameHandlerFactory.java:32) ~[amqp-client-3.5.7.jar:na]
	at com.rabbitmq.client.ConnectionFactory.newConnection(ConnectionFactory.java:645) ~[amqp-client-3.5.7.jar:na]
	at com.rabbitmq.client.ConnectionFactory.newConnection(ConnectionFactory.java:694) ~[amqp-client-3.5.7.jar:na]
	at org.springframework.amqp.rabbit.connection.AbstractConnectionFactory.createBareConnection(AbstractConnectionFactory.java:277) ~[spring-rabbit-1.5.4.RELEASE.jar:na]
	... 12 common frames omitted

2016-08-23 17:22:04.159  WARN 78150 --- [cTaskExecutor-4] o.s.a.r.l.SimpleMessageListenerContainer : Consumer raised exception, processing can restart if the connection factory supports it. Exception summary: org.springframework.amqp.AmqpConnectException: java.net.ConnectException: Connection refused
2016-08-23 17:22:04.160  INFO 78150 --- [cTaskExecutor-4] o.s.a.r.l.SimpleMessageListenerContainer : Restarting Consumer: tags=[{}], channel=null, acknowledgeMode=AUTO local queue size=0
2016-08-23 17:22:04.162 ERROR 78150 --- [cTaskExecutor-5] o.s.a.r.l.SimpleMessageListenerContainer : Failed to check/redeclare auto-delete queue(s).

org.springframework.amqp.AmqpConnectException: java.net.ConnectException: Connection refused
	at org.springframework.amqp.rabbit.support.RabbitExceptionTranslator.convertRabbitAccessException(RabbitExceptionTranslator.java:58) ~[spring-rabbit-1.5.4.RELEASE.jar:na]
	at org.springframework.amqp.rabbit.connection.AbstractConnectionFactory.createBareConnection(AbstractConnectionFactory.java:286) ~[spring-rabbit-1.5.4.RELEASE.jar:na]
	at org.springframework.amqp.rabbit.connection.CachingConnectionFactory.createConnection(CachingConnectionFactory.java:510) ~[spring-rabbit-1.5.4.RELEASE.jar:na]
	at org.springframework.amqp.rabbit.connection.ConnectionFactoryUtils$1.createConnection(ConnectionFactoryUtils.java:85) ~[spring-rabbit-1.5.4.RELEASE.jar:na]
	at org.springframework.amqp.rabbit.connection.ConnectionFactoryUtils.doGetTransactionalResourceHolder(ConnectionFactoryUtils.java:135) ~[spring-rabbit-1.5.4.RELEASE.jar:na]
	at org.springframework.amqp.rabbit.connection.ConnectionFactoryUtils.getTransactionalResourceHolder(ConnectionFactoryUtils.java:71) ~[spring-rabbit-1.5.4.RELEASE.jar:na]
	at org.springframework.amqp.rabbit.core.RabbitTemplate.doExecute(RabbitTemplate.java:1278) ~[spring-rabbit-1.5.4.RELEASE.jar:na]
	at org.springframework.amqp.rabbit.core.RabbitTemplate.execute(RabbitTemplate.java:1271) ~[spring-rabbit-1.5.4.RELEASE.jar:na]
	at org.springframework.amqp.rabbit.core.RabbitTemplate.execute(RabbitTemplate.java:1247) ~[spring-rabbit-1.5.4.RELEASE.jar:na]
	at org.springframework.amqp.rabbit.core.RabbitAdmin.getQueueProperties(RabbitAdmin.java:278) ~[spring-rabbit-1.5.4.RELEASE.jar:na]
	at org.springframework.amqp.rabbit.listener.SimpleMessageListenerContainer.redeclareElementsIfNecessary(SimpleMessageListenerContainer.java:1041) [spring-rabbit-1.5.4.RELEASE.jar:na]
	at org.springframework.amqp.rabbit.listener.SimpleMessageListenerContainer.access$700(SimpleMessageListenerContainer.java:93) [spring-rabbit-1.5.4.RELEASE.jar:na]
	at org.springframework.amqp.rabbit.listener.SimpleMessageListenerContainer$AsyncMessageProcessingConsumer.run(SimpleMessageListenerContainer.java:1169) [spring-rabbit-1.5.4.RELEASE.jar:na]
	at java.lang.Thread.run(Thread.java:745) [na:1.8.0_74]
Caused by: java.net.ConnectException: Connection refused
	at java.net.PlainSocketImpl.socketConnect(Native Method) ~[na:1.8.0_74]
	at java.net.AbstractPlainSocketImpl.doConnect(AbstractPlainSocketImpl.java:350) ~[na:1.8.0_74]
	at java.net.AbstractPlainSocketImpl.connectToAddress(AbstractPlainSocketImpl.java:206) ~[na:1.8.0_74]
	at java.net.AbstractPlainSocketImpl.connect(AbstractPlainSocketImpl.java:188) ~[na:1.8.0_74]
	at java.net.SocksSocketImpl.connect(SocksSocketImpl.java:392) ~[na:1.8.0_74]
	at java.net.Socket.connect(Socket.java:589) ~[na:1.8.0_74]
	at com.rabbitmq.client.impl.FrameHandlerFactory.create(FrameHandlerFactory.java:32) ~[amqp-client-3.5.7.jar:na]
	at com.rabbitmq.client.ConnectionFactory.newConnection(ConnectionFactory.java:645) ~[amqp-client-3.5.7.jar:na]
	at com.rabbitmq.client.ConnectionFactory.newConnection(ConnectionFactory.java:694) ~[amqp-client-3.5.7.jar:na]
	at org.springframework.amqp.rabbit.connection.AbstractConnectionFactory.createBareConnection(AbstractConnectionFactory.java:277) ~[spring-rabbit-1.5.4.RELEASE.jar:na]
	... 12 common frames omitted

2016-08-23 17:22:09.216  WARN 78150 --- [cTaskExecutor-5] o.s.a.r.l.SimpleMessageListenerContainer : Consumer raised exception, processing can restart if the connection factory supports it. Exception summary: org.springframework.amqp.AmqpConnectException: java.net.ConnectException: Connection refused
2016-08-23 17:22:09.216  INFO 78150 --- [cTaskExecutor-5] o.s.a.r.l.SimpleMessageListenerContainer : Restarting Consumer: tags=[{}], channel=null, acknowledgeMode=AUTO local queue size=0
2016-08-23 17:22:09.217 ERROR 78150 --- [cTaskExecutor-6] o.s.a.r.l.SimpleMessageListenerContainer : Failed to check/redeclare auto-delete queue(s).

org.springframework.amqp.AmqpConnectException: java.net.ConnectException: Connection refused
	at org.springframework.amqp.rabbit.support.RabbitExceptionTranslator.convertRabbitAccessException(RabbitExceptionTranslator.java:58) ~[spring-rabbit-1.5.4.RELEASE.jar:na]
	at org.springframework.amqp.rabbit.connection.AbstractConnectionFactory.createBareConnection(AbstractConnectionFactory.java:286) ~[spring-rabbit-1.5.4.RELEASE.jar:na]
	at org.springframework.amqp.rabbit.connection.CachingConnectionFactory.createConnection(CachingConnectionFactory.java:510) ~[spring-rabbit-1.5.4.RELEASE.jar:na]
	at org.springframework.amqp.rabbit.connection.ConnectionFactoryUtils$1.createConnection(ConnectionFactoryUtils.java:85) ~[spring-rabbit-1.5.4.RELEASE.jar:na]
	at org.springframework.amqp.rabbit.connection.ConnectionFactoryUtils.doGetTransactionalResourceHolder(ConnectionFactoryUtils.java:135) ~[spring-rabbit-1.5.4.RELEASE.jar:na]
	at org.springframework.amqp.rabbit.connection.ConnectionFactoryUtils.getTransactionalResourceHolder(ConnectionFactoryUtils.java:71) ~[spring-rabbit-1.5.4.RELEASE.jar:na]
	at org.springframework.amqp.rabbit.core.RabbitTemplate.doExecute(RabbitTemplate.java:1278) ~[spring-rabbit-1.5.4.RELEASE.jar:na]
	at org.springframework.amqp.rabbit.core.RabbitTemplate.execute(RabbitTemplate.java:1271) ~[spring-rabbit-1.5.4.RELEASE.jar:na]
	at org.springframework.amqp.rabbit.core.RabbitTemplate.execute(RabbitTemplate.java:1247) ~[spring-rabbit-1.5.4.RELEASE.jar:na]
	at org.springframework.amqp.rabbit.core.RabbitAdmin.getQueueProperties(RabbitAdmin.java:278) ~[spring-rabbit-1.5.4.RELEASE.jar:na]
	at org.springframework.amqp.rabbit.listener.SimpleMessageListenerContainer.redeclareElementsIfNecessary(SimpleMessageListenerContainer.java:1041) [spring-rabbit-1.5.4.RELEASE.jar:na]
	at org.springframework.amqp.rabbit.listener.SimpleMessageListenerContainer.access$700(SimpleMessageListenerContainer.java:93) [spring-rabbit-1.5.4.RELEASE.jar:na]
	at org.springframework.amqp.rabbit.listener.SimpleMessageListenerContainer$AsyncMessageProcessingConsumer.run(SimpleMessageListenerContainer.java:1169) [spring-rabbit-1.5.4.RELEASE.jar:na]
	at java.lang.Thread.run(Thread.java:745) [na:1.8.0_74]
Caused by: java.net.ConnectException: Connection refused
	at java.net.PlainSocketImpl.socketConnect(Native Method) ~[na:1.8.0_74]
	at java.net.AbstractPlainSocketImpl.doConnect(AbstractPlainSocketImpl.java:350) ~[na:1.8.0_74]
	at java.net.AbstractPlainSocketImpl.connectToAddress(AbstractPlainSocketImpl.java:206) ~[na:1.8.0_74]
	at java.net.AbstractPlainSocketImpl.connect(AbstractPlainSocketImpl.java:188) ~[na:1.8.0_74]
	at java.net.SocksSocketImpl.connect(SocksSocketImpl.java:392) ~[na:1.8.0_74]
	at java.net.Socket.connect(Socket.java:589) ~[na:1.8.0_74]
	at com.rabbitmq.client.impl.FrameHandlerFactory.create(FrameHandlerFactory.java:32) ~[amqp-client-3.5.7.jar:na]
	at com.rabbitmq.client.ConnectionFactory.newConnection(ConnectionFactory.java:645) ~[amqp-client-3.5.7.jar:na]
	at com.rabbitmq.client.ConnectionFactory.newConnection(ConnectionFactory.java:694) ~[amqp-client-3.5.7.jar:na]
	at org.springframework.amqp.rabbit.connection.AbstractConnectionFactory.createBareConnection(AbstractConnectionFactory.java:277) ~[spring-rabbit-1.5.4.RELEASE.jar:na]
	... 12 common frames omitted

2016-08-23 17:22:14.291  WARN 78150 --- [cTaskExecutor-6] o.s.a.r.l.SimpleMessageListenerContainer : Consumer raised exception, processing can restart if the connection factory supports it. Exception summary: org.springframework.amqp.AmqpConnectException: java.net.ConnectException: Connection refused
2016-08-23 17:22:14.292  INFO 78150 --- [cTaskExecutor-6] o.s.a.r.l.SimpleMessageListenerContainer : Restarting Consumer: tags=[{}], channel=null, acknowledgeMode=AUTO local queue size=0
2016-08-23 17:22:14.294 ERROR 78150 --- [cTaskExecutor-7] o.s.a.r.l.SimpleMessageListenerContainer : Failed to check/redeclare auto-delete queue(s).

org.springframework.amqp.AmqpConnectException: java.net.ConnectException: Connection refused
	at org.springframework.amqp.rabbit.support.RabbitExceptionTranslator.convertRabbitAccessException(RabbitExceptionTranslator.java:58) ~[spring-rabbit-1.5.4.RELEASE.jar:na]
	at org.springframework.amqp.rabbit.connection.AbstractConnectionFactory.createBareConnection(AbstractConnectionFactory.java:286) ~[spring-rabbit-1.5.4.RELEASE.jar:na]
	at org.springframework.amqp.rabbit.connection.CachingConnectionFactory.createConnection(CachingConnectionFactory.java:510) ~[spring-rabbit-1.5.4.RELEASE.jar:na]
	at org.springframework.amqp.rabbit.connection.ConnectionFactoryUtils$1.createConnection(ConnectionFactoryUtils.java:85) ~[spring-rabbit-1.5.4.RELEASE.jar:na]
	at org.springframework.amqp.rabbit.connection.ConnectionFactoryUtils.doGetTransactionalResourceHolder(ConnectionFactoryUtils.java:135) ~[spring-rabbit-1.5.4.RELEASE.jar:na]
	at org.springframework.amqp.rabbit.connection.ConnectionFactoryUtils.getTransactionalResourceHolder(ConnectionFactoryUtils.java:71) ~[spring-rabbit-1.5.4.RELEASE.jar:na]
	at org.springframework.amqp.rabbit.core.RabbitTemplate.doExecute(RabbitTemplate.java:1278) ~[spring-rabbit-1.5.4.RELEASE.jar:na]
	at org.springframework.amqp.rabbit.core.RabbitTemplate.execute(RabbitTemplate.java:1271) ~[spring-rabbit-1.5.4.RELEASE.jar:na]
	at org.springframework.amqp.rabbit.core.RabbitTemplate.execute(RabbitTemplate.java:1247) ~[spring-rabbit-1.5.4.RELEASE.jar:na]
	at org.springframework.amqp.rabbit.core.RabbitAdmin.getQueueProperties(RabbitAdmin.java:278) ~[spring-rabbit-1.5.4.RELEASE.jar:na]
	at org.springframework.amqp.rabbit.listener.SimpleMessageListenerContainer.redeclareElementsIfNecessary(SimpleMessageListenerContainer.java:1041) [spring-rabbit-1.5.4.RELEASE.jar:na]
	at org.springframework.amqp.rabbit.listener.SimpleMessageListenerContainer.access$700(SimpleMessageListenerContainer.java:93) [spring-rabbit-1.5.4.RELEASE.jar:na]
	at org.springframework.amqp.rabbit.listener.SimpleMessageListenerContainer$AsyncMessageProcessingConsumer.run(SimpleMessageListenerContainer.java:1169) [spring-rabbit-1.5.4.RELEASE.jar:na]
	at java.lang.Thread.run(Thread.java:745) [na:1.8.0_74]
Caused by: java.net.ConnectException: Connection refused
	at java.net.PlainSocketImpl.socketConnect(Native Method) ~[na:1.8.0_74]
	at java.net.AbstractPlainSocketImpl.doConnect(AbstractPlainSocketImpl.java:350) ~[na:1.8.0_74]
	at java.net.AbstractPlainSocketImpl.connectToAddress(AbstractPlainSocketImpl.java:206) ~[na:1.8.0_74]
	at java.net.AbstractPlainSocketImpl.connect(AbstractPlainSocketImpl.java:188) ~[na:1.8.0_74]
	at java.net.SocksSocketImpl.connect(SocksSocketImpl.java:392) ~[na:1.8.0_74]
	at java.net.Socket.connect(Socket.java:589) ~[na:1.8.0_74]
	at com.rabbitmq.client.impl.FrameHandlerFactory.create(FrameHandlerFactory.java:32) ~[amqp-client-3.5.7.jar:na]
	at com.rabbitmq.client.ConnectionFactory.newConnection(ConnectionFactory.java:645) ~[amqp-client-3.5.7.jar:na]
	at com.rabbitmq.client.ConnectionFactory.newConnection(ConnectionFactory.java:694) ~[amqp-client-3.5.7.jar:na]
	at org.springframework.amqp.rabbit.connection.AbstractConnectionFactory.createBareConnection(AbstractConnectionFactory.java:277) ~[spring-rabbit-1.5.4.RELEASE.jar:na]
	... 12 common frames omitted

2016-08-23 17:22:19.367  WARN 78150 --- [cTaskExecutor-7] o.s.a.r.l.SimpleMessageListenerContainer : Consumer raised exception, processing can restart if the connection factory supports it. Exception summary: org.springframework.amqp.AmqpConnectException: java.net.ConnectException: Connection refused
2016-08-23 17:22:19.367  INFO 78150 --- [cTaskExecutor-7] o.s.a.r.l.SimpleMessageListenerContainer : Restarting Consumer: tags=[{}], channel=null, acknowledgeMode=AUTO local queue size=0
2016-08-23 17:22:19.368 ERROR 78150 --- [cTaskExecutor-8] o.s.a.r.l.SimpleMessageListenerContainer : Failed to check/redeclare auto-delete queue(s).

org.springframework.amqp.AmqpConnectException: java.net.ConnectException: Connection refused
	at org.springframework.amqp.rabbit.support.RabbitExceptionTranslator.convertRabbitAccessException(RabbitExceptionTranslator.java:58) ~[spring-rabbit-1.5.4.RELEASE.jar:na]
	at org.springframework.amqp.rabbit.connection.AbstractConnectionFactory.createBareConnection(AbstractConnectionFactory.java:286) ~[spring-rabbit-1.5.4.RELEASE.jar:na]
	at org.springframework.amqp.rabbit.connection.CachingConnectionFactory.createConnection(CachingConnectionFactory.java:510) ~[spring-rabbit-1.5.4.RELEASE.jar:na]
	at org.springframework.amqp.rabbit.connection.ConnectionFactoryUtils$1.createConnection(ConnectionFactoryUtils.java:85) ~[spring-rabbit-1.5.4.RELEASE.jar:na]
	at org.springframework.amqp.rabbit.connection.ConnectionFactoryUtils.doGetTransactionalResourceHolder(ConnectionFactoryUtils.java:135) ~[spring-rabbit-1.5.4.RELEASE.jar:na]
	at org.springframework.amqp.rabbit.connection.ConnectionFactoryUtils.getTransactionalResourceHolder(ConnectionFactoryUtils.java:71) ~[spring-rabbit-1.5.4.RELEASE.jar:na]
	at org.springframework.amqp.rabbit.core.RabbitTemplate.doExecute(RabbitTemplate.java:1278) ~[spring-rabbit-1.5.4.RELEASE.jar:na]
	at org.springframework.amqp.rabbit.core.RabbitTemplate.execute(RabbitTemplate.java:1271) ~[spring-rabbit-1.5.4.RELEASE.jar:na]
	at org.springframework.amqp.rabbit.core.RabbitTemplate.execute(RabbitTemplate.java:1247) ~[spring-rabbit-1.5.4.RELEASE.jar:na]
	at org.springframework.amqp.rabbit.core.RabbitAdmin.getQueueProperties(RabbitAdmin.java:278) ~[spring-rabbit-1.5.4.RELEASE.jar:na]
	at org.springframework.amqp.rabbit.listener.SimpleMessageListenerContainer.redeclareElementsIfNecessary(SimpleMessageListenerContainer.java:1041) [spring-rabbit-1.5.4.RELEASE.jar:na]
	at org.springframework.amqp.rabbit.listener.SimpleMessageListenerContainer.access$700(SimpleMessageListenerContainer.java:93) [spring-rabbit-1.5.4.RELEASE.jar:na]
	at org.springframework.amqp.rabbit.listener.SimpleMessageListenerContainer$AsyncMessageProcessingConsumer.run(SimpleMessageListenerContainer.java:1169) [spring-rabbit-1.5.4.RELEASE.jar:na]
	at java.lang.Thread.run(Thread.java:745) [na:1.8.0_74]
Caused by: java.net.ConnectException: Connection refused
	at java.net.PlainSocketImpl.socketConnect(Native Method) ~[na:1.8.0_74]
	at java.net.AbstractPlainSocketImpl.doConnect(AbstractPlainSocketImpl.java:350) ~[na:1.8.0_74]
	at java.net.AbstractPlainSocketImpl.connectToAddress(AbstractPlainSocketImpl.java:206) ~[na:1.8.0_74]
	at java.net.AbstractPlainSocketImpl.connect(AbstractPlainSocketImpl.java:188) ~[na:1.8.0_74]
	at java.net.SocksSocketImpl.connect(SocksSocketImpl.java:392) ~[na:1.8.0_74]
	at java.net.Socket.connect(Socket.java:589) ~[na:1.8.0_74]
	at com.rabbitmq.client.impl.FrameHandlerFactory.create(FrameHandlerFactory.java:32) ~[amqp-client-3.5.7.jar:na]
	at com.rabbitmq.client.ConnectionFactory.newConnection(ConnectionFactory.java:645) ~[amqp-client-3.5.7.jar:na]
	at com.rabbitmq.client.ConnectionFactory.newConnection(ConnectionFactory.java:694) ~[amqp-client-3.5.7.jar:na]
	at org.springframework.amqp.rabbit.connection.AbstractConnectionFactory.createBareConnection(AbstractConnectionFactory.java:277) ~[spring-rabbit-1.5.4.RELEASE.jar:na]
	... 12 common frames omitted

2016-08-23 17:22:24.434  WARN 78150 --- [cTaskExecutor-8] o.s.a.r.l.SimpleMessageListenerContainer : Consumer raised exception, processing can restart if the connection factory supports it. Exception summary: org.springframework.amqp.AmqpConnectException: java.net.ConnectException: Connection refused
2016-08-23 17:22:24.435  INFO 78150 --- [cTaskExecutor-8] o.s.a.r.l.SimpleMessageListenerContainer : Restarting Consumer: tags=[{}], channel=null, acknowledgeMode=AUTO local queue size=0
2016-08-23 17:22:24.437 ERROR 78150 --- [cTaskExecutor-9] o.s.a.r.l.SimpleMessageListenerContainer : Failed to check/redeclare auto-delete queue(s).

org.springframework.amqp.AmqpConnectException: java.net.ConnectException: Connection refused
	at org.springframework.amqp.rabbit.support.RabbitExceptionTranslator.convertRabbitAccessException(RabbitExceptionTranslator.java:58) ~[spring-rabbit-1.5.4.RELEASE.jar:na]
	at org.springframework.amqp.rabbit.connection.AbstractConnectionFactory.createBareConnection(AbstractConnectionFactory.java:286) ~[spring-rabbit-1.5.4.RELEASE.jar:na]
	at org.springframework.amqp.rabbit.connection.CachingConnectionFactory.createConnection(CachingConnectionFactory.java:510) ~[spring-rabbit-1.5.4.RELEASE.jar:na]
	at org.springframework.amqp.rabbit.connection.ConnectionFactoryUtils$1.createConnection(ConnectionFactoryUtils.java:85) ~[spring-rabbit-1.5.4.RELEASE.jar:na]
	at org.springframework.amqp.rabbit.connection.ConnectionFactoryUtils.doGetTransactionalResourceHolder(ConnectionFactoryUtils.java:135) ~[spring-rabbit-1.5.4.RELEASE.jar:na]
	at org.springframework.amqp.rabbit.connection.ConnectionFactoryUtils.getTransactionalResourceHolder(ConnectionFactoryUtils.java:71) ~[spring-rabbit-1.5.4.RELEASE.jar:na]
	at org.springframework.amqp.rabbit.core.RabbitTemplate.doExecute(RabbitTemplate.java:1278) ~[spring-rabbit-1.5.4.RELEASE.jar:na]
	at org.springframework.amqp.rabbit.core.RabbitTemplate.execute(RabbitTemplate.java:1271) ~[spring-rabbit-1.5.4.RELEASE.jar:na]
	at org.springframework.amqp.rabbit.core.RabbitTemplate.execute(RabbitTemplate.java:1247) ~[spring-rabbit-1.5.4.RELEASE.jar:na]
	at org.springframework.amqp.rabbit.core.RabbitAdmin.getQueueProperties(RabbitAdmin.java:278) ~[spring-rabbit-1.5.4.RELEASE.jar:na]
	at org.springframework.amqp.rabbit.listener.SimpleMessageListenerContainer.redeclareElementsIfNecessary(SimpleMessageListenerContainer.java:1041) [spring-rabbit-1.5.4.RELEASE.jar:na]
	at org.springframework.amqp.rabbit.listener.SimpleMessageListenerContainer.access$700(SimpleMessageListenerContainer.java:93) [spring-rabbit-1.5.4.RELEASE.jar:na]
	at org.springframework.amqp.rabbit.listener.SimpleMessageListenerContainer$AsyncMessageProcessingConsumer.run(SimpleMessageListenerContainer.java:1169) [spring-rabbit-1.5.4.RELEASE.jar:na]
	at java.lang.Thread.run(Thread.java:745) [na:1.8.0_74]
Caused by: java.net.ConnectException: Connection refused
	at java.net.PlainSocketImpl.socketConnect(Native Method) ~[na:1.8.0_74]
	at java.net.AbstractPlainSocketImpl.doConnect(AbstractPlainSocketImpl.java:350) ~[na:1.8.0_74]
	at java.net.AbstractPlainSocketImpl.connectToAddress(AbstractPlainSocketImpl.java:206) ~[na:1.8.0_74]
	at java.net.AbstractPlainSocketImpl.connect(AbstractPlainSocketImpl.java:188) ~[na:1.8.0_74]
	at java.net.SocksSocketImpl.connect(SocksSocketImpl.java:392) ~[na:1.8.0_74]
	at java.net.Socket.connect(Socket.java:589) ~[na:1.8.0_74]
	at com.rabbitmq.client.impl.FrameHandlerFactory.create(FrameHandlerFactory.java:32) ~[amqp-client-3.5.7.jar:na]
	at com.rabbitmq.client.ConnectionFactory.newConnection(ConnectionFactory.java:645) ~[amqp-client-3.5.7.jar:na]
	at com.rabbitmq.client.ConnectionFactory.newConnection(ConnectionFactory.java:694) ~[amqp-client-3.5.7.jar:na]
	at org.springframework.amqp.rabbit.connection.AbstractConnectionFactory.createBareConnection(AbstractConnectionFactory.java:277) ~[spring-rabbit-1.5.4.RELEASE.jar:na]
	... 12 common frames omitted

Daemon vm is shutting down... The daemon has exited normally or was terminated in response to a user interrupt.
