13:17:28.920 [INFO] [org.gradle.launcher.daemon.server.Daemon] start() called on daemon - DefaultDaemonContext[uid=b8607c55-0dfa-4148-9dce-d4965dacd31c,javaHome=/Library/Java/JavaVirtualMachines/jdk1.8.0_74.jdk/Contents/Home,daemonRegistryDir=/Users/prassingh/Matlb/gradle/wrapper/daemon,pid=63396,idleTimeout=10800000,daemonOpts=-XX:MaxPermSize=256m,-XX:+HeapDumpOnOutOfMemoryError,-Xmx1024m,-Dfile.encoding=UTF-8,-Duser.country=US,-Duser.language=en,-Duser.variant]
13:17:28.923 [DEBUG] [org.gradle.launcher.daemon.server.DaemonStateCoordinator] updating lastActivityAt to 1472111248923
13:17:28.936 [DEBUG] [org.gradle.messaging.remote.internal.inet.InetAddressFactory] Adding IP addresses for network interface awdl0
13:17:28.937 [DEBUG] [org.gradle.messaging.remote.internal.inet.InetAddressFactory] Is this a loopback interface? false
13:17:28.937 [DEBUG] [org.gradle.messaging.remote.internal.inet.InetAddressFactory] Is this a multicast interface? true
13:17:28.938 [DEBUG] [org.gradle.messaging.remote.internal.inet.InetAddressFactory] Adding remote address /fe80:0:0:0:6cfb:4fff:fe3a:25df%awdl0
13:17:28.938 [DEBUG] [org.gradle.messaging.remote.internal.inet.InetAddressFactory] Adding remote multicast interface awdl0
13:17:28.939 [DEBUG] [org.gradle.messaging.remote.internal.inet.InetAddressFactory] Adding IP addresses for network interface en0
13:17:28.939 [DEBUG] [org.gradle.messaging.remote.internal.inet.InetAddressFactory] Is this a loopback interface? false
13:17:28.939 [DEBUG] [org.gradle.messaging.remote.internal.inet.InetAddressFactory] Is this a multicast interface? true
13:17:28.940 [DEBUG] [org.gradle.messaging.remote.internal.inet.InetAddressFactory] Adding remote address /fe80:0:0:0:aebc:32ff:febb:92b3%en0
13:17:28.940 [DEBUG] [org.gradle.messaging.remote.internal.inet.InetAddressFactory] Adding remote address /192.168.1.106
13:17:28.940 [DEBUG] [org.gradle.messaging.remote.internal.inet.InetAddressFactory] Adding remote multicast interface en0
13:17:28.940 [DEBUG] [org.gradle.messaging.remote.internal.inet.InetAddressFactory] Adding IP addresses for network interface lo0
13:17:28.941 [DEBUG] [org.gradle.messaging.remote.internal.inet.InetAddressFactory] Is this a loopback interface? true
13:17:28.941 [DEBUG] [org.gradle.messaging.remote.internal.inet.InetAddressFactory] Is this a multicast interface? true
13:17:28.942 [DEBUG] [org.gradle.messaging.remote.internal.inet.InetAddressFactory] Ignoring remote address on loopback interface /fe80:0:0:0:0:0:0:1%lo0
13:17:28.942 [DEBUG] [org.gradle.messaging.remote.internal.inet.InetAddressFactory] Adding loopback address /0:0:0:0:0:0:0:1
13:17:28.942 [DEBUG] [org.gradle.messaging.remote.internal.inet.InetAddressFactory] Adding loopback address /127.0.0.1
13:17:28.943 [DEBUG] [org.gradle.messaging.remote.internal.inet.InetAddressFactory] Adding loopback multicast interface lo0
13:17:28.953 [DEBUG] [org.gradle.messaging.remote.internal.inet.TcpIncomingConnector] Listening on [4905565e-6e4f-44a4-b1a4-d9fe94d6a370 port:62023, addresses:[/0:0:0:0:0:0:0:1, /127.0.0.1]].
13:17:28.955 [DEBUG] [org.gradle.launcher.daemon.server.Daemon] Daemon starting at: Thu Aug 25 13:17:28 IST 2016, with address: [4905565e-6e4f-44a4-b1a4-d9fe94d6a370 port:62023, addresses:[/0:0:0:0:0:0:0:1, /127.0.0.1]]
13:17:28.955 [INFO] [org.gradle.launcher.daemon.server.DomainRegistryUpdater] Advertising the daemon address to the clients: [4905565e-6e4f-44a4-b1a4-d9fe94d6a370 port:62023, addresses:[/0:0:0:0:0:0:0:1, /127.0.0.1]]
13:17:28.955 [DEBUG] [org.gradle.launcher.daemon.server.DomainRegistryUpdater] Advertised daemon context: DefaultDaemonContext[uid=b8607c55-0dfa-4148-9dce-d4965dacd31c,javaHome=/Library/Java/JavaVirtualMachines/jdk1.8.0_74.jdk/Contents/Home,daemonRegistryDir=/Users/prassingh/Matlb/gradle/wrapper/daemon,pid=63396,idleTimeout=10800000,daemonOpts=-XX:MaxPermSize=256m,-XX:+HeapDumpOnOutOfMemoryError,-Xmx1024m,-Dfile.encoding=UTF-8,-Duser.country=US,-Duser.language=en,-Duser.variant]
13:17:28.956 [DEBUG] [org.gradle.launcher.daemon.registry.PersistentDaemonRegistry] Storing daemon address: [4905565e-6e4f-44a4-b1a4-d9fe94d6a370 port:62023, addresses:[/0:0:0:0:0:0:0:1, /127.0.0.1]], context: DefaultDaemonContext[uid=b8607c55-0dfa-4148-9dce-d4965dacd31c,javaHome=/Library/Java/JavaVirtualMachines/jdk1.8.0_74.jdk/Contents/Home,daemonRegistryDir=/Users/prassingh/Matlb/gradle/wrapper/daemon,pid=63396,idleTimeout=10800000,daemonOpts=-XX:MaxPermSize=256m,-XX:+HeapDumpOnOutOfMemoryError,-Xmx1024m,-Dfile.encoding=UTF-8,-Duser.country=US,-Duser.language=en,-Duser.variant]
13:17:28.963 [DEBUG] [org.gradle.cache.internal.DefaultFileLockManager] Waiting to acquire exclusive lock on daemon addresses registry.
13:17:28.964 [DEBUG] [org.gradle.cache.internal.DefaultFileLockManager] Lock acquired.
13:17:28.985 [DEBUG] [org.gradle.cache.internal.DefaultFileLockManager] Releasing lock on daemon addresses registry.
13:17:28.985 [LIFECYCLE] [org.gradle.launcher.daemon.server.Daemon] Daemon server started.
13:17:28.986 [DEBUG] [org.gradle.launcher.daemon.bootstrap.DaemonStartupCommunication] Completed writing the daemon greeting. Closing streams...
13:17:28.987 [DEBUG] [org.gradle.launcher.daemon.server.Daemon] requestStopOnIdleTimeout(10800000 MILLISECONDS) called on daemon
13:17:28.987 [DEBUG] [org.gradle.launcher.daemon.server.DaemonStateCoordinator] Idle timeout: waiting for daemon to stop or be idle for 10800000ms
13:17:28.988 [DEBUG] [org.gradle.launcher.daemon.server.DaemonStateCoordinator] Daemon is idle, sleeping until state change or idle timeout at Thu Aug 25 16:17:28 IST 2016
13:17:28.990 [DEBUG] [org.gradle.messaging.remote.internal.inet.TcpIncomingConnector] Accepted connection from /127.0.0.1:62024 to /127.0.0.1:62023.
13:17:29.033 [DEBUG] [org.gradle.launcher.daemon.server.SynchronizedDispatchConnection] thread 15: received class org.gradle.launcher.daemon.protocol.Build
13:17:29.034 [DEBUG] [org.gradle.launcher.daemon.server.DefaultDaemonConnection] Received non-IO message from client: Build{id=d5dfcb35-5994-4948-8fcc-eecb487369a3.1, currentDir=/Users/prassingh/Matlb}
13:17:29.034 [INFO] [org.gradle.launcher.daemon.server.DefaultIncomingConnectionHandler] Received command: Build{id=d5dfcb35-5994-4948-8fcc-eecb487369a3.1, currentDir=/Users/prassingh/Matlb}.
13:17:29.034 [DEBUG] [org.gradle.launcher.daemon.server.DefaultIncomingConnectionHandler] Starting executing command: Build{id=d5dfcb35-5994-4948-8fcc-eecb487369a3.1, currentDir=/Users/prassingh/Matlb} with connection: socket connection from /127.0.0.1:62023 to /127.0.0.1:62024.
13:17:29.041 [DEBUG] [org.gradle.launcher.daemon.server.DaemonStateCoordinator] Command execution: started DaemonCommandExecution[command = Build{id=d5dfcb35-5994-4948-8fcc-eecb487369a3.1, currentDir=/Users/prassingh/Matlb}, connection = org.gradle.launcher.daemon.server.DefaultDaemonConnection@53935ebe] after 0.0 minutes of idle
13:17:29.042 [INFO] [org.gradle.launcher.daemon.server.DomainRegistryUpdater] Marking the daemon as busy, address: [4905565e-6e4f-44a4-b1a4-d9fe94d6a370 port:62023, addresses:[/0:0:0:0:0:0:0:1, /127.0.0.1]]
13:17:29.042 [DEBUG] [org.gradle.launcher.daemon.registry.PersistentDaemonRegistry] Marking busy by address: [4905565e-6e4f-44a4-b1a4-d9fe94d6a370 port:62023, addresses:[/0:0:0:0:0:0:0:1, /127.0.0.1]]
13:17:29.043 [DEBUG] [org.gradle.cache.internal.DefaultFileLockManager] Waiting to acquire exclusive lock on daemon addresses registry.
13:17:29.043 [DEBUG] [org.gradle.cache.internal.DefaultFileLockManager] Lock acquired.
13:17:29.046 [DEBUG] [org.gradle.cache.internal.DefaultFileLockManager] Releasing lock on daemon addresses registry.
13:17:29.046 [DEBUG] [org.gradle.launcher.daemon.server.DaemonStateCoordinator] updating lastActivityAt to 1472111249046
13:17:29.046 [DEBUG] [org.gradle.launcher.daemon.server.DaemonStateCoordinator] Daemon is busy, sleeping until state changes.
13:17:29.048 [INFO] [org.gradle.launcher.daemon.server.exec.StartBuildOrRespondWithBusy] Daemon is about to start building Build{id=d5dfcb35-5994-4948-8fcc-eecb487369a3.1, currentDir=/Users/prassingh/Matlb}. Dispatching build started information...
13:17:29.049 [DEBUG] [org.gradle.launcher.daemon.server.SynchronizedDispatchConnection] thread 17: dispatching class org.gradle.launcher.daemon.protocol.BuildStarted
13:17:29.053 [DEBUG] [org.gradle.launcher.daemon.server.exec.EstablishBuildEnvironment] Configuring env variables: {PATH=/usr/bin:/bin:/usr/sbin:/sbin, SSH_AUTH_SOCK=/private/tmp/com.apple.launchd.CIahMU9DUW/Listeners, XPC_FLAGS=0x0, SHELL=/bin/zsh, __CF_USER_TEXT_ENCODING=0x2C1844F0:0x0:0x0, Apple_PubSub_Socket_Render=/private/tmp/com.apple.launchd.HB9JdMGCpx/Render, LOGNAME=prassingh, USER=prassingh, XPC_SERVICE_NAME=com.jetbrains.intellij.73952, HOME=/Users/prassingh, TMPDIR=/var/folders/nh/c49w3z193pdfc1hv74rsdv60p1hj7h/T/}
13:17:29.054 [DEBUG] [org.gradle.launcher.daemon.server.SynchronizedDispatchConnection] thread 15: received class org.gradle.launcher.daemon.protocol.CloseInput
13:17:29.054 [DEBUG] [org.gradle.launcher.daemon.server.DefaultDaemonConnection] Received IO message from client: org.gradle.launcher.daemon.protocol.CloseInput@510bcc29
13:17:29.061 [DEBUG] [org.gradle.launcher.daemon.server.exec.LogToClient] About to start relaying all logs to the client via the connection.
13:17:29.061 [INFO] [org.gradle.launcher.daemon.server.exec.LogToClient] The client will now receive all logging from the daemon (pid: 63396). The daemon log file: /Users/prassingh/Matlb/gradle/wrapper/daemon/2.9/daemon-63396.out.log
13:17:29.066 [INFO] [org.gradle.launcher.daemon.server.health.DaemonHealthTracker] Starting build in new daemon [memory: 954.7 MB]
13:17:29.067 [INFO] [org.gradle.launcher.daemon.server.exec.ForwardClientInput] Closing daemon's stdin at end of input.
13:17:29.067 [INFO] [org.gradle.launcher.daemon.server.exec.ForwardClientInput] The daemon will no longer process any standard input.
13:17:29.069 [DEBUG] [org.gradle.launcher.daemon.server.exec.ExecuteBuild] The daemon has started executing the build.
13:17:29.069 [INFO] [org.gradle.launcher.daemon.server.exec.ExecuteBuild] Executing build with daemon context: DefaultDaemonContext[uid=b8607c55-0dfa-4148-9dce-d4965dacd31c,javaHome=/Library/Java/JavaVirtualMachines/jdk1.8.0_74.jdk/Contents/Home,daemonRegistryDir=/Users/prassingh/Matlb/gradle/wrapper/daemon,pid=63396,idleTimeout=10800000,daemonOpts=-XX:MaxPermSize=256m,-XX:+HeapDumpOnOutOfMemoryError,-Xmx1024m,-Dfile.encoding=UTF-8,-Duser.country=US,-Duser.language=en,-Duser.variant]
:compileJava UP-TO-DATE
:processResources UP-TO-DATE
:classes UP-TO-DATE
:findMainClass
:bootRun

  .   ____          _            __ _ _
 /\\ / ___'_ __ _ _(_)_ __  __ _ \ \ \ \
( ( )\___ | '_ | '_| | '_ \/ _` | \ \ \ \
 \\/  ___)| |_)| | | | | || (_| |  ) ) ) )
  '  |____| .__|_| |_|_| |_\__, | / / / /
 =========|_|==============|___/=/_/_/_/
 :: Spring Boot ::        (v1.3.3.RELEASE)

2016-08-25 13:17:34.904  INFO 63498 --- [  restartedMain] com.matlb.MatlbApplication               : Starting MatlbApplication on DELC02QM9L0G8WN.sea.corp.expecn.com with PID 63498 (/Users/prassingh/Matlb/build/classes/main started by prassingh in /Users/prassingh/Matlb)
2016-08-25 13:17:34.907  INFO 63498 --- [  restartedMain] com.matlb.MatlbApplication               : The following profiles are active: prod
2016-08-25 13:17:34.955  INFO 63498 --- [  restartedMain] ationConfigEmbeddedWebApplicationContext : Refreshing org.springframework.boot.context.embedded.AnnotationConfigEmbeddedWebApplicationContext@31decc60: startup date [Thu Aug 25 13:17:34 IST 2016]; root of context hierarchy
2016-08-25 13:17:36.365  INFO 63498 --- [  restartedMain] o.s.b.f.s.DefaultListableBeanFactory     : Overriding bean definition for bean 'connectionFactory' with a different definition: replacing [Root bean: class [null]; scope=; abstract=false; lazyInit=false; autowireMode=3; dependencyCheck=0; autowireCandidate=true; primary=false; factoryBeanName=rabbitMqConfiguration; factoryMethodName=connectionFactory; initMethodName=null; destroyMethodName=(inferred); defined in class path resource [com/matlb/rabbitMq/RabbitMqConfiguration.class]] with [Root bean: class [null]; scope=; abstract=false; lazyInit=false; autowireMode=3; dependencyCheck=0; autowireCandidate=true; primary=false; factoryBeanName=scrapingResultConsumerConfiguration; factoryMethodName=connectionFactory; initMethodName=null; destroyMethodName=(inferred); defined in class path resource [com/matlb/rabbitMq/ScrapingResultConsumerConfiguration.class]]
2016-08-25 13:17:36.366  INFO 63498 --- [  restartedMain] o.s.b.f.s.DefaultListableBeanFactory     : Overriding bean definition for bean 'amqpAdmin' with a different definition: replacing [Root bean: class [null]; scope=; abstract=false; lazyInit=false; autowireMode=3; dependencyCheck=0; autowireCandidate=true; primary=false; factoryBeanName=rabbitMqConfiguration; factoryMethodName=amqpAdmin; initMethodName=null; destroyMethodName=(inferred); defined in class path resource [com/matlb/rabbitMq/RabbitMqConfiguration.class]] with [Root bean: class [null]; scope=; abstract=false; lazyInit=false; autowireMode=3; dependencyCheck=0; autowireCandidate=true; primary=false; factoryBeanName=scrapingResultConsumerConfiguration; factoryMethodName=amqpAdmin; initMethodName=null; destroyMethodName=(inferred); defined in class path resource [com/matlb/rabbitMq/ScrapingResultConsumerConfiguration.class]]
2016-08-25 13:17:36.366  INFO 63498 --- [  restartedMain] o.s.b.f.s.DefaultListableBeanFactory     : Overriding bean definition for bean 'jsonMessageConverter' with a different definition: replacing [Root bean: class [null]; scope=; abstract=false; lazyInit=false; autowireMode=3; dependencyCheck=0; autowireCandidate=true; primary=false; factoryBeanName=rabbitMqConfiguration; factoryMethodName=jsonMessageConverter; initMethodName=null; destroyMethodName=(inferred); defined in class path resource [com/matlb/rabbitMq/RabbitMqConfiguration.class]] with [Root bean: class [null]; scope=; abstract=false; lazyInit=false; autowireMode=3; dependencyCheck=0; autowireCandidate=true; primary=false; factoryBeanName=scrapingResultConsumerConfiguration; factoryMethodName=jsonMessageConverter; initMethodName=null; destroyMethodName=(inferred); defined in class path resource [com/matlb/rabbitMq/ScrapingResultConsumerConfiguration.class]]
2016-08-25 13:17:36.366  INFO 63498 --- [  restartedMain] o.s.b.f.s.DefaultListableBeanFactory     : Overriding bean definition for bean 'classMapper' with a different definition: replacing [Root bean: class [null]; scope=; abstract=false; lazyInit=false; autowireMode=3; dependencyCheck=0; autowireCandidate=true; primary=false; factoryBeanName=rabbitMqConfiguration; factoryMethodName=classMapper; initMethodName=null; destroyMethodName=(inferred); defined in class path resource [com/matlb/rabbitMq/RabbitMqConfiguration.class]] with [Root bean: class [null]; scope=; abstract=false; lazyInit=false; autowireMode=3; dependencyCheck=0; autowireCandidate=true; primary=false; factoryBeanName=scrapingResultConsumerConfiguration; factoryMethodName=classMapper; initMethodName=null; destroyMethodName=(inferred); defined in class path resource [com/matlb/rabbitMq/ScrapingResultConsumerConfiguration.class]]
2016-08-25 13:17:36.366  INFO 63498 --- [  restartedMain] o.s.b.f.s.DefaultListableBeanFactory     : Overriding bean definition for bean 'rabbitTemplate' with a different definition: replacing [Root bean: class [null]; scope=; abstract=false; lazyInit=false; autowireMode=3; dependencyCheck=0; autowireCandidate=true; primary=false; factoryBeanName=scrapingResultConsumerConfiguration; factoryMethodName=rabbitTemplate; initMethodName=null; destroyMethodName=(inferred); defined in class path resource [com/matlb/rabbitMq/ScrapingResultConsumerConfiguration.class]] with [Root bean: class [null]; scope=; abstract=false; lazyInit=false; autowireMode=3; dependencyCheck=0; autowireCandidate=true; primary=false; factoryBeanName=taskProducerConfiguration; factoryMethodName=rabbitTemplate; initMethodName=null; destroyMethodName=(inferred); defined in class path resource [com/matlb/rabbitMq/TaskProducerConfiguration.class]]
2016-08-25 13:17:36.447  INFO 63498 --- [  restartedMain] o.s.b.f.s.DefaultListableBeanFactory     : Overriding bean definition for bean 'beanNameViewResolver' with a different definition: replacing [Root bean: class [null]; scope=; abstract=false; lazyInit=false; autowireMode=3; dependencyCheck=0; autowireCandidate=true; primary=false; factoryBeanName=org.springframework.boot.autoconfigure.web.ErrorMvcAutoConfiguration$WhitelabelErrorViewConfiguration; factoryMethodName=beanNameViewResolver; initMethodName=null; destroyMethodName=(inferred); defined in class path resource [org/springframework/boot/autoconfigure/web/ErrorMvcAutoConfiguration$WhitelabelErrorViewConfiguration.class]] with [Root bean: class [null]; scope=; abstract=false; lazyInit=false; autowireMode=3; dependencyCheck=0; autowireCandidate=true; primary=false; factoryBeanName=org.springframework.boot.autoconfigure.web.WebMvcAutoConfiguration$WebMvcAutoConfigurationAdapter; factoryMethodName=beanNameViewResolver; initMethodName=null; destroyMethodName=(inferred); defined in class path resource [org/springframework/boot/autoconfigure/web/WebMvcAutoConfiguration$WebMvcAutoConfigurationAdapter.class]]
2016-08-25 13:17:37.159  INFO 63498 --- [  restartedMain] trationDelegate$BeanPostProcessorChecker : Bean 'org.springframework.amqp.rabbit.annotation.RabbitBootstrapConfiguration' of type [class org.springframework.amqp.rabbit.annotation.RabbitBootstrapConfiguration$$EnhancerBySpringCGLIB$$d1994287] is not eligible for getting processed by all BeanPostProcessors (for example: not eligible for auto-proxying)
2016-08-25 13:17:37.341  INFO 63498 --- [  restartedMain] trationDelegate$BeanPostProcessorChecker : Bean 'org.springframework.transaction.annotation.ProxyTransactionManagementConfiguration' of type [class org.springframework.transaction.annotation.ProxyTransactionManagementConfiguration$$EnhancerBySpringCGLIB$$c831b219] is not eligible for getting processed by all BeanPostProcessors (for example: not eligible for auto-proxying)
2016-08-25 13:17:38.240  INFO 63498 --- [  restartedMain] s.b.c.e.t.TomcatEmbeddedServletContainer : Tomcat initialized with port(s): 8080 (http)
2016-08-25 13:17:38.264  INFO 63498 --- [  restartedMain] o.apache.catalina.core.StandardService   : Starting service Tomcat
2016-08-25 13:17:38.268  INFO 63498 --- [  restartedMain] org.apache.catalina.core.StandardEngine  : Starting Servlet Engine: Apache Tomcat/8.0.32
2016-08-25 13:17:38.406  INFO 63498 --- [ost-startStop-1] o.a.c.c.C.[Tomcat].[localhost].[/]       : Initializing Spring embedded WebApplicationContext
2016-08-25 13:17:38.406  INFO 63498 --- [ost-startStop-1] o.s.web.context.ContextLoader            : Root WebApplicationContext: initialization completed in 3454 ms
2016-08-25 13:17:39.385  INFO 63498 --- [ost-startStop-1] j.LocalContainerEntityManagerFactoryBean : Building JPA container EntityManagerFactory for persistence unit 'default'
2016-08-25 13:17:39.421  INFO 63498 --- [ost-startStop-1] o.hibernate.jpa.internal.util.LogHelper  : HHH000204: Processing PersistenceUnitInfo [
	name: default
	...]
2016-08-25 13:17:39.649  INFO 63498 --- [ost-startStop-1] org.hibernate.Version                    : HHH000412: Hibernate Core {4.3.11.Final}
2016-08-25 13:17:39.654  INFO 63498 --- [ost-startStop-1] org.hibernate.cfg.Environment            : HHH000206: hibernate.properties not found
2016-08-25 13:17:39.657  INFO 63498 --- [ost-startStop-1] org.hibernate.cfg.Environment            : HHH000021: Bytecode provider name : javassist
2016-08-25 13:17:40.331  INFO 63498 --- [ost-startStop-1] o.hibernate.annotations.common.Version   : HCANN000001: Hibernate Commons Annotations {4.0.5.Final}
Thu Aug 25 13:17:40 IST 2016 WARN: Establishing SSL connection without server's identity verification is not recommended. According to MySQL 5.5.45+, 5.6.26+ and 5.7.6+ requirements SSL connection must be established by default if explicit option isn't set. For compliance with existing applications not using SSL the verifyServerCertificate property is set to 'false'. You need either to explicitly disable SSL by setting useSSL=false, or set useSSL=true and provide truststore for server certificate verification.
Thu Aug 25 13:17:41 IST 2016 WARN: Establishing SSL connection without server's identity verification is not recommended. According to MySQL 5.5.45+, 5.6.26+ and 5.7.6+ requirements SSL connection must be established by default if explicit option isn't set. For compliance with existing applications not using SSL the verifyServerCertificate property is set to 'false'. You need either to explicitly disable SSL by setting useSSL=false, or set useSSL=true and provide truststore for server certificate verification.
Thu Aug 25 13:17:41 IST 2016 WARN: Establishing SSL connection without server's identity verification is not recommended. According to MySQL 5.5.45+, 5.6.26+ and 5.7.6+ requirements SSL connection must be established by default if explicit option isn't set. For compliance with existing applications not using SSL the verifyServerCertificate property is set to 'false'. You need either to explicitly disable SSL by setting useSSL=false, or set useSSL=true and provide truststore for server certificate verification.
Thu Aug 25 13:17:41 IST 2016 WARN: Establishing SSL connection without server's identity verification is not recommended. According to MySQL 5.5.45+, 5.6.26+ and 5.7.6+ requirements SSL connection must be established by default if explicit option isn't set. For compliance with existing applications not using SSL the verifyServerCertificate property is set to 'false'. You need either to explicitly disable SSL by setting useSSL=false, or set useSSL=true and provide truststore for server certificate verification.
Thu Aug 25 13:17:41 IST 2016 WARN: Establishing SSL connection without server's identity verification is not recommended. According to MySQL 5.5.45+, 5.6.26+ and 5.7.6+ requirements SSL connection must be established by default if explicit option isn't set. For compliance with existing applications not using SSL the verifyServerCertificate property is set to 'false'. You need either to explicitly disable SSL by setting useSSL=false, or set useSSL=true and provide truststore for server certificate verification.
Thu Aug 25 13:17:41 IST 2016 WARN: Establishing SSL connection without server's identity verification is not recommended. According to MySQL 5.5.45+, 5.6.26+ and 5.7.6+ requirements SSL connection must be established by default if explicit option isn't set. For compliance with existing applications not using SSL the verifyServerCertificate property is set to 'false'. You need either to explicitly disable SSL by setting useSSL=false, or set useSSL=true and provide truststore for server certificate verification.
Thu Aug 25 13:17:41 IST 2016 WARN: Establishing SSL connection without server's identity verification is not recommended. According to MySQL 5.5.45+, 5.6.26+ and 5.7.6+ requirements SSL connection must be established by default if explicit option isn't set. For compliance with existing applications not using SSL the verifyServerCertificate property is set to 'false'. You need either to explicitly disable SSL by setting useSSL=false, or set useSSL=true and provide truststore for server certificate verification.
Thu Aug 25 13:17:41 IST 2016 WARN: Establishing SSL connection without server's identity verification is not recommended. According to MySQL 5.5.45+, 5.6.26+ and 5.7.6+ requirements SSL connection must be established by default if explicit option isn't set. For compliance with existing applications not using SSL the verifyServerCertificate property is set to 'false'. You need either to explicitly disable SSL by setting useSSL=false, or set useSSL=true and provide truststore for server certificate verification.
Thu Aug 25 13:17:41 IST 2016 WARN: Establishing SSL connection without server's identity verification is not recommended. According to MySQL 5.5.45+, 5.6.26+ and 5.7.6+ requirements SSL connection must be established by default if explicit option isn't set. For compliance with existing applications not using SSL the verifyServerCertificate property is set to 'false'. You need either to explicitly disable SSL by setting useSSL=false, or set useSSL=true and provide truststore for server certificate verification.
Thu Aug 25 13:17:41 IST 2016 WARN: Establishing SSL connection without server's identity verification is not recommended. According to MySQL 5.5.45+, 5.6.26+ and 5.7.6+ requirements SSL connection must be established by default if explicit option isn't set. For compliance with existing applications not using SSL the verifyServerCertificate property is set to 'false'. You need either to explicitly disable SSL by setting useSSL=false, or set useSSL=true and provide truststore for server certificate verification.
2016-08-25 13:17:41.135  INFO 63498 --- [ost-startStop-1] org.hibernate.dialect.Dialect            : HHH000400: Using dialect: org.hibernate.dialect.MySQL5Dialect
2016-08-25 13:17:41.487  INFO 63498 --- [ost-startStop-1] o.h.h.i.ast.ASTQueryTranslatorFactory    : HHH000397: Using ASTQueryTranslatorFactory
2016-08-25 13:17:42.430  INFO 63498 --- [ost-startStop-1] org.hibernate.tool.hbm2ddl.SchemaUpdate  : HHH000228: Running hbm2ddl schema update
2016-08-25 13:17:42.432  INFO 63498 --- [ost-startStop-1] org.hibernate.tool.hbm2ddl.SchemaUpdate  : HHH000102: Fetching database metadata
2016-08-25 13:17:42.436  INFO 63498 --- [ost-startStop-1] org.hibernate.tool.hbm2ddl.SchemaUpdate  : HHH000396: Updating schema
2016-08-25 13:17:42.501  INFO 63498 --- [ost-startStop-1] o.hibernate.tool.hbm2ddl.TableMetadata   : HHH000261: Table found: matlb.bookmark
2016-08-25 13:17:42.501  INFO 63498 --- [ost-startStop-1] o.hibernate.tool.hbm2ddl.TableMetadata   : HHH000037: Columns: [summary, note, create_dt, id, url]
2016-08-25 13:17:42.502  INFO 63498 --- [ost-startStop-1] o.hibernate.tool.hbm2ddl.TableMetadata   : HHH000108: Foreign keys: []
2016-08-25 13:17:42.503  INFO 63498 --- [ost-startStop-1] o.hibernate.tool.hbm2ddl.TableMetadata   : HHH000126: Indexes: [primary]
2016-08-25 13:17:42.515  INFO 63498 --- [ost-startStop-1] o.hibernate.tool.hbm2ddl.TableMetadata   : HHH000261: Table found: matlb.poll
2016-08-25 13:17:42.518  INFO 63498 --- [ost-startStop-1] o.hibernate.tool.hbm2ddl.TableMetadata   : HHH000037: Columns: [opt_b_count, opt_d_count, asker_id, opt_c_count, result, valid_upto, update_dt, opt_a_count, genre, create_dt, id, opt_e_count, status]
2016-08-25 13:17:42.519  INFO 63498 --- [ost-startStop-1] o.hibernate.tool.hbm2ddl.TableMetadata   : HHH000108: Foreign keys: [poll_ibfk_1]
2016-08-25 13:17:42.519  INFO 63498 --- [ost-startStop-1] o.hibernate.tool.hbm2ddl.TableMetadata   : HHH000126: Indexes: [asker_id, primary]
2016-08-25 13:17:42.527  INFO 63498 --- [ost-startStop-1] o.hibernate.tool.hbm2ddl.TableMetadata   : HHH000261: Table found: matlb.poll_answer
2016-08-25 13:17:42.528  INFO 63498 --- [ost-startStop-1] o.hibernate.tool.hbm2ddl.TableMetadata   : HHH000037: Columns: [poll_id, answer, create_dt, id, answerer_id]
2016-08-25 13:17:42.528  INFO 63498 --- [ost-startStop-1] o.hibernate.tool.hbm2ddl.TableMetadata   : HHH000108: Foreign keys: [poll_answer_ibfk_1, poll_answer_ibfk_2]
2016-08-25 13:17:42.529  INFO 63498 --- [ost-startStop-1] o.hibernate.tool.hbm2ddl.TableMetadata   : HHH000126: Indexes: [poll_id, answerer_poll, primary]
2016-08-25 13:17:42.542  INFO 63498 --- [ost-startStop-1] o.hibernate.tool.hbm2ddl.TableMetadata   : HHH000261: Table found: matlb.poll_question
2016-08-25 13:17:42.545  INFO 63498 --- [ost-startStop-1] o.hibernate.tool.hbm2ddl.TableMetadata   : HHH000037: Columns: [question_text, option_d, option_e, option_b, poll_id, option_c, update_dt, create_dt, id, option_a]
2016-08-25 13:17:42.546  INFO 63498 --- [ost-startStop-1] o.hibernate.tool.hbm2ddl.TableMetadata   : HHH000108: Foreign keys: [poll_question_ibfk_1]
2016-08-25 13:17:42.546  INFO 63498 --- [ost-startStop-1] o.hibernate.tool.hbm2ddl.TableMetadata   : HHH000126: Indexes: [poll_id, primary]
2016-08-25 13:17:42.555  INFO 63498 --- [ost-startStop-1] o.hibernate.tool.hbm2ddl.TableMetadata   : HHH000261: Table found: matlb.question_asked
2016-08-25 13:17:42.556  INFO 63498 --- [ost-startStop-1] o.hibernate.tool.hbm2ddl.TableMetadata   : HHH000037: Columns: [asked_to, poll_id, credit_alloted, update_dt, create_dt, id, asked_by, status]
2016-08-25 13:17:42.556  INFO 63498 --- [ost-startStop-1] o.hibernate.tool.hbm2ddl.TableMetadata   : HHH000108: Foreign keys: [question_asked_ibfk_2, question_asked_ibfk_1, question_asked_ibfk_3]
2016-08-25 13:17:42.556  INFO 63498 --- [ost-startStop-1] o.hibernate.tool.hbm2ddl.TableMetadata   : HHH000126: Indexes: [asked_to, question_answer, asked_by, primary]
2016-08-25 13:17:42.563  INFO 63498 --- [ost-startStop-1] o.hibernate.tool.hbm2ddl.TableMetadata   : HHH000261: Table found: matlb.subscriber
2016-08-25 13:17:42.564  INFO 63498 --- [ost-startStop-1] o.hibernate.tool.hbm2ddl.TableMetadata   : HHH000037: Columns: [email_id, update_dt, create_dt, id]
2016-08-25 13:17:42.564  INFO 63498 --- [ost-startStop-1] o.hibernate.tool.hbm2ddl.TableMetadata   : HHH000108: Foreign keys: []
2016-08-25 13:17:42.564  INFO 63498 --- [ost-startStop-1] o.hibernate.tool.hbm2ddl.TableMetadata   : HHH000126: Indexes: [primary]
2016-08-25 13:17:42.571  INFO 63498 --- [ost-startStop-1] o.hibernate.tool.hbm2ddl.TableMetadata   : HHH000261: Table found: matlb.user
2016-08-25 13:17:42.571  INFO 63498 --- [ost-startStop-1] o.hibernate.tool.hbm2ddl.TableMetadata   : HHH000037: Columns: [email_id, question_count, genre_pref, credits, update_dt, name, profile_pic, create_dt, phone_number, id, answer_count]
2016-08-25 13:17:42.571  INFO 63498 --- [ost-startStop-1] o.hibernate.tool.hbm2ddl.TableMetadata   : HHH000108: Foreign keys: []
2016-08-25 13:17:42.571  INFO 63498 --- [ost-startStop-1] o.hibernate.tool.hbm2ddl.TableMetadata   : HHH000126: Indexes: [primary]
2016-08-25 13:17:42.572  INFO 63498 --- [ost-startStop-1] org.hibernate.tool.hbm2ddl.SchemaUpdate  : HHH000232: Schema update complete
2016-08-25 13:17:44.398  INFO 63498 --- [ost-startStop-1] o.s.b.f.config.PropertiesFactoryBean     : Loading properties file from class path resource [rest-default-messages.properties]
2016-08-25 13:17:45.075  INFO 63498 --- [ost-startStop-1] o.s.b.c.embedded.FilterRegistrationBean  : Mapping filter: 'characterEncodingFilter' to: [/*]
2016-08-25 13:17:45.076  INFO 63498 --- [ost-startStop-1] o.s.b.c.embedded.FilterRegistrationBean  : Mapping filter: 'hiddenHttpMethodFilter' to: [/*]
2016-08-25 13:17:45.076  INFO 63498 --- [ost-startStop-1] o.s.b.c.embedded.FilterRegistrationBean  : Mapping filter: 'httpPutFormContentFilter' to: [/*]
2016-08-25 13:17:45.076  INFO 63498 --- [ost-startStop-1] o.s.b.c.embedded.FilterRegistrationBean  : Mapping filter: 'requestContextFilter' to: [/*]
2016-08-25 13:17:45.076  INFO 63498 --- [ost-startStop-1] o.s.b.c.embedded.FilterRegistrationBean  : Mapping filter: 'CORSFilter' to: [/*]
2016-08-25 13:17:45.076  INFO 63498 --- [ost-startStop-1] o.s.b.c.embedded.FilterRegistrationBean  : Filter CORSFilter was not registered (possibly already registered?)
2016-08-25 13:17:45.077  INFO 63498 --- [ost-startStop-1] o.s.b.c.e.ServletRegistrationBean        : Mapping servlet: 'dispatcherServlet' to [/]
2016-08-25 13:17:45.078  INFO 63498 --- [ost-startStop-1] o.s.b.c.e.ServletRegistrationBean        : Mapping servlet: 'webServlet' to [/h2-console/*]
2016-08-25 13:17:45.668  INFO 63498 --- [  restartedMain] s.w.s.m.m.a.RequestMappingHandlerAdapter : Looking for @ControllerAdvice: org.springframework.boot.context.embedded.AnnotationConfigEmbeddedWebApplicationContext@31decc60: startup date [Thu Aug 25 13:17:34 IST 2016]; root of context hierarchy
2016-08-25 13:17:45.786  INFO 63498 --- [  restartedMain] s.w.s.m.m.a.RequestMappingHandlerMapping : Mapped "{[/greeting]}" onto public com.matlb.domain.Greeting com.matlb.controller.GreetingController.greeting(java.lang.String)
2016-08-25 13:17:45.790  INFO 63498 --- [  restartedMain] s.w.s.m.m.a.RequestMappingHandlerMapping : Mapped "{[/matlb/subscriber/add],methods=[POST]}" onto public com.matlb.domain.UserResponse com.matlb.controller.MatlbController.createSubscriber(com.matlb.domain.Subscriber)
2016-08-25 13:17:45.790  INFO 63498 --- [  restartedMain] s.w.s.m.m.a.RequestMappingHandlerMapping : Mapped "{[/matlb/user/add],methods=[POST]}" onto public com.matlb.domain.UserResponse com.matlb.controller.MatlbController.createUser(com.matlb.domain.User)
2016-08-25 13:17:45.790  INFO 63498 --- [  restartedMain] s.w.s.m.m.a.RequestMappingHandlerMapping : Mapped "{[/matlb/user/find/{id}]}" onto public com.matlb.domain.User com.matlb.controller.MatlbController.getUserById(java.lang.Integer)
2016-08-25 13:17:45.791  INFO 63498 --- [  restartedMain] s.w.s.m.m.a.RequestMappingHandlerMapping : Mapped "{[/matlb/user/get/all]}" onto public java.util.List<com.matlb.domain.User> com.matlb.controller.MatlbController.getAllUsers()
2016-08-25 13:17:45.791  INFO 63498 --- [  restartedMain] s.w.s.m.m.a.RequestMappingHandlerMapping : Mapped "{[/matlb/poll/create/find/{pageNumber}],methods=[POST]}" onto public com.matlb.domain.BasePollResponse com.matlb.controller.MatlbController.findPollCreatedByUser(com.matlb.domain.User,java.lang.Integer)
2016-08-25 13:17:45.791  INFO 63498 --- [  restartedMain] s.w.s.m.m.a.RequestMappingHandlerMapping : Mapped "{[/matlb/poll/answered/find/{pageNumber}],methods=[POST]}" onto public com.matlb.domain.BasePollResponse com.matlb.controller.MatlbController.findPollAnsweredByUser(com.matlb.domain.User,java.lang.Integer)
2016-08-25 13:17:45.798  INFO 63498 --- [  restartedMain] s.w.s.m.m.a.RequestMappingHandlerMapping : Mapped "{[/error]}" onto public org.springframework.http.ResponseEntity<java.util.Map<java.lang.String, java.lang.Object>> org.springframework.boot.autoconfigure.web.BasicErrorController.error(javax.servlet.http.HttpServletRequest)
2016-08-25 13:17:45.798  INFO 63498 --- [  restartedMain] s.w.s.m.m.a.RequestMappingHandlerMapping : Mapped "{[/error],produces=[text/html]}" onto public org.springframework.web.servlet.ModelAndView org.springframework.boot.autoconfigure.web.BasicErrorController.errorHtml(javax.servlet.http.HttpServletRequest,javax.servlet.http.HttpServletResponse)
2016-08-25 13:17:45.818  INFO 63498 --- [  restartedMain] o.s.w.s.c.a.WebMvcConfigurerAdapter      : Adding welcome page: class path resource [static/index.html]
2016-08-25 13:17:45.836  INFO 63498 --- [  restartedMain] o.s.w.s.handler.SimpleUrlHandlerMapping  : Root mapping to handler of type [class org.springframework.web.servlet.mvc.ParameterizableViewController]
2016-08-25 13:17:45.866  INFO 63498 --- [  restartedMain] o.s.w.s.handler.SimpleUrlHandlerMapping  : Mapped URL path [/webjars/**] onto handler of type [class org.springframework.web.servlet.resource.ResourceHttpRequestHandler]
2016-08-25 13:17:45.867  INFO 63498 --- [  restartedMain] o.s.w.s.handler.SimpleUrlHandlerMapping  : Mapped URL path [/**] onto handler of type [class org.springframework.web.servlet.resource.ResourceHttpRequestHandler]
2016-08-25 13:17:45.919  INFO 63498 --- [  restartedMain] .m.m.a.ExceptionHandlerExceptionResolver : Detected @ExceptionHandler methods in repositoryRestExceptionHandler
2016-08-25 13:17:45.982  INFO 63498 --- [  restartedMain] o.s.w.s.handler.SimpleUrlHandlerMapping  : Mapped URL path [/**/favicon.ico] onto handler of type [class org.springframework.web.servlet.resource.ResourceHttpRequestHandler]
2016-08-25 13:17:46.502  INFO 63498 --- [  restartedMain] o.s.d.r.w.RepositoryRestHandlerAdapter   : Looking for @ControllerAdvice: org.springframework.boot.context.embedded.AnnotationConfigEmbeddedWebApplicationContext@31decc60: startup date [Thu Aug 25 13:17:34 IST 2016]; root of context hierarchy
2016-08-25 13:17:46.534  INFO 63498 --- [  restartedMain] o.s.d.r.w.RepositoryRestHandlerMapping   : Mapped "{[/{repository}],methods=[OPTIONS],produces=[application/hal+json || application/json || application/*+json;charset=UTF-8]}" onto public org.springframework.http.ResponseEntity<?> org.springframework.data.rest.webmvc.RepositoryEntityController.optionsForCollectionResource(org.springframework.data.rest.webmvc.RootResourceInformation)
2016-08-25 13:17:46.539  INFO 63498 --- [  restartedMain] o.s.d.r.w.RepositoryRestHandlerMapping   : Mapped "{[/{repository}],methods=[HEAD],produces=[application/hal+json || application/json || application/*+json;charset=UTF-8]}" onto public org.springframework.http.ResponseEntity<?> org.springframework.data.rest.webmvc.RepositoryEntityController.headCollectionResource(org.springframework.data.rest.webmvc.RootResourceInformation,org.springframework.data.rest.webmvc.support.DefaultedPageable) throws org.springframework.web.HttpRequestMethodNotSupportedException
2016-08-25 13:17:46.540  INFO 63498 --- [  restartedMain] o.s.d.r.w.RepositoryRestHandlerMapping   : Mapped "{[/{repository}],methods=[GET],produces=[application/hal+json || application/json || application/*+json;charset=UTF-8]}" onto public org.springframework.hateoas.Resources<?> org.springframework.data.rest.webmvc.RepositoryEntityController.getCollectionResource(org.springframework.data.rest.webmvc.RootResourceInformation,org.springframework.data.rest.webmvc.support.DefaultedPageable,org.springframework.data.domain.Sort,org.springframework.data.rest.webmvc.PersistentEntityResourceAssembler) throws org.springframework.data.rest.webmvc.ResourceNotFoundException,org.springframework.web.HttpRequestMethodNotSupportedException
2016-08-25 13:17:46.544  INFO 63498 --- [  restartedMain] o.s.d.r.w.RepositoryRestHandlerMapping   : Mapped "{[/{repository}],methods=[GET],produces=[application/x-spring-data-compact+json || text/uri-list]}" onto public org.springframework.hateoas.Resources<?> org.springframework.data.rest.webmvc.RepositoryEntityController.getCollectionResourceCompact(org.springframework.data.rest.webmvc.RootResourceInformation,org.springframework.data.rest.webmvc.support.DefaultedPageable,org.springframework.data.domain.Sort,org.springframework.data.rest.webmvc.PersistentEntityResourceAssembler) throws org.springframework.data.rest.webmvc.ResourceNotFoundException,org.springframework.web.HttpRequestMethodNotSupportedException
2016-08-25 13:17:46.544  INFO 63498 --- [  restartedMain] o.s.d.r.w.RepositoryRestHandlerMapping   : Mapped "{[/{repository}],methods=[POST],produces=[application/hal+json || application/json || application/*+json;charset=UTF-8]}" onto public org.springframework.http.ResponseEntity<org.springframework.hateoas.ResourceSupport> org.springframework.data.rest.webmvc.RepositoryEntityController.postCollectionResource(org.springframework.data.rest.webmvc.RootResourceInformation,org.springframework.data.rest.webmvc.PersistentEntityResource,org.springframework.data.rest.webmvc.PersistentEntityResourceAssembler,java.lang.String) throws org.springframework.web.HttpRequestMethodNotSupportedException
2016-08-25 13:17:46.545  INFO 63498 --- [  restartedMain] o.s.d.r.w.RepositoryRestHandlerMapping   : Mapped "{[/{repository}/{id}],methods=[OPTIONS],produces=[application/hal+json || application/json || application/*+json;charset=UTF-8]}" onto public org.springframework.http.ResponseEntity<?> org.springframework.data.rest.webmvc.RepositoryEntityController.optionsForItemResource(org.springframework.data.rest.webmvc.RootResourceInformation)
2016-08-25 13:17:46.545  INFO 63498 --- [  restartedMain] o.s.d.r.w.RepositoryRestHandlerMapping   : Mapped "{[/{repository}/{id}],methods=[HEAD],produces=[application/hal+json || application/json || application/*+json;charset=UTF-8]}" onto public org.springframework.http.ResponseEntity<?> org.springframework.data.rest.webmvc.RepositoryEntityController.headForItemResource(org.springframework.data.rest.webmvc.RootResourceInformation,java.io.Serializable,org.springframework.data.rest.webmvc.PersistentEntityResourceAssembler) throws org.springframework.web.HttpRequestMethodNotSupportedException
2016-08-25 13:17:46.546  INFO 63498 --- [  restartedMain] o.s.d.r.w.RepositoryRestHandlerMapping   : Mapped "{[/{repository}/{id}],methods=[GET],produces=[application/hal+json || application/json || application/*+json;charset=UTF-8]}" onto public org.springframework.http.ResponseEntity<org.springframework.hateoas.Resource<?>> org.springframework.data.rest.webmvc.RepositoryEntityController.getItemResource(org.springframework.data.rest.webmvc.RootResourceInformation,java.io.Serializable,org.springframework.data.rest.webmvc.PersistentEntityResourceAssembler,org.springframework.util.MultiValueMap<java.lang.String, java.lang.String>) throws org.springframework.web.HttpRequestMethodNotSupportedException
2016-08-25 13:17:46.546  INFO 63498 --- [  restartedMain] o.s.d.r.w.RepositoryRestHandlerMapping   : Mapped "{[/{repository}/{id}],methods=[PUT],produces=[application/hal+json || application/json || application/*+json;charset=UTF-8]}" onto public org.springframework.http.ResponseEntity<? extends org.springframework.hateoas.ResourceSupport> org.springframework.data.rest.webmvc.RepositoryEntityController.putItemResource(org.springframework.data.rest.webmvc.RootResourceInformation,org.springframework.data.rest.webmvc.PersistentEntityResource,java.io.Serializable,org.springframework.data.rest.webmvc.PersistentEntityResourceAssembler,org.springframework.data.rest.webmvc.support.ETag,java.lang.String) throws org.springframework.web.HttpRequestMethodNotSupportedException
2016-08-25 13:17:46.547  INFO 63498 --- [  restartedMain] o.s.d.r.w.RepositoryRestHandlerMapping   : Mapped "{[/{repository}/{id}],methods=[PATCH],produces=[application/hal+json || application/json || application/*+json;charset=UTF-8]}" onto public org.springframework.http.ResponseEntity<org.springframework.hateoas.ResourceSupport> org.springframework.data.rest.webmvc.RepositoryEntityController.patchItemResource(org.springframework.data.rest.webmvc.RootResourceInformation,org.springframework.data.rest.webmvc.PersistentEntityResource,java.io.Serializable,org.springframework.data.rest.webmvc.PersistentEntityResourceAssembler,org.springframework.data.rest.webmvc.support.ETag,java.lang.String) throws org.springframework.web.HttpRequestMethodNotSupportedException,org.springframework.data.rest.webmvc.ResourceNotFoundException
2016-08-25 13:17:46.547  INFO 63498 --- [  restartedMain] o.s.d.r.w.RepositoryRestHandlerMapping   : Mapped "{[/{repository}/{id}],methods=[DELETE],produces=[application/hal+json || application/json || application/*+json;charset=UTF-8]}" onto public org.springframework.http.ResponseEntity<?> org.springframework.data.rest.webmvc.RepositoryEntityController.deleteItemResource(org.springframework.data.rest.webmvc.RootResourceInformation,java.io.Serializable,org.springframework.data.rest.webmvc.support.ETag) throws org.springframework.data.rest.webmvc.ResourceNotFoundException,org.springframework.web.HttpRequestMethodNotSupportedException
2016-08-25 13:17:46.549  INFO 63498 --- [  restartedMain] o.s.d.r.w.RepositoryRestHandlerMapping   : Mapped "{[/ || ],methods=[OPTIONS],produces=[application/hal+json || application/json || application/*+json;charset=UTF-8]}" onto public org.springframework.http.HttpEntity<?> org.springframework.data.rest.webmvc.RepositoryController.optionsForRepositories()
2016-08-25 13:17:46.549  INFO 63498 --- [  restartedMain] o.s.d.r.w.RepositoryRestHandlerMapping   : Mapped "{[/ || ],methods=[HEAD],produces=[application/hal+json || application/json || application/*+json;charset=UTF-8]}" onto public org.springframework.http.ResponseEntity<?> org.springframework.data.rest.webmvc.RepositoryController.headForRepositories()
2016-08-25 13:17:46.550  INFO 63498 --- [  restartedMain] o.s.d.r.w.RepositoryRestHandlerMapping   : Mapped "{[/ || ],methods=[GET],produces=[application/hal+json || application/json || application/*+json;charset=UTF-8]}" onto public org.springframework.http.HttpEntity<org.springframework.data.rest.webmvc.RepositoryLinksResource> org.springframework.data.rest.webmvc.RepositoryController.listRepositories()
2016-08-25 13:17:46.553  INFO 63498 --- [  restartedMain] o.s.d.r.w.RepositoryRestHandlerMapping   : Mapped "{[/{repository}/{id}/{property}],methods=[GET],produces=[application/hal+json || application/json || application/*+json;charset=UTF-8]}" onto public org.springframework.http.ResponseEntity<org.springframework.hateoas.ResourceSupport> org.springframework.data.rest.webmvc.RepositoryPropertyReferenceController.followPropertyReference(org.springframework.data.rest.webmvc.RootResourceInformation,java.io.Serializable,java.lang.String,org.springframework.data.rest.webmvc.PersistentEntityResourceAssembler) throws java.lang.Exception
2016-08-25 13:17:46.554  INFO 63498 --- [  restartedMain] o.s.d.r.w.RepositoryRestHandlerMapping   : Mapped "{[/{repository}/{id}/{property}/{propertyId}],methods=[GET],produces=[application/hal+json || application/json || application/*+json;charset=UTF-8]}" onto public org.springframework.http.ResponseEntity<org.springframework.hateoas.ResourceSupport> org.springframework.data.rest.webmvc.RepositoryPropertyReferenceController.followPropertyReference(org.springframework.data.rest.webmvc.RootResourceInformation,java.io.Serializable,java.lang.String,java.lang.String,org.springframework.data.rest.webmvc.PersistentEntityResourceAssembler) throws java.lang.Exception
2016-08-25 13:17:46.555  INFO 63498 --- [  restartedMain] o.s.d.r.w.RepositoryRestHandlerMapping   : Mapped "{[/{repository}/{id}/{property}],methods=[DELETE],produces=[application/hal+json || application/json || application/*+json;charset=UTF-8]}" onto public org.springframework.http.ResponseEntity<? extends org.springframework.hateoas.ResourceSupport> org.springframework.data.rest.webmvc.RepositoryPropertyReferenceController.deletePropertyReference(org.springframework.data.rest.webmvc.RootResourceInformation,java.io.Serializable,java.lang.String) throws java.lang.Exception
2016-08-25 13:17:46.555  INFO 63498 --- [  restartedMain] o.s.d.r.w.RepositoryRestHandlerMapping   : Mapped "{[/{repository}/{id}/{property}],methods=[GET],produces=[application/x-spring-data-compact+json || text/uri-list]}" onto public org.springframework.http.ResponseEntity<org.springframework.hateoas.ResourceSupport> org.springframework.data.rest.webmvc.RepositoryPropertyReferenceController.followPropertyReferenceCompact(org.springframework.data.rest.webmvc.RootResourceInformation,java.io.Serializable,java.lang.String,org.springframework.data.rest.webmvc.PersistentEntityResourceAssembler) throws java.lang.Exception
2016-08-25 13:17:46.555  INFO 63498 --- [  restartedMain] o.s.d.r.w.RepositoryRestHandlerMapping   : Mapped "{[/{repository}/{id}/{property}],methods=[PATCH || PUT || POST],consumes=[application/json || application/x-spring-data-compact+json || text/uri-list],produces=[application/hal+json || application/json || application/*+json;charset=UTF-8]}" onto public org.springframework.http.ResponseEntity<? extends org.springframework.hateoas.ResourceSupport> org.springframework.data.rest.webmvc.RepositoryPropertyReferenceController.createPropertyReference(org.springframework.data.rest.webmvc.RootResourceInformation,org.springframework.http.HttpMethod,org.springframework.hateoas.Resources<java.lang.Object>,java.io.Serializable,java.lang.String) throws java.lang.Exception
2016-08-25 13:17:46.556  INFO 63498 --- [  restartedMain] o.s.d.r.w.RepositoryRestHandlerMapping   : Mapped "{[/{repository}/{id}/{property}/{propertyId}],methods=[DELETE],produces=[application/hal+json || application/json || application/*+json;charset=UTF-8]}" onto public org.springframework.http.ResponseEntity<org.springframework.hateoas.ResourceSupport> org.springframework.data.rest.webmvc.RepositoryPropertyReferenceController.deletePropertyReferenceId(org.springframework.data.rest.webmvc.RootResourceInformation,java.io.Serializable,java.lang.String,java.lang.String) throws java.lang.Exception
2016-08-25 13:17:46.559  INFO 63498 --- [  restartedMain] o.s.d.r.w.RepositoryRestHandlerMapping   : Mapped "{[/{repository}/search],methods=[OPTIONS],produces=[application/hal+json || application/json || application/*+json;charset=UTF-8]}" onto public org.springframework.http.HttpEntity<?> org.springframework.data.rest.webmvc.RepositorySearchController.optionsForSearches(org.springframework.data.rest.webmvc.RootResourceInformation)
2016-08-25 13:17:46.559  INFO 63498 --- [  restartedMain] o.s.d.r.w.RepositoryRestHandlerMapping   : Mapped "{[/{repository}/search],methods=[HEAD],produces=[application/hal+json || application/json || application/*+json;charset=UTF-8]}" onto public org.springframework.http.HttpEntity<?> org.springframework.data.rest.webmvc.RepositorySearchController.headForSearches(org.springframework.data.rest.webmvc.RootResourceInformation)
2016-08-25 13:17:46.559  INFO 63498 --- [  restartedMain] o.s.d.r.w.RepositoryRestHandlerMapping   : Mapped "{[/{repository}/search],methods=[GET],produces=[application/hal+json || application/json || application/*+json;charset=UTF-8]}" onto public org.springframework.data.rest.webmvc.RepositorySearchesResource org.springframework.data.rest.webmvc.RepositorySearchController.listSearches(org.springframework.data.rest.webmvc.RootResourceInformation)
2016-08-25 13:17:46.560  INFO 63498 --- [  restartedMain] o.s.d.r.w.RepositoryRestHandlerMapping   : Mapped "{[/{repository}/search/{search}],methods=[GET],produces=[application/hal+json || application/json || application/*+json;charset=UTF-8]}" onto public org.springframework.http.ResponseEntity<java.lang.Object> org.springframework.data.rest.webmvc.RepositorySearchController.executeSearch(org.springframework.data.rest.webmvc.RootResourceInformation,org.springframework.util.MultiValueMap<java.lang.String, java.lang.Object>,java.lang.String,org.springframework.data.rest.webmvc.support.DefaultedPageable,org.springframework.data.domain.Sort,org.springframework.data.rest.webmvc.PersistentEntityResourceAssembler)
2016-08-25 13:17:46.560  INFO 63498 --- [  restartedMain] o.s.d.r.w.RepositoryRestHandlerMapping   : Mapped "{[/{repository}/search/{search}],methods=[GET],produces=[application/x-spring-data-compact+json]}" onto public org.springframework.hateoas.ResourceSupport org.springframework.data.rest.webmvc.RepositorySearchController.executeSearchCompact(org.springframework.data.rest.webmvc.RootResourceInformation,org.springframework.util.MultiValueMap<java.lang.String, java.lang.Object>,java.lang.String,java.lang.String,org.springframework.data.rest.webmvc.support.DefaultedPageable,org.springframework.data.domain.Sort,org.springframework.data.rest.webmvc.PersistentEntityResourceAssembler)
2016-08-25 13:17:46.561  INFO 63498 --- [  restartedMain] o.s.d.r.w.RepositoryRestHandlerMapping   : Mapped "{[/{repository}/search/{search}],methods=[OPTIONS],produces=[application/hal+json || application/json || application/*+json;charset=UTF-8]}" onto public org.springframework.http.ResponseEntity<java.lang.Object> org.springframework.data.rest.webmvc.RepositorySearchController.optionsForSearch(org.springframework.data.rest.webmvc.RootResourceInformation,java.lang.String)
2016-08-25 13:17:46.561  INFO 63498 --- [  restartedMain] o.s.d.r.w.RepositoryRestHandlerMapping   : Mapped "{[/{repository}/search/{search}],methods=[HEAD],produces=[application/hal+json || application/json || application/*+json;charset=UTF-8]}" onto public org.springframework.http.ResponseEntity<java.lang.Object> org.springframework.data.rest.webmvc.RepositorySearchController.headForSearch(org.springframework.data.rest.webmvc.RootResourceInformation,java.lang.String)
2016-08-25 13:17:46.571  INFO 63498 --- [  restartedMain] o.s.d.r.w.BasePathAwareHandlerMapping    : Mapped "{[/profile],methods=[GET]}" onto org.springframework.http.HttpEntity<org.springframework.hateoas.ResourceSupport> org.springframework.data.rest.webmvc.ProfileController.listAllFormsOfMetadata()
2016-08-25 13:17:46.571  INFO 63498 --- [  restartedMain] o.s.d.r.w.BasePathAwareHandlerMapping    : Mapped "{[/profile],methods=[OPTIONS]}" onto public org.springframework.http.HttpEntity<?> org.springframework.data.rest.webmvc.ProfileController.profileOptions()
2016-08-25 13:17:46.573  INFO 63498 --- [  restartedMain] o.s.d.r.w.BasePathAwareHandlerMapping    : Mapped "{[/profile/{repository}],methods=[GET],produces=[application/schema+json]}" onto public org.springframework.http.HttpEntity<org.springframework.data.rest.webmvc.json.JsonSchema> org.springframework.data.rest.webmvc.RepositorySchemaController.schema(org.springframework.data.rest.webmvc.RootResourceInformation)
2016-08-25 13:17:46.578  INFO 63498 --- [  restartedMain] o.s.d.r.w.BasePathAwareHandlerMapping    : Mapped "{[/profile/{repository}],methods=[OPTIONS],produces=[application/alps+json]}" onto org.springframework.http.HttpEntity<?> org.springframework.data.rest.webmvc.alps.AlpsController.alpsOptions()
2016-08-25 13:17:46.578  INFO 63498 --- [  restartedMain] o.s.d.r.w.BasePathAwareHandlerMapping    : Mapped "{[/profile/{repository}],methods=[GET],produces=[application/alps+json || */*]}" onto org.springframework.http.HttpEntity<org.springframework.data.rest.webmvc.RootResourceInformation> org.springframework.data.rest.webmvc.alps.AlpsController.descriptor(org.springframework.data.rest.webmvc.RootResourceInformation)
2016-08-25 13:17:46.607  INFO 63498 --- [  restartedMain] .m.m.a.ExceptionHandlerExceptionResolver : Detected @ExceptionHandler methods in repositoryRestExceptionHandler
2016-08-25 13:17:46.820  INFO 63498 --- [  restartedMain] o.s.b.d.a.OptionalLiveReloadServer       : LiveReload server is running on port 35729
Daemon vm is shutting down... The daemon has exited normally or was terminated in response to a user interrupt.
