23:37:52.540 [INFO] [org.gradle.launcher.daemon.server.Daemon] start() called on daemon - DefaultDaemonContext[uid=f39c1823-73dc-4f79-9ca3-d5081dfc5194,javaHome=/Library/Java/JavaVirtualMachines/jdk1.8.0_74.jdk/Contents/Home,daemonRegistryDir=/Users/prassingh/Matlb/gradle/wrapper/daemon,pid=31537,idleTimeout=10800000,daemonOpts=-XX:MaxPermSize=256m,-XX:+HeapDumpOnOutOfMemoryError,-Xmx1024m,-Dfile.encoding=UTF-8,-Duser.country=US,-Duser.language=en,-Duser.variant]
23:37:52.547 [DEBUG] [org.gradle.launcher.daemon.server.DaemonStateCoordinator] updating lastActivityAt to 1468087672547
23:37:52.577 [DEBUG] [org.gradle.messaging.remote.internal.inet.InetAddressFactory] Adding IP addresses for network interface awdl0
23:37:52.578 [DEBUG] [org.gradle.messaging.remote.internal.inet.InetAddressFactory] Is this a loopback interface? false
23:37:52.578 [DEBUG] [org.gradle.messaging.remote.internal.inet.InetAddressFactory] Is this a multicast interface? true
23:37:52.579 [DEBUG] [org.gradle.messaging.remote.internal.inet.InetAddressFactory] Adding remote address /fe80:0:0:0:407a:c7ff:feca:e14a%awdl0
23:37:52.579 [DEBUG] [org.gradle.messaging.remote.internal.inet.InetAddressFactory] Adding remote multicast interface awdl0
23:37:52.581 [DEBUG] [org.gradle.messaging.remote.internal.inet.InetAddressFactory] Adding IP addresses for network interface en0
23:37:52.582 [DEBUG] [org.gradle.messaging.remote.internal.inet.InetAddressFactory] Is this a loopback interface? false
23:37:52.583 [DEBUG] [org.gradle.messaging.remote.internal.inet.InetAddressFactory] Is this a multicast interface? true
23:37:52.584 [DEBUG] [org.gradle.messaging.remote.internal.inet.InetAddressFactory] Adding remote address /fe80:0:0:0:aebc:32ff:febb:92b3%en0
23:37:52.584 [DEBUG] [org.gradle.messaging.remote.internal.inet.InetAddressFactory] Adding remote address /192.168.1.103
23:37:52.585 [DEBUG] [org.gradle.messaging.remote.internal.inet.InetAddressFactory] Adding remote multicast interface en0
23:37:52.585 [DEBUG] [org.gradle.messaging.remote.internal.inet.InetAddressFactory] Adding IP addresses for network interface lo0
23:37:52.586 [DEBUG] [org.gradle.messaging.remote.internal.inet.InetAddressFactory] Is this a loopback interface? true
23:37:52.586 [DEBUG] [org.gradle.messaging.remote.internal.inet.InetAddressFactory] Is this a multicast interface? true
23:37:52.587 [DEBUG] [org.gradle.messaging.remote.internal.inet.InetAddressFactory] Ignoring remote address on loopback interface /fe80:0:0:0:0:0:0:1%lo0
23:37:52.587 [DEBUG] [org.gradle.messaging.remote.internal.inet.InetAddressFactory] Adding loopback address /0:0:0:0:0:0:0:1
23:37:52.588 [DEBUG] [org.gradle.messaging.remote.internal.inet.InetAddressFactory] Adding loopback address /127.0.0.1
23:37:52.588 [DEBUG] [org.gradle.messaging.remote.internal.inet.InetAddressFactory] Adding loopback multicast interface lo0
23:37:52.616 [DEBUG] [org.gradle.messaging.remote.internal.inet.TcpIncomingConnector] Listening on [13246362-086a-4b15-8653-e1479bb23e00 port:60363, addresses:[/0:0:0:0:0:0:0:1, /127.0.0.1]].
23:37:52.619 [DEBUG] [org.gradle.launcher.daemon.server.Daemon] Daemon starting at: Sat Jul 09 23:37:52 IST 2016, with address: [13246362-086a-4b15-8653-e1479bb23e00 port:60363, addresses:[/0:0:0:0:0:0:0:1, /127.0.0.1]]
23:37:52.620 [INFO] [org.gradle.launcher.daemon.server.DomainRegistryUpdater] Advertising the daemon address to the clients: [13246362-086a-4b15-8653-e1479bb23e00 port:60363, addresses:[/0:0:0:0:0:0:0:1, /127.0.0.1]]
23:37:52.620 [DEBUG] [org.gradle.launcher.daemon.server.DomainRegistryUpdater] Advertised daemon context: DefaultDaemonContext[uid=f39c1823-73dc-4f79-9ca3-d5081dfc5194,javaHome=/Library/Java/JavaVirtualMachines/jdk1.8.0_74.jdk/Contents/Home,daemonRegistryDir=/Users/prassingh/Matlb/gradle/wrapper/daemon,pid=31537,idleTimeout=10800000,daemonOpts=-XX:MaxPermSize=256m,-XX:+HeapDumpOnOutOfMemoryError,-Xmx1024m,-Dfile.encoding=UTF-8,-Duser.country=US,-Duser.language=en,-Duser.variant]
23:37:52.621 [DEBUG] [org.gradle.launcher.daemon.registry.PersistentDaemonRegistry] Storing daemon address: [13246362-086a-4b15-8653-e1479bb23e00 port:60363, addresses:[/0:0:0:0:0:0:0:1, /127.0.0.1]], context: DefaultDaemonContext[uid=f39c1823-73dc-4f79-9ca3-d5081dfc5194,javaHome=/Library/Java/JavaVirtualMachines/jdk1.8.0_74.jdk/Contents/Home,daemonRegistryDir=/Users/prassingh/Matlb/gradle/wrapper/daemon,pid=31537,idleTimeout=10800000,daemonOpts=-XX:MaxPermSize=256m,-XX:+HeapDumpOnOutOfMemoryError,-Xmx1024m,-Dfile.encoding=UTF-8,-Duser.country=US,-Duser.language=en,-Duser.variant]
23:37:52.635 [DEBUG] [org.gradle.cache.internal.DefaultFileLockManager] Waiting to acquire exclusive lock on daemon addresses registry.
23:37:52.636 [DEBUG] [org.gradle.cache.internal.DefaultFileLockManager] Lock acquired.
23:37:52.673 [DEBUG] [org.gradle.cache.internal.DefaultFileLockManager] Releasing lock on daemon addresses registry.
23:37:52.674 [LIFECYCLE] [org.gradle.launcher.daemon.server.Daemon] Daemon server started.
23:37:52.676 [DEBUG] [org.gradle.launcher.daemon.bootstrap.DaemonStartupCommunication] Completed writing the daemon greeting. Closing streams...
23:37:52.678 [DEBUG] [org.gradle.launcher.daemon.server.Daemon] requestStopOnIdleTimeout(10800000 MILLISECONDS) called on daemon
23:37:52.679 [DEBUG] [org.gradle.launcher.daemon.server.DaemonStateCoordinator] Idle timeout: waiting for daemon to stop or be idle for 10800000ms
23:37:52.681 [DEBUG] [org.gradle.launcher.daemon.server.DaemonStateCoordinator] Daemon is idle, sleeping until state change or idle timeout at Sun Jul 10 02:37:52 IST 2016
23:37:52.694 [DEBUG] [org.gradle.messaging.remote.internal.inet.TcpIncomingConnector] Accepted connection from /127.0.0.1:60364 to /127.0.0.1:60363.
23:37:52.765 [DEBUG] [org.gradle.launcher.daemon.server.SynchronizedDispatchConnection] thread 15: received class org.gradle.launcher.daemon.protocol.Build
23:37:52.765 [DEBUG] [org.gradle.launcher.daemon.server.DefaultDaemonConnection] Received non-IO message from client: Build{id=d3237e4d-1bca-4866-8a79-e434b199c0d4.1, currentDir=/Users/prassingh/Matlb}
23:37:52.766 [INFO] [org.gradle.launcher.daemon.server.DefaultIncomingConnectionHandler] Received command: Build{id=d3237e4d-1bca-4866-8a79-e434b199c0d4.1, currentDir=/Users/prassingh/Matlb}.
23:37:52.766 [DEBUG] [org.gradle.launcher.daemon.server.DefaultIncomingConnectionHandler] Starting executing command: Build{id=d3237e4d-1bca-4866-8a79-e434b199c0d4.1, currentDir=/Users/prassingh/Matlb} with connection: socket connection from /127.0.0.1:60363 to /127.0.0.1:60364.
23:37:52.776 [DEBUG] [org.gradle.launcher.daemon.server.DaemonStateCoordinator] Command execution: started DaemonCommandExecution[command = Build{id=d3237e4d-1bca-4866-8a79-e434b199c0d4.1, currentDir=/Users/prassingh/Matlb}, connection = org.gradle.launcher.daemon.server.DefaultDaemonConnection@4d89e4ab] after 0.0 minutes of idle
23:37:52.777 [INFO] [org.gradle.launcher.daemon.server.DomainRegistryUpdater] Marking the daemon as busy, address: [13246362-086a-4b15-8653-e1479bb23e00 port:60363, addresses:[/0:0:0:0:0:0:0:1, /127.0.0.1]]
23:37:52.777 [DEBUG] [org.gradle.launcher.daemon.registry.PersistentDaemonRegistry] Marking busy by address: [13246362-086a-4b15-8653-e1479bb23e00 port:60363, addresses:[/0:0:0:0:0:0:0:1, /127.0.0.1]]
23:37:52.778 [DEBUG] [org.gradle.cache.internal.DefaultFileLockManager] Waiting to acquire exclusive lock on daemon addresses registry.
23:37:52.778 [DEBUG] [org.gradle.cache.internal.DefaultFileLockManager] Lock acquired.
23:37:52.781 [DEBUG] [org.gradle.cache.internal.DefaultFileLockManager] Releasing lock on daemon addresses registry.
23:37:52.781 [DEBUG] [org.gradle.launcher.daemon.server.DaemonStateCoordinator] updating lastActivityAt to 1468087672781
23:37:52.781 [DEBUG] [org.gradle.launcher.daemon.server.DaemonStateCoordinator] Daemon is busy, sleeping until state changes.
23:37:52.782 [INFO] [org.gradle.launcher.daemon.server.exec.StartBuildOrRespondWithBusy] Daemon is about to start building Build{id=d3237e4d-1bca-4866-8a79-e434b199c0d4.1, currentDir=/Users/prassingh/Matlb}. Dispatching build started information...
23:37:52.782 [DEBUG] [org.gradle.launcher.daemon.server.SynchronizedDispatchConnection] thread 17: dispatching class org.gradle.launcher.daemon.protocol.BuildStarted
23:37:52.786 [DEBUG] [org.gradle.launcher.daemon.server.exec.EstablishBuildEnvironment] Configuring env variables: {PATH=/usr/bin:/bin:/usr/sbin:/sbin, SSH_AUTH_SOCK=/private/tmp/com.apple.launchd.nWGu6O0jRV/Listeners, XPC_FLAGS=0x0, SHELL=/bin/bash, __CF_USER_TEXT_ENCODING=0x2C1844F0:0x0:0x0, Apple_PubSub_Socket_Render=/private/tmp/com.apple.launchd.6JO8EebDAQ/Render, LOGNAME=prassingh, USER=prassingh, XPC_SERVICE_NAME=com.jetbrains.intellij.73952, HOME=/Users/prassingh, TMPDIR=/var/folders/nh/c49w3z193pdfc1hv74rsdv60p1hj7h/T/}
23:37:52.789 [DEBUG] [org.gradle.launcher.daemon.server.SynchronizedDispatchConnection] thread 15: received class org.gradle.launcher.daemon.protocol.CloseInput
23:37:52.789 [DEBUG] [org.gradle.launcher.daemon.server.DefaultDaemonConnection] Received IO message from client: org.gradle.launcher.daemon.protocol.CloseInput@78547e10
23:37:52.798 [DEBUG] [org.gradle.launcher.daemon.server.exec.LogToClient] About to start relaying all logs to the client via the connection.
23:37:52.798 [INFO] [org.gradle.launcher.daemon.server.exec.LogToClient] The client will now receive all logging from the daemon (pid: 31537). The daemon log file: /Users/prassingh/Matlb/gradle/wrapper/daemon/2.9/daemon-31537.out.log
23:37:52.805 [INFO] [org.gradle.launcher.daemon.server.health.DaemonHealthTracker] Starting build in new daemon [memory: 954.7 MB]
23:37:52.806 [INFO] [org.gradle.launcher.daemon.server.exec.ForwardClientInput] Closing daemon's stdin at end of input.
23:37:52.806 [INFO] [org.gradle.launcher.daemon.server.exec.ForwardClientInput] The daemon will no longer process any standard input.
23:37:52.808 [DEBUG] [org.gradle.launcher.daemon.server.exec.ExecuteBuild] The daemon has started executing the build.
23:37:52.808 [INFO] [org.gradle.launcher.daemon.server.exec.ExecuteBuild] Executing build with daemon context: DefaultDaemonContext[uid=f39c1823-73dc-4f79-9ca3-d5081dfc5194,javaHome=/Library/Java/JavaVirtualMachines/jdk1.8.0_74.jdk/Contents/Home,daemonRegistryDir=/Users/prassingh/Matlb/gradle/wrapper/daemon,pid=31537,idleTimeout=10800000,daemonOpts=-XX:MaxPermSize=256m,-XX:+HeapDumpOnOutOfMemoryError,-Xmx1024m,-Dfile.encoding=UTF-8,-Duser.country=US,-Duser.language=en,-Duser.variant]
:compileJava UP-TO-DATE
:processResources UP-TO-DATE
:classes UP-TO-DATE
:findMainClass
:bootRun

  .   ____          _            __ _ _
 /\\ / ___'_ __ _ _(_)_ __  __ _ \ \ \ \
( ( )\___ | '_ | '_| | '_ \/ _` | \ \ \ \
 \\/  ___)| |_)| | | | | || (_| |  ) ) ) )
  '  |____| .__|_| |_|_| |_\__, | / / / /
 =========|_|==============|___/=/_/_/_/
 :: Spring Boot ::        (v1.3.3.RELEASE)

2016-07-09 23:37:58.551  INFO 31696 --- [  restartedMain] com.matlb.MatlbApplication               : Starting MatlbApplication on DELC02QM9L0G8WN.sea.corp.expecn.com with PID 31696 (/Users/prassingh/Matlb/build/classes/main started by prassingh in /Users/prassingh/Matlb)
2016-07-09 23:37:58.556  INFO 31696 --- [  restartedMain] com.matlb.MatlbApplication               : The following profiles are active: prod
2016-07-09 23:37:58.628  INFO 31696 --- [  restartedMain] ationConfigEmbeddedWebApplicationContext : Refreshing org.springframework.boot.context.embedded.AnnotationConfigEmbeddedWebApplicationContext@24ac5a40: startup date [Sat Jul 09 23:37:58 IST 2016]; root of context hierarchy
2016-07-09 23:37:59.894  INFO 31696 --- [  restartedMain] o.s.b.f.s.DefaultListableBeanFactory     : Overriding bean definition for bean 'connectionFactory' with a different definition: replacing [Root bean: class [null]; scope=; abstract=false; lazyInit=false; autowireMode=3; dependencyCheck=0; autowireCandidate=true; primary=false; factoryBeanName=rabbitMqConfiguration; factoryMethodName=connectionFactory; initMethodName=null; destroyMethodName=(inferred); defined in class path resource [com/matlb/rabbitMq/RabbitMqConfiguration.class]] with [Root bean: class [null]; scope=; abstract=false; lazyInit=false; autowireMode=3; dependencyCheck=0; autowireCandidate=true; primary=false; factoryBeanName=scrapingResultConsumerConfiguration; factoryMethodName=connectionFactory; initMethodName=null; destroyMethodName=(inferred); defined in class path resource [com/matlb/rabbitMq/ScrapingResultConsumerConfiguration.class]]
2016-07-09 23:37:59.895  INFO 31696 --- [  restartedMain] o.s.b.f.s.DefaultListableBeanFactory     : Overriding bean definition for bean 'amqpAdmin' with a different definition: replacing [Root bean: class [null]; scope=; abstract=false; lazyInit=false; autowireMode=3; dependencyCheck=0; autowireCandidate=true; primary=false; factoryBeanName=rabbitMqConfiguration; factoryMethodName=amqpAdmin; initMethodName=null; destroyMethodName=(inferred); defined in class path resource [com/matlb/rabbitMq/RabbitMqConfiguration.class]] with [Root bean: class [null]; scope=; abstract=false; lazyInit=false; autowireMode=3; dependencyCheck=0; autowireCandidate=true; primary=false; factoryBeanName=scrapingResultConsumerConfiguration; factoryMethodName=amqpAdmin; initMethodName=null; destroyMethodName=(inferred); defined in class path resource [com/matlb/rabbitMq/ScrapingResultConsumerConfiguration.class]]
2016-07-09 23:37:59.895  INFO 31696 --- [  restartedMain] o.s.b.f.s.DefaultListableBeanFactory     : Overriding bean definition for bean 'jsonMessageConverter' with a different definition: replacing [Root bean: class [null]; scope=; abstract=false; lazyInit=false; autowireMode=3; dependencyCheck=0; autowireCandidate=true; primary=false; factoryBeanName=rabbitMqConfiguration; factoryMethodName=jsonMessageConverter; initMethodName=null; destroyMethodName=(inferred); defined in class path resource [com/matlb/rabbitMq/RabbitMqConfiguration.class]] with [Root bean: class [null]; scope=; abstract=false; lazyInit=false; autowireMode=3; dependencyCheck=0; autowireCandidate=true; primary=false; factoryBeanName=scrapingResultConsumerConfiguration; factoryMethodName=jsonMessageConverter; initMethodName=null; destroyMethodName=(inferred); defined in class path resource [com/matlb/rabbitMq/ScrapingResultConsumerConfiguration.class]]
2016-07-09 23:37:59.896  INFO 31696 --- [  restartedMain] o.s.b.f.s.DefaultListableBeanFactory     : Overriding bean definition for bean 'classMapper' with a different definition: replacing [Root bean: class [null]; scope=; abstract=false; lazyInit=false; autowireMode=3; dependencyCheck=0; autowireCandidate=true; primary=false; factoryBeanName=rabbitMqConfiguration; factoryMethodName=classMapper; initMethodName=null; destroyMethodName=(inferred); defined in class path resource [com/matlb/rabbitMq/RabbitMqConfiguration.class]] with [Root bean: class [null]; scope=; abstract=false; lazyInit=false; autowireMode=3; dependencyCheck=0; autowireCandidate=true; primary=false; factoryBeanName=scrapingResultConsumerConfiguration; factoryMethodName=classMapper; initMethodName=null; destroyMethodName=(inferred); defined in class path resource [com/matlb/rabbitMq/ScrapingResultConsumerConfiguration.class]]
2016-07-09 23:37:59.896  INFO 31696 --- [  restartedMain] o.s.b.f.s.DefaultListableBeanFactory     : Overriding bean definition for bean 'rabbitTemplate' with a different definition: replacing [Root bean: class [null]; scope=; abstract=false; lazyInit=false; autowireMode=3; dependencyCheck=0; autowireCandidate=true; primary=false; factoryBeanName=scrapingResultConsumerConfiguration; factoryMethodName=rabbitTemplate; initMethodName=null; destroyMethodName=(inferred); defined in class path resource [com/matlb/rabbitMq/ScrapingResultConsumerConfiguration.class]] with [Root bean: class [null]; scope=; abstract=false; lazyInit=false; autowireMode=3; dependencyCheck=0; autowireCandidate=true; primary=false; factoryBeanName=taskProducerConfiguration; factoryMethodName=rabbitTemplate; initMethodName=null; destroyMethodName=(inferred); defined in class path resource [com/matlb/rabbitMq/TaskProducerConfiguration.class]]
2016-07-09 23:37:59.987  INFO 31696 --- [  restartedMain] o.s.b.f.s.DefaultListableBeanFactory     : Overriding bean definition for bean 'beanNameViewResolver' with a different definition: replacing [Root bean: class [null]; scope=; abstract=false; lazyInit=false; autowireMode=3; dependencyCheck=0; autowireCandidate=true; primary=false; factoryBeanName=org.springframework.boot.autoconfigure.web.ErrorMvcAutoConfiguration$WhitelabelErrorViewConfiguration; factoryMethodName=beanNameViewResolver; initMethodName=null; destroyMethodName=(inferred); defined in class path resource [org/springframework/boot/autoconfigure/web/ErrorMvcAutoConfiguration$WhitelabelErrorViewConfiguration.class]] with [Root bean: class [null]; scope=; abstract=false; lazyInit=false; autowireMode=3; dependencyCheck=0; autowireCandidate=true; primary=false; factoryBeanName=org.springframework.boot.autoconfigure.web.WebMvcAutoConfiguration$WebMvcAutoConfigurationAdapter; factoryMethodName=beanNameViewResolver; initMethodName=null; destroyMethodName=(inferred); defined in class path resource [org/springframework/boot/autoconfigure/web/WebMvcAutoConfiguration$WebMvcAutoConfigurationAdapter.class]]
2016-07-09 23:38:00.514  INFO 31696 --- [  restartedMain] trationDelegate$BeanPostProcessorChecker : Bean 'org.springframework.amqp.rabbit.annotation.RabbitBootstrapConfiguration' of type [class org.springframework.amqp.rabbit.annotation.RabbitBootstrapConfiguration$$EnhancerBySpringCGLIB$$6576b3e4] is not eligible for getting processed by all BeanPostProcessors (for example: not eligible for auto-proxying)
2016-07-09 23:38:00.615  INFO 31696 --- [  restartedMain] trationDelegate$BeanPostProcessorChecker : Bean 'org.springframework.transaction.annotation.ProxyTransactionManagementConfiguration' of type [class org.springframework.transaction.annotation.ProxyTransactionManagementConfiguration$$EnhancerBySpringCGLIB$$5c0f2376] is not eligible for getting processed by all BeanPostProcessors (for example: not eligible for auto-proxying)
2016-07-09 23:38:01.097  INFO 31696 --- [  restartedMain] s.b.c.e.t.TomcatEmbeddedServletContainer : Tomcat initialized with port(s): 8080 (http)
2016-07-09 23:38:01.123  INFO 31696 --- [  restartedMain] o.apache.catalina.core.StandardService   : Starting service Tomcat
2016-07-09 23:38:01.125  INFO 31696 --- [  restartedMain] org.apache.catalina.core.StandardEngine  : Starting Servlet Engine: Apache Tomcat/8.0.32
2016-07-09 23:38:01.232  INFO 31696 --- [ost-startStop-1] o.a.c.c.C.[Tomcat].[localhost].[/]       : Initializing Spring embedded WebApplicationContext
2016-07-09 23:38:01.232  INFO 31696 --- [ost-startStop-1] o.s.web.context.ContextLoader            : Root WebApplicationContext: initialization completed in 2607 ms
2016-07-09 23:38:01.885  INFO 31696 --- [ost-startStop-1] j.LocalContainerEntityManagerFactoryBean : Building JPA container EntityManagerFactory for persistence unit 'default'
2016-07-09 23:38:01.897  INFO 31696 --- [ost-startStop-1] o.hibernate.jpa.internal.util.LogHelper  : HHH000204: Processing PersistenceUnitInfo [
	name: default
	...]
2016-07-09 23:38:01.990  INFO 31696 --- [ost-startStop-1] org.hibernate.Version                    : HHH000412: Hibernate Core {4.3.11.Final}
2016-07-09 23:38:01.992  INFO 31696 --- [ost-startStop-1] org.hibernate.cfg.Environment            : HHH000206: hibernate.properties not found
2016-07-09 23:38:01.993  INFO 31696 --- [ost-startStop-1] org.hibernate.cfg.Environment            : HHH000021: Bytecode provider name : javassist
2016-07-09 23:38:02.222  INFO 31696 --- [ost-startStop-1] o.hibernate.annotations.common.Version   : HCANN000001: Hibernate Commons Annotations {4.0.5.Final}
Sat Jul 09 23:38:02 IST 2016 WARN: Establishing SSL connection without server's identity verification is not recommended. According to MySQL 5.5.45+, 5.6.26+ and 5.7.6+ requirements SSL connection must be established by default if explicit option isn't set. For compliance with existing applications not using SSL the verifyServerCertificate property is set to 'false'. You need either to explicitly disable SSL by setting useSSL=false, or set useSSL=true and provide truststore for server certificate verification.
Sat Jul 09 23:38:02 IST 2016 WARN: Establishing SSL connection without server's identity verification is not recommended. According to MySQL 5.5.45+, 5.6.26+ and 5.7.6+ requirements SSL connection must be established by default if explicit option isn't set. For compliance with existing applications not using SSL the verifyServerCertificate property is set to 'false'. You need either to explicitly disable SSL by setting useSSL=false, or set useSSL=true and provide truststore for server certificate verification.
Sat Jul 09 23:38:02 IST 2016 WARN: Establishing SSL connection without server's identity verification is not recommended. According to MySQL 5.5.45+, 5.6.26+ and 5.7.6+ requirements SSL connection must be established by default if explicit option isn't set. For compliance with existing applications not using SSL the verifyServerCertificate property is set to 'false'. You need either to explicitly disable SSL by setting useSSL=false, or set useSSL=true and provide truststore for server certificate verification.
Sat Jul 09 23:38:02 IST 2016 WARN: Establishing SSL connection without server's identity verification is not recommended. According to MySQL 5.5.45+, 5.6.26+ and 5.7.6+ requirements SSL connection must be established by default if explicit option isn't set. For compliance with existing applications not using SSL the verifyServerCertificate property is set to 'false'. You need either to explicitly disable SSL by setting useSSL=false, or set useSSL=true and provide truststore for server certificate verification.
Sat Jul 09 23:38:02 IST 2016 WARN: Establishing SSL connection without server's identity verification is not recommended. According to MySQL 5.5.45+, 5.6.26+ and 5.7.6+ requirements SSL connection must be established by default if explicit option isn't set. For compliance with existing applications not using SSL the verifyServerCertificate property is set to 'false'. You need either to explicitly disable SSL by setting useSSL=false, or set useSSL=true and provide truststore for server certificate verification.
Sat Jul 09 23:38:02 IST 2016 WARN: Establishing SSL connection without server's identity verification is not recommended. According to MySQL 5.5.45+, 5.6.26+ and 5.7.6+ requirements SSL connection must be established by default if explicit option isn't set. For compliance with existing applications not using SSL the verifyServerCertificate property is set to 'false'. You need either to explicitly disable SSL by setting useSSL=false, or set useSSL=true and provide truststore for server certificate verification.
Sat Jul 09 23:38:02 IST 2016 WARN: Establishing SSL connection without server's identity verification is not recommended. According to MySQL 5.5.45+, 5.6.26+ and 5.7.6+ requirements SSL connection must be established by default if explicit option isn't set. For compliance with existing applications not using SSL the verifyServerCertificate property is set to 'false'. You need either to explicitly disable SSL by setting useSSL=false, or set useSSL=true and provide truststore for server certificate verification.
Sat Jul 09 23:38:02 IST 2016 WARN: Establishing SSL connection without server's identity verification is not recommended. According to MySQL 5.5.45+, 5.6.26+ and 5.7.6+ requirements SSL connection must be established by default if explicit option isn't set. For compliance with existing applications not using SSL the verifyServerCertificate property is set to 'false'. You need either to explicitly disable SSL by setting useSSL=false, or set useSSL=true and provide truststore for server certificate verification.
Sat Jul 09 23:38:02 IST 2016 WARN: Establishing SSL connection without server's identity verification is not recommended. According to MySQL 5.5.45+, 5.6.26+ and 5.7.6+ requirements SSL connection must be established by default if explicit option isn't set. For compliance with existing applications not using SSL the verifyServerCertificate property is set to 'false'. You need either to explicitly disable SSL by setting useSSL=false, or set useSSL=true and provide truststore for server certificate verification.
Sat Jul 09 23:38:02 IST 2016 WARN: Establishing SSL connection without server's identity verification is not recommended. According to MySQL 5.5.45+, 5.6.26+ and 5.7.6+ requirements SSL connection must be established by default if explicit option isn't set. For compliance with existing applications not using SSL the verifyServerCertificate property is set to 'false'. You need either to explicitly disable SSL by setting useSSL=false, or set useSSL=true and provide truststore for server certificate verification.
2016-07-09 23:38:02.589  INFO 31696 --- [ost-startStop-1] org.hibernate.dialect.Dialect            : HHH000400: Using dialect: org.hibernate.dialect.MySQL5Dialect
2016-07-09 23:38:02.767  INFO 31696 --- [ost-startStop-1] o.h.h.i.ast.ASTQueryTranslatorFactory    : HHH000397: Using ASTQueryTranslatorFactory
2016-07-09 23:38:03.033  INFO 31696 --- [ost-startStop-1] org.hibernate.tool.hbm2ddl.SchemaUpdate  : HHH000228: Running hbm2ddl schema update
2016-07-09 23:38:03.034  INFO 31696 --- [ost-startStop-1] org.hibernate.tool.hbm2ddl.SchemaUpdate  : HHH000102: Fetching database metadata
2016-07-09 23:38:03.035  INFO 31696 --- [ost-startStop-1] org.hibernate.tool.hbm2ddl.SchemaUpdate  : HHH000396: Updating schema
2016-07-09 23:38:03.057  INFO 31696 --- [ost-startStop-1] o.hibernate.tool.hbm2ddl.TableMetadata   : HHH000261: Table found: matlb.bookmark
2016-07-09 23:38:03.058  INFO 31696 --- [ost-startStop-1] o.hibernate.tool.hbm2ddl.TableMetadata   : HHH000037: Columns: [summary, note, create_dt, id, url]
2016-07-09 23:38:03.058  INFO 31696 --- [ost-startStop-1] o.hibernate.tool.hbm2ddl.TableMetadata   : HHH000108: Foreign keys: []
2016-07-09 23:38:03.058  INFO 31696 --- [ost-startStop-1] o.hibernate.tool.hbm2ddl.TableMetadata   : HHH000126: Indexes: [primary]
2016-07-09 23:38:03.063  INFO 31696 --- [ost-startStop-1] o.hibernate.tool.hbm2ddl.TableMetadata   : HHH000261: Table found: matlb.subscriber
2016-07-09 23:38:03.064  INFO 31696 --- [ost-startStop-1] o.hibernate.tool.hbm2ddl.TableMetadata   : HHH000037: Columns: [email_id, update_dt, create_dt, id]
2016-07-09 23:38:03.064  INFO 31696 --- [ost-startStop-1] o.hibernate.tool.hbm2ddl.TableMetadata   : HHH000108: Foreign keys: []
2016-07-09 23:38:03.064  INFO 31696 --- [ost-startStop-1] o.hibernate.tool.hbm2ddl.TableMetadata   : HHH000126: Indexes: [primary]
2016-07-09 23:38:03.068  INFO 31696 --- [ost-startStop-1] o.hibernate.tool.hbm2ddl.TableMetadata   : HHH000261: Table found: matlb.user
2016-07-09 23:38:03.068  INFO 31696 --- [ost-startStop-1] o.hibernate.tool.hbm2ddl.TableMetadata   : HHH000037: Columns: [email_id, update_dt, name, create_dt, id]
2016-07-09 23:38:03.068  INFO 31696 --- [ost-startStop-1] o.hibernate.tool.hbm2ddl.TableMetadata   : HHH000108: Foreign keys: []
2016-07-09 23:38:03.068  INFO 31696 --- [ost-startStop-1] o.hibernate.tool.hbm2ddl.TableMetadata   : HHH000126: Indexes: [primary]
2016-07-09 23:38:03.069  INFO 31696 --- [ost-startStop-1] org.hibernate.tool.hbm2ddl.SchemaUpdate  : HHH000232: Schema update complete
2016-07-09 23:38:03.374  INFO 31696 --- [ost-startStop-1] o.s.b.f.config.PropertiesFactoryBean     : Loading properties file from class path resource [rest-default-messages.properties]
2016-07-09 23:38:03.585  INFO 31696 --- [ost-startStop-1] o.s.b.c.embedded.FilterRegistrationBean  : Mapping filter: 'characterEncodingFilter' to: [/*]
2016-07-09 23:38:03.585  INFO 31696 --- [ost-startStop-1] o.s.b.c.embedded.FilterRegistrationBean  : Mapping filter: 'hiddenHttpMethodFilter' to: [/*]
2016-07-09 23:38:03.585  INFO 31696 --- [ost-startStop-1] o.s.b.c.embedded.FilterRegistrationBean  : Mapping filter: 'httpPutFormContentFilter' to: [/*]
2016-07-09 23:38:03.585  INFO 31696 --- [ost-startStop-1] o.s.b.c.embedded.FilterRegistrationBean  : Mapping filter: 'requestContextFilter' to: [/*]
2016-07-09 23:38:03.585  INFO 31696 --- [ost-startStop-1] o.s.b.c.embedded.FilterRegistrationBean  : Mapping filter: 'CORSFilter' to: [/*]
2016-07-09 23:38:03.586  INFO 31696 --- [ost-startStop-1] o.s.b.c.embedded.FilterRegistrationBean  : Filter CORSFilter was not registered (possibly already registered?)
2016-07-09 23:38:03.586  INFO 31696 --- [ost-startStop-1] o.s.b.c.e.ServletRegistrationBean        : Mapping servlet: 'dispatcherServlet' to [/]
2016-07-09 23:38:03.587  INFO 31696 --- [ost-startStop-1] o.s.b.c.e.ServletRegistrationBean        : Mapping servlet: 'webServlet' to [/h2-console/*]
2016-07-09 23:38:03.948  INFO 31696 --- [  restartedMain] s.w.s.m.m.a.RequestMappingHandlerAdapter : Looking for @ControllerAdvice: org.springframework.boot.context.embedded.AnnotationConfigEmbeddedWebApplicationContext@24ac5a40: startup date [Sat Jul 09 23:37:58 IST 2016]; root of context hierarchy
2016-07-09 23:38:04.020  INFO 31696 --- [  restartedMain] s.w.s.m.m.a.RequestMappingHandlerMapping : Mapped "{[/greeting]}" onto public com.matlb.domain.Greeting com.matlb.controller.GreetingController.greeting(java.lang.String)
2016-07-09 23:38:04.022  INFO 31696 --- [  restartedMain] s.w.s.m.m.a.RequestMappingHandlerMapping : Mapped "{[/matlb/subscriber/add],methods=[POST]}" onto public com.matlb.domain.UserResponse com.matlb.controller.MatlbController.createSubscriber(com.matlb.domain.Subscriber)
2016-07-09 23:38:04.022  INFO 31696 --- [  restartedMain] s.w.s.m.m.a.RequestMappingHandlerMapping : Mapped "{[/matlb/user/add],methods=[POST]}" onto public com.matlb.domain.UserResponse com.matlb.controller.MatlbController.createUser(com.matlb.domain.User)
2016-07-09 23:38:04.023  INFO 31696 --- [  restartedMain] s.w.s.m.m.a.RequestMappingHandlerMapping : Mapped "{[/matlb/user/find/{id}]}" onto public com.matlb.domain.User com.matlb.controller.MatlbController.getUserById(java.lang.Integer)
2016-07-09 23:38:04.023  INFO 31696 --- [  restartedMain] s.w.s.m.m.a.RequestMappingHandlerMapping : Mapped "{[/matlb/user/get/all]}" onto public java.util.List<com.matlb.domain.User> com.matlb.controller.MatlbController.getAllUsers()
2016-07-09 23:38:04.025  INFO 31696 --- [  restartedMain] s.w.s.m.m.a.RequestMappingHandlerMapping : Mapped "{[/error]}" onto public org.springframework.http.ResponseEntity<java.util.Map<java.lang.String, java.lang.Object>> org.springframework.boot.autoconfigure.web.BasicErrorController.error(javax.servlet.http.HttpServletRequest)
2016-07-09 23:38:04.026  INFO 31696 --- [  restartedMain] s.w.s.m.m.a.RequestMappingHandlerMapping : Mapped "{[/error],produces=[text/html]}" onto public org.springframework.web.servlet.ModelAndView org.springframework.boot.autoconfigure.web.BasicErrorController.errorHtml(javax.servlet.http.HttpServletRequest,javax.servlet.http.HttpServletResponse)
2016-07-09 23:38:04.031  INFO 31696 --- [  restartedMain] o.s.w.s.c.a.WebMvcConfigurerAdapter      : Adding welcome page: class path resource [static/index.html]
2016-07-09 23:38:04.039  INFO 31696 --- [  restartedMain] o.s.w.s.handler.SimpleUrlHandlerMapping  : Root mapping to handler of type [class org.springframework.web.servlet.mvc.ParameterizableViewController]
2016-07-09 23:38:04.048  INFO 31696 --- [  restartedMain] o.s.w.s.handler.SimpleUrlHandlerMapping  : Mapped URL path [/webjars/**] onto handler of type [class org.springframework.web.servlet.resource.ResourceHttpRequestHandler]
2016-07-09 23:38:04.049  INFO 31696 --- [  restartedMain] o.s.w.s.handler.SimpleUrlHandlerMapping  : Mapped URL path [/**] onto handler of type [class org.springframework.web.servlet.resource.ResourceHttpRequestHandler]
2016-07-09 23:38:04.068  INFO 31696 --- [  restartedMain] .m.m.a.ExceptionHandlerExceptionResolver : Detected @ExceptionHandler methods in repositoryRestExceptionHandler
2016-07-09 23:38:04.086  INFO 31696 --- [  restartedMain] o.s.w.s.handler.SimpleUrlHandlerMapping  : Mapped URL path [/**/favicon.ico] onto handler of type [class org.springframework.web.servlet.resource.ResourceHttpRequestHandler]
2016-07-09 23:38:04.299  INFO 31696 --- [  restartedMain] o.s.d.r.w.RepositoryRestHandlerAdapter   : Looking for @ControllerAdvice: org.springframework.boot.context.embedded.AnnotationConfigEmbeddedWebApplicationContext@24ac5a40: startup date [Sat Jul 09 23:37:58 IST 2016]; root of context hierarchy
2016-07-09 23:38:04.317  INFO 31696 --- [  restartedMain] o.s.d.r.w.RepositoryRestHandlerMapping   : Mapped "{[/{repository}],methods=[OPTIONS],produces=[application/hal+json || application/json || application/*+json;charset=UTF-8]}" onto public org.springframework.http.ResponseEntity<?> org.springframework.data.rest.webmvc.RepositoryEntityController.optionsForCollectionResource(org.springframework.data.rest.webmvc.RootResourceInformation)
2016-07-09 23:38:04.317  INFO 31696 --- [  restartedMain] o.s.d.r.w.RepositoryRestHandlerMapping   : Mapped "{[/{repository}],methods=[HEAD],produces=[application/hal+json || application/json || application/*+json;charset=UTF-8]}" onto public org.springframework.http.ResponseEntity<?> org.springframework.data.rest.webmvc.RepositoryEntityController.headCollectionResource(org.springframework.data.rest.webmvc.RootResourceInformation,org.springframework.data.rest.webmvc.support.DefaultedPageable) throws org.springframework.web.HttpRequestMethodNotSupportedException
2016-07-09 23:38:04.317  INFO 31696 --- [  restartedMain] o.s.d.r.w.RepositoryRestHandlerMapping   : Mapped "{[/{repository}],methods=[GET],produces=[application/hal+json || application/json || application/*+json;charset=UTF-8]}" onto public org.springframework.hateoas.Resources<?> org.springframework.data.rest.webmvc.RepositoryEntityController.getCollectionResource(org.springframework.data.rest.webmvc.RootResourceInformation,org.springframework.data.rest.webmvc.support.DefaultedPageable,org.springframework.data.domain.Sort,org.springframework.data.rest.webmvc.PersistentEntityResourceAssembler) throws org.springframework.data.rest.webmvc.ResourceNotFoundException,org.springframework.web.HttpRequestMethodNotSupportedException
2016-07-09 23:38:04.318  INFO 31696 --- [  restartedMain] o.s.d.r.w.RepositoryRestHandlerMapping   : Mapped "{[/{repository}],methods=[GET],produces=[application/x-spring-data-compact+json || text/uri-list]}" onto public org.springframework.hateoas.Resources<?> org.springframework.data.rest.webmvc.RepositoryEntityController.getCollectionResourceCompact(org.springframework.data.rest.webmvc.RootResourceInformation,org.springframework.data.rest.webmvc.support.DefaultedPageable,org.springframework.data.domain.Sort,org.springframework.data.rest.webmvc.PersistentEntityResourceAssembler) throws org.springframework.data.rest.webmvc.ResourceNotFoundException,org.springframework.web.HttpRequestMethodNotSupportedException
2016-07-09 23:38:04.318  INFO 31696 --- [  restartedMain] o.s.d.r.w.RepositoryRestHandlerMapping   : Mapped "{[/{repository}],methods=[POST],produces=[application/hal+json || application/json || application/*+json;charset=UTF-8]}" onto public org.springframework.http.ResponseEntity<org.springframework.hateoas.ResourceSupport> org.springframework.data.rest.webmvc.RepositoryEntityController.postCollectionResource(org.springframework.data.rest.webmvc.RootResourceInformation,org.springframework.data.rest.webmvc.PersistentEntityResource,org.springframework.data.rest.webmvc.PersistentEntityResourceAssembler,java.lang.String) throws org.springframework.web.HttpRequestMethodNotSupportedException
2016-07-09 23:38:04.318  INFO 31696 --- [  restartedMain] o.s.d.r.w.RepositoryRestHandlerMapping   : Mapped "{[/{repository}/{id}],methods=[OPTIONS],produces=[application/hal+json || application/json || application/*+json;charset=UTF-8]}" onto public org.springframework.http.ResponseEntity<?> org.springframework.data.rest.webmvc.RepositoryEntityController.optionsForItemResource(org.springframework.data.rest.webmvc.RootResourceInformation)
2016-07-09 23:38:04.318  INFO 31696 --- [  restartedMain] o.s.d.r.w.RepositoryRestHandlerMapping   : Mapped "{[/{repository}/{id}],methods=[HEAD],produces=[application/hal+json || application/json || application/*+json;charset=UTF-8]}" onto public org.springframework.http.ResponseEntity<?> org.springframework.data.rest.webmvc.RepositoryEntityController.headForItemResource(org.springframework.data.rest.webmvc.RootResourceInformation,java.io.Serializable,org.springframework.data.rest.webmvc.PersistentEntityResourceAssembler) throws org.springframework.web.HttpRequestMethodNotSupportedException
2016-07-09 23:38:04.319  INFO 31696 --- [  restartedMain] o.s.d.r.w.RepositoryRestHandlerMapping   : Mapped "{[/{repository}/{id}],methods=[GET],produces=[application/hal+json || application/json || application/*+json;charset=UTF-8]}" onto public org.springframework.http.ResponseEntity<org.springframework.hateoas.Resource<?>> org.springframework.data.rest.webmvc.RepositoryEntityController.getItemResource(org.springframework.data.rest.webmvc.RootResourceInformation,java.io.Serializable,org.springframework.data.rest.webmvc.PersistentEntityResourceAssembler,org.springframework.util.MultiValueMap<java.lang.String, java.lang.String>) throws org.springframework.web.HttpRequestMethodNotSupportedException
2016-07-09 23:38:04.319  INFO 31696 --- [  restartedMain] o.s.d.r.w.RepositoryRestHandlerMapping   : Mapped "{[/{repository}/{id}],methods=[PUT],produces=[application/hal+json || application/json || application/*+json;charset=UTF-8]}" onto public org.springframework.http.ResponseEntity<? extends org.springframework.hateoas.ResourceSupport> org.springframework.data.rest.webmvc.RepositoryEntityController.putItemResource(org.springframework.data.rest.webmvc.RootResourceInformation,org.springframework.data.rest.webmvc.PersistentEntityResource,java.io.Serializable,org.springframework.data.rest.webmvc.PersistentEntityResourceAssembler,org.springframework.data.rest.webmvc.support.ETag,java.lang.String) throws org.springframework.web.HttpRequestMethodNotSupportedException
2016-07-09 23:38:04.319  INFO 31696 --- [  restartedMain] o.s.d.r.w.RepositoryRestHandlerMapping   : Mapped "{[/{repository}/{id}],methods=[PATCH],produces=[application/hal+json || application/json || application/*+json;charset=UTF-8]}" onto public org.springframework.http.ResponseEntity<org.springframework.hateoas.ResourceSupport> org.springframework.data.rest.webmvc.RepositoryEntityController.patchItemResource(org.springframework.data.rest.webmvc.RootResourceInformation,org.springframework.data.rest.webmvc.PersistentEntityResource,java.io.Serializable,org.springframework.data.rest.webmvc.PersistentEntityResourceAssembler,org.springframework.data.rest.webmvc.support.ETag,java.lang.String) throws org.springframework.web.HttpRequestMethodNotSupportedException,org.springframework.data.rest.webmvc.ResourceNotFoundException
2016-07-09 23:38:04.320  INFO 31696 --- [  restartedMain] o.s.d.r.w.RepositoryRestHandlerMapping   : Mapped "{[/{repository}/{id}],methods=[DELETE],produces=[application/hal+json || application/json || application/*+json;charset=UTF-8]}" onto public org.springframework.http.ResponseEntity<?> org.springframework.data.rest.webmvc.RepositoryEntityController.deleteItemResource(org.springframework.data.rest.webmvc.RootResourceInformation,java.io.Serializable,org.springframework.data.rest.webmvc.support.ETag) throws org.springframework.data.rest.webmvc.ResourceNotFoundException,org.springframework.web.HttpRequestMethodNotSupportedException
2016-07-09 23:38:04.321  INFO 31696 --- [  restartedMain] o.s.d.r.w.RepositoryRestHandlerMapping   : Mapped "{[/ || ],methods=[OPTIONS],produces=[application/hal+json || application/json || application/*+json;charset=UTF-8]}" onto public org.springframework.http.HttpEntity<?> org.springframework.data.rest.webmvc.RepositoryController.optionsForRepositories()
2016-07-09 23:38:04.321  INFO 31696 --- [  restartedMain] o.s.d.r.w.RepositoryRestHandlerMapping   : Mapped "{[/ || ],methods=[HEAD],produces=[application/hal+json || application/json || application/*+json;charset=UTF-8]}" onto public org.springframework.http.ResponseEntity<?> org.springframework.data.rest.webmvc.RepositoryController.headForRepositories()
2016-07-09 23:38:04.322  INFO 31696 --- [  restartedMain] o.s.d.r.w.RepositoryRestHandlerMapping   : Mapped "{[/ || ],methods=[GET],produces=[application/hal+json || application/json || application/*+json;charset=UTF-8]}" onto public org.springframework.http.HttpEntity<org.springframework.data.rest.webmvc.RepositoryLinksResource> org.springframework.data.rest.webmvc.RepositoryController.listRepositories()
2016-07-09 23:38:04.324  INFO 31696 --- [  restartedMain] o.s.d.r.w.RepositoryRestHandlerMapping   : Mapped "{[/{repository}/{id}/{property}],methods=[GET],produces=[application/hal+json || application/json || application/*+json;charset=UTF-8]}" onto public org.springframework.http.ResponseEntity<org.springframework.hateoas.ResourceSupport> org.springframework.data.rest.webmvc.RepositoryPropertyReferenceController.followPropertyReference(org.springframework.data.rest.webmvc.RootResourceInformation,java.io.Serializable,java.lang.String,org.springframework.data.rest.webmvc.PersistentEntityResourceAssembler) throws java.lang.Exception
2016-07-09 23:38:04.324  INFO 31696 --- [  restartedMain] o.s.d.r.w.RepositoryRestHandlerMapping   : Mapped "{[/{repository}/{id}/{property}/{propertyId}],methods=[GET],produces=[application/hal+json || application/json || application/*+json;charset=UTF-8]}" onto public org.springframework.http.ResponseEntity<org.springframework.hateoas.ResourceSupport> org.springframework.data.rest.webmvc.RepositoryPropertyReferenceController.followPropertyReference(org.springframework.data.rest.webmvc.RootResourceInformation,java.io.Serializable,java.lang.String,java.lang.String,org.springframework.data.rest.webmvc.PersistentEntityResourceAssembler) throws java.lang.Exception
2016-07-09 23:38:04.324  INFO 31696 --- [  restartedMain] o.s.d.r.w.RepositoryRestHandlerMapping   : Mapped "{[/{repository}/{id}/{property}],methods=[DELETE],produces=[application/hal+json || application/json || application/*+json;charset=UTF-8]}" onto public org.springframework.http.ResponseEntity<? extends org.springframework.hateoas.ResourceSupport> org.springframework.data.rest.webmvc.RepositoryPropertyReferenceController.deletePropertyReference(org.springframework.data.rest.webmvc.RootResourceInformation,java.io.Serializable,java.lang.String) throws java.lang.Exception
2016-07-09 23:38:04.325  INFO 31696 --- [  restartedMain] o.s.d.r.w.RepositoryRestHandlerMapping   : Mapped "{[/{repository}/{id}/{property}],methods=[GET],produces=[application/x-spring-data-compact+json || text/uri-list]}" onto public org.springframework.http.ResponseEntity<org.springframework.hateoas.ResourceSupport> org.springframework.data.rest.webmvc.RepositoryPropertyReferenceController.followPropertyReferenceCompact(org.springframework.data.rest.webmvc.RootResourceInformation,java.io.Serializable,java.lang.String,org.springframework.data.rest.webmvc.PersistentEntityResourceAssembler) throws java.lang.Exception
2016-07-09 23:38:04.325  INFO 31696 --- [  restartedMain] o.s.d.r.w.RepositoryRestHandlerMapping   : Mapped "{[/{repository}/{id}/{property}],methods=[PATCH || PUT || POST],consumes=[application/json || application/x-spring-data-compact+json || text/uri-list],produces=[application/hal+json || application/json || application/*+json;charset=UTF-8]}" onto public org.springframework.http.ResponseEntity<? extends org.springframework.hateoas.ResourceSupport> org.springframework.data.rest.webmvc.RepositoryPropertyReferenceController.createPropertyReference(org.springframework.data.rest.webmvc.RootResourceInformation,org.springframework.http.HttpMethod,org.springframework.hateoas.Resources<java.lang.Object>,java.io.Serializable,java.lang.String) throws java.lang.Exception
2016-07-09 23:38:04.325  INFO 31696 --- [  restartedMain] o.s.d.r.w.RepositoryRestHandlerMapping   : Mapped "{[/{repository}/{id}/{property}/{propertyId}],methods=[DELETE],produces=[application/hal+json || application/json || application/*+json;charset=UTF-8]}" onto public org.springframework.http.ResponseEntity<org.springframework.hateoas.ResourceSupport> org.springframework.data.rest.webmvc.RepositoryPropertyReferenceController.deletePropertyReferenceId(org.springframework.data.rest.webmvc.RootResourceInformation,java.io.Serializable,java.lang.String,java.lang.String) throws java.lang.Exception
2016-07-09 23:38:04.327  INFO 31696 --- [  restartedMain] o.s.d.r.w.RepositoryRestHandlerMapping   : Mapped "{[/{repository}/search],methods=[OPTIONS],produces=[application/hal+json || application/json || application/*+json;charset=UTF-8]}" onto public org.springframework.http.HttpEntity<?> org.springframework.data.rest.webmvc.RepositorySearchController.optionsForSearches(org.springframework.data.rest.webmvc.RootResourceInformation)
2016-07-09 23:38:04.327  INFO 31696 --- [  restartedMain] o.s.d.r.w.RepositoryRestHandlerMapping   : Mapped "{[/{repository}/search],methods=[HEAD],produces=[application/hal+json || application/json || application/*+json;charset=UTF-8]}" onto public org.springframework.http.HttpEntity<?> org.springframework.data.rest.webmvc.RepositorySearchController.headForSearches(org.springframework.data.rest.webmvc.RootResourceInformation)
2016-07-09 23:38:04.328  INFO 31696 --- [  restartedMain] o.s.d.r.w.RepositoryRestHandlerMapping   : Mapped "{[/{repository}/search],methods=[GET],produces=[application/hal+json || application/json || application/*+json;charset=UTF-8]}" onto public org.springframework.data.rest.webmvc.RepositorySearchesResource org.springframework.data.rest.webmvc.RepositorySearchController.listSearches(org.springframework.data.rest.webmvc.RootResourceInformation)
2016-07-09 23:38:04.328  INFO 31696 --- [  restartedMain] o.s.d.r.w.RepositoryRestHandlerMapping   : Mapped "{[/{repository}/search/{search}],methods=[GET],produces=[application/hal+json || application/json || application/*+json;charset=UTF-8]}" onto public org.springframework.http.ResponseEntity<java.lang.Object> org.springframework.data.rest.webmvc.RepositorySearchController.executeSearch(org.springframework.data.rest.webmvc.RootResourceInformation,org.springframework.util.MultiValueMap<java.lang.String, java.lang.Object>,java.lang.String,org.springframework.data.rest.webmvc.support.DefaultedPageable,org.springframework.data.domain.Sort,org.springframework.data.rest.webmvc.PersistentEntityResourceAssembler)
2016-07-09 23:38:04.328  INFO 31696 --- [  restartedMain] o.s.d.r.w.RepositoryRestHandlerMapping   : Mapped "{[/{repository}/search/{search}],methods=[GET],produces=[application/x-spring-data-compact+json]}" onto public org.springframework.hateoas.ResourceSupport org.springframework.data.rest.webmvc.RepositorySearchController.executeSearchCompact(org.springframework.data.rest.webmvc.RootResourceInformation,org.springframework.util.MultiValueMap<java.lang.String, java.lang.Object>,java.lang.String,java.lang.String,org.springframework.data.rest.webmvc.support.DefaultedPageable,org.springframework.data.domain.Sort,org.springframework.data.rest.webmvc.PersistentEntityResourceAssembler)
2016-07-09 23:38:04.328  INFO 31696 --- [  restartedMain] o.s.d.r.w.RepositoryRestHandlerMapping   : Mapped "{[/{repository}/search/{search}],methods=[OPTIONS],produces=[application/hal+json || application/json || application/*+json;charset=UTF-8]}" onto public org.springframework.http.ResponseEntity<java.lang.Object> org.springframework.data.rest.webmvc.RepositorySearchController.optionsForSearch(org.springframework.data.rest.webmvc.RootResourceInformation,java.lang.String)
2016-07-09 23:38:04.329  INFO 31696 --- [  restartedMain] o.s.d.r.w.RepositoryRestHandlerMapping   : Mapped "{[/{repository}/search/{search}],methods=[HEAD],produces=[application/hal+json || application/json || application/*+json;charset=UTF-8]}" onto public org.springframework.http.ResponseEntity<java.lang.Object> org.springframework.data.rest.webmvc.RepositorySearchController.headForSearch(org.springframework.data.rest.webmvc.RootResourceInformation,java.lang.String)
2016-07-09 23:38:04.333  INFO 31696 --- [  restartedMain] o.s.d.r.w.BasePathAwareHandlerMapping    : Mapped "{[/profile],methods=[OPTIONS]}" onto public org.springframework.http.HttpEntity<?> org.springframework.data.rest.webmvc.ProfileController.profileOptions()
2016-07-09 23:38:04.334  INFO 31696 --- [  restartedMain] o.s.d.r.w.BasePathAwareHandlerMapping    : Mapped "{[/profile],methods=[GET]}" onto org.springframework.http.HttpEntity<org.springframework.hateoas.ResourceSupport> org.springframework.data.rest.webmvc.ProfileController.listAllFormsOfMetadata()
2016-07-09 23:38:04.334  INFO 31696 --- [  restartedMain] o.s.d.r.w.BasePathAwareHandlerMapping    : Mapped "{[/profile/{repository}],methods=[GET],produces=[application/schema+json]}" onto public org.springframework.http.HttpEntity<org.springframework.data.rest.webmvc.json.JsonSchema> org.springframework.data.rest.webmvc.RepositorySchemaController.schema(org.springframework.data.rest.webmvc.RootResourceInformation)
2016-07-09 23:38:04.335  INFO 31696 --- [  restartedMain] o.s.d.r.w.BasePathAwareHandlerMapping    : Mapped "{[/profile/{repository}],methods=[GET],produces=[application/alps+json || */*]}" onto org.springframework.http.HttpEntity<org.springframework.data.rest.webmvc.RootResourceInformation> org.springframework.data.rest.webmvc.alps.AlpsController.descriptor(org.springframework.data.rest.webmvc.RootResourceInformation)
2016-07-09 23:38:04.335  INFO 31696 --- [  restartedMain] o.s.d.r.w.BasePathAwareHandlerMapping    : Mapped "{[/profile/{repository}],methods=[OPTIONS],produces=[application/alps+json]}" onto org.springframework.http.HttpEntity<?> org.springframework.data.rest.webmvc.alps.AlpsController.alpsOptions()
2016-07-09 23:38:04.353  INFO 31696 --- [  restartedMain] .m.m.a.ExceptionHandlerExceptionResolver : Detected @ExceptionHandler methods in repositoryRestExceptionHandler
2016-07-09 23:38:04.424  INFO 31696 --- [  restartedMain] o.s.b.d.a.OptionalLiveReloadServer       : LiveReload server is running on port 35729
2016-07-09 23:38:04.483  INFO 31696 --- [  restartedMain] o.s.j.e.a.AnnotationMBeanExporter        : Registering beans for JMX exposure on startup
2016-07-09 23:38:04.494  INFO 31696 --- [  restartedMain] o.s.c.support.DefaultLifecycleProcessor  : Starting beans in phase -2147482648
2016-07-09 23:38:04.495  INFO 31696 --- [  restartedMain] o.s.c.support.DefaultLifecycleProcessor  : Starting beans in phase 2147483647
2016-07-09 23:38:07.899  INFO 31696 --- [cTaskExecutor-1] o.s.a.r.c.CachingConnectionFactory       : Created new connection: SimpleConnection@56c74699 [delegate=amqp://guest@127.0.0.1:5672/]
2016-07-09 23:38:07.984  INFO 31696 --- [  restartedMain] s.b.c.e.t.TomcatEmbeddedServletContainer : Tomcat started on port(s): 8080 (http)
2016-07-09 23:38:07.989  INFO 31696 --- [  restartedMain] com.matlb.MatlbApplication               : Started MatlbApplication in 9.796 seconds (JVM running for 10.24)
Received summary: Could not scrape summary. Reason: 
**********************************************************************
  Resource u'tokenizers/punkt/english.pickle' not found.  Please
  use the NLTK Downloader to obtain the resource:  >>>
  nltk.download()
  Searched in:
    - '/Users/prassingh/nltk_data'
    - '/usr/share/nltk_data'
    - '/usr/local/share/nltk_data'
    - '/usr/lib/nltk_data'
    - '/usr/local/lib/nltk_data'
    - u''
**********************************************************************
Hibernate: select bookmark0_.id as id1_0_, bookmark0_.create_dt as create_d2_0_, bookmark0_.note as note3_0_, bookmark0_.summary as summary4_0_, bookmark0_.url as url5_0_ from bookmark bookmark0_ where bookmark0_.url=?
No bookmark of url: http://news.ycombinator.com found.
2016-07-10 09:45:18.377 ERROR 31696 --- [ 127.0.0.1:5672] o.s.a.r.c.CachingConnectionFactory       : Channel shutdown: connection error
2016-07-10 09:45:18.519  WARN 31696 --- [cTaskExecutor-1] o.s.a.r.l.SimpleMessageListenerContainer : Consumer raised exception, processing can restart if the connection factory supports it

com.rabbitmq.client.ShutdownSignalException: connection error
	at com.rabbitmq.client.impl.AMQConnection.startShutdown(AMQConnection.java:723) ~[amqp-client-3.5.7.jar:na]
	at com.rabbitmq.client.impl.AMQConnection.shutdown(AMQConnection.java:713) ~[amqp-client-3.5.7.jar:na]
	at com.rabbitmq.client.impl.AMQConnection$MainLoop.run(AMQConnection.java:567) ~[amqp-client-3.5.7.jar:na]
	at java.lang.Thread.run(Thread.java:745) [na:1.8.0_74]
Caused by: java.io.EOFException: null
	at java.io.DataInputStream.readUnsignedByte(DataInputStream.java:290) ~[na:1.8.0_74]
	at com.rabbitmq.client.impl.Frame.readFrom(Frame.java:95) ~[amqp-client-3.5.7.jar:na]
	at com.rabbitmq.client.impl.SocketFrameHandler.readFrame(SocketFrameHandler.java:139) ~[amqp-client-3.5.7.jar:na]
	at com.rabbitmq.client.impl.AMQConnection$MainLoop.run(AMQConnection.java:536) ~[amqp-client-3.5.7.jar:na]
	... 1 common frames omitted

2016-07-10 09:45:18.532  INFO 31696 --- [cTaskExecutor-1] o.s.a.r.l.SimpleMessageListenerContainer : Restarting Consumer: tags=[{amq.ctag-J3ODRgJ5dF8sKLq_E79CBA=scrapingresult.queue}], channel=Cached Rabbit Channel: AMQChannel(amqp://guest@127.0.0.1:5672/,1), acknowledgeMode=AUTO local queue size=0
2016-07-10 09:45:18.546 ERROR 31696 --- [cTaskExecutor-2] o.s.a.r.l.SimpleMessageListenerContainer : Failed to check/redeclare auto-delete queue(s).

org.springframework.amqp.AmqpConnectException: java.net.ConnectException: Connection refused
	at org.springframework.amqp.rabbit.support.RabbitExceptionTranslator.convertRabbitAccessException(RabbitExceptionTranslator.java:58) ~[spring-rabbit-1.5.4.RELEASE.jar:na]
	at org.springframework.amqp.rabbit.connection.AbstractConnectionFactory.createBareConnection(AbstractConnectionFactory.java:286) ~[spring-rabbit-1.5.4.RELEASE.jar:na]
	at org.springframework.amqp.rabbit.connection.CachingConnectionFactory.createConnection(CachingConnectionFactory.java:510) ~[spring-rabbit-1.5.4.RELEASE.jar:na]
	at org.springframework.amqp.rabbit.connection.CachingConnectionFactory.createBareChannel(CachingConnectionFactory.java:456) ~[spring-rabbit-1.5.4.RELEASE.jar:na]
	at org.springframework.amqp.rabbit.connection.CachingConnectionFactory.getCachedChannelProxy(CachingConnectionFactory.java:429) ~[spring-rabbit-1.5.4.RELEASE.jar:na]
	at org.springframework.amqp.rabbit.connection.CachingConnectionFactory.getChannel(CachingConnectionFactory.java:422) ~[spring-rabbit-1.5.4.RELEASE.jar:na]
	at org.springframework.amqp.rabbit.connection.CachingConnectionFactory.access$1400(CachingConnectionFactory.java:87) ~[spring-rabbit-1.5.4.RELEASE.jar:na]
	at org.springframework.amqp.rabbit.connection.CachingConnectionFactory$ChannelCachingConnectionProxy.createChannel(CachingConnectionFactory.java:905) ~[spring-rabbit-1.5.4.RELEASE.jar:na]
	at org.springframework.amqp.rabbit.connection.ConnectionFactoryUtils$1.createChannel(ConnectionFactoryUtils.java:90) ~[spring-rabbit-1.5.4.RELEASE.jar:na]
	at org.springframework.amqp.rabbit.connection.ConnectionFactoryUtils.doGetTransactionalResourceHolder(ConnectionFactoryUtils.java:139) ~[spring-rabbit-1.5.4.RELEASE.jar:na]
	at org.springframework.amqp.rabbit.connection.ConnectionFactoryUtils.getTransactionalResourceHolder(ConnectionFactoryUtils.java:71) ~[spring-rabbit-1.5.4.RELEASE.jar:na]
	at org.springframework.amqp.rabbit.core.RabbitTemplate.doExecute(RabbitTemplate.java:1278) ~[spring-rabbit-1.5.4.RELEASE.jar:na]
	at org.springframework.amqp.rabbit.core.RabbitTemplate.execute(RabbitTemplate.java:1271) ~[spring-rabbit-1.5.4.RELEASE.jar:na]
	at org.springframework.amqp.rabbit.core.RabbitTemplate.execute(RabbitTemplate.java:1247) ~[spring-rabbit-1.5.4.RELEASE.jar:na]
	at org.springframework.amqp.rabbit.core.RabbitAdmin.getQueueProperties(RabbitAdmin.java:278) ~[spring-rabbit-1.5.4.RELEASE.jar:na]
	at org.springframework.amqp.rabbit.listener.SimpleMessageListenerContainer.redeclareElementsIfNecessary(SimpleMessageListenerContainer.java:1041) [spring-rabbit-1.5.4.RELEASE.jar:na]
	at org.springframework.amqp.rabbit.listener.SimpleMessageListenerContainer.access$700(SimpleMessageListenerContainer.java:93) [spring-rabbit-1.5.4.RELEASE.jar:na]
	at org.springframework.amqp.rabbit.listener.SimpleMessageListenerContainer$AsyncMessageProcessingConsumer.run(SimpleMessageListenerContainer.java:1169) [spring-rabbit-1.5.4.RELEASE.jar:na]
	at java.lang.Thread.run(Thread.java:745) [na:1.8.0_74]
Caused by: java.net.ConnectException: Connection refused
	at java.net.PlainSocketImpl.socketConnect(Native Method) ~[na:1.8.0_74]
	at java.net.AbstractPlainSocketImpl.doConnect(AbstractPlainSocketImpl.java:350) ~[na:1.8.0_74]
	at java.net.AbstractPlainSocketImpl.connectToAddress(AbstractPlainSocketImpl.java:206) ~[na:1.8.0_74]
	at java.net.AbstractPlainSocketImpl.connect(AbstractPlainSocketImpl.java:188) ~[na:1.8.0_74]
	at java.net.SocksSocketImpl.connect(SocksSocketImpl.java:392) ~[na:1.8.0_74]
	at java.net.Socket.connect(Socket.java:589) ~[na:1.8.0_74]
	at com.rabbitmq.client.impl.FrameHandlerFactory.create(FrameHandlerFactory.java:32) ~[amqp-client-3.5.7.jar:na]
	at com.rabbitmq.client.ConnectionFactory.newConnection(ConnectionFactory.java:645) ~[amqp-client-3.5.7.jar:na]
	at com.rabbitmq.client.ConnectionFactory.newConnection(ConnectionFactory.java:694) ~[amqp-client-3.5.7.jar:na]
	at org.springframework.amqp.rabbit.connection.AbstractConnectionFactory.createBareConnection(AbstractConnectionFactory.java:277) ~[spring-rabbit-1.5.4.RELEASE.jar:na]
	... 17 common frames omitted

2016-07-10 09:45:23.576  WARN 31696 --- [cTaskExecutor-2] o.s.a.r.l.SimpleMessageListenerContainer : Consumer raised exception, processing can restart if the connection factory supports it. Exception summary: org.springframework.amqp.AmqpConnectException: java.net.ConnectException: Connection refused
2016-07-10 09:45:23.577  INFO 31696 --- [cTaskExecutor-2] o.s.a.r.l.SimpleMessageListenerContainer : Restarting Consumer: tags=[{}], channel=null, acknowledgeMode=AUTO local queue size=0
2016-07-10 09:45:23.579 ERROR 31696 --- [cTaskExecutor-3] o.s.a.r.l.SimpleMessageListenerContainer : Failed to check/redeclare auto-delete queue(s).

org.springframework.amqp.AmqpConnectException: java.net.ConnectException: Connection refused
	at org.springframework.amqp.rabbit.support.RabbitExceptionTranslator.convertRabbitAccessException(RabbitExceptionTranslator.java:58) ~[spring-rabbit-1.5.4.RELEASE.jar:na]
	at org.springframework.amqp.rabbit.connection.AbstractConnectionFactory.createBareConnection(AbstractConnectionFactory.java:286) ~[spring-rabbit-1.5.4.RELEASE.jar:na]
	at org.springframework.amqp.rabbit.connection.CachingConnectionFactory.createConnection(CachingConnectionFactory.java:510) ~[spring-rabbit-1.5.4.RELEASE.jar:na]
	at org.springframework.amqp.rabbit.connection.ConnectionFactoryUtils$1.createConnection(ConnectionFactoryUtils.java:85) ~[spring-rabbit-1.5.4.RELEASE.jar:na]
	at org.springframework.amqp.rabbit.connection.ConnectionFactoryUtils.doGetTransactionalResourceHolder(ConnectionFactoryUtils.java:135) ~[spring-rabbit-1.5.4.RELEASE.jar:na]
	at org.springframework.amqp.rabbit.connection.ConnectionFactoryUtils.getTransactionalResourceHolder(ConnectionFactoryUtils.java:71) ~[spring-rabbit-1.5.4.RELEASE.jar:na]
	at org.springframework.amqp.rabbit.core.RabbitTemplate.doExecute(RabbitTemplate.java:1278) ~[spring-rabbit-1.5.4.RELEASE.jar:na]
	at org.springframework.amqp.rabbit.core.RabbitTemplate.execute(RabbitTemplate.java:1271) ~[spring-rabbit-1.5.4.RELEASE.jar:na]
	at org.springframework.amqp.rabbit.core.RabbitTemplate.execute(RabbitTemplate.java:1247) ~[spring-rabbit-1.5.4.RELEASE.jar:na]
	at org.springframework.amqp.rabbit.core.RabbitAdmin.getQueueProperties(RabbitAdmin.java:278) ~[spring-rabbit-1.5.4.RELEASE.jar:na]
	at org.springframework.amqp.rabbit.listener.SimpleMessageListenerContainer.redeclareElementsIfNecessary(SimpleMessageListenerContainer.java:1041) [spring-rabbit-1.5.4.RELEASE.jar:na]
	at org.springframework.amqp.rabbit.listener.SimpleMessageListenerContainer.access$700(SimpleMessageListenerContainer.java:93) [spring-rabbit-1.5.4.RELEASE.jar:na]
	at org.springframework.amqp.rabbit.listener.SimpleMessageListenerContainer$AsyncMessageProcessingConsumer.run(SimpleMessageListenerContainer.java:1169) [spring-rabbit-1.5.4.RELEASE.jar:na]
	at java.lang.Thread.run(Thread.java:745) [na:1.8.0_74]
Caused by: java.net.ConnectException: Connection refused
	at java.net.PlainSocketImpl.socketConnect(Native Method) ~[na:1.8.0_74]
	at java.net.AbstractPlainSocketImpl.doConnect(AbstractPlainSocketImpl.java:350) ~[na:1.8.0_74]
	at java.net.AbstractPlainSocketImpl.connectToAddress(AbstractPlainSocketImpl.java:206) ~[na:1.8.0_74]
	at java.net.AbstractPlainSocketImpl.connect(AbstractPlainSocketImpl.java:188) ~[na:1.8.0_74]
	at java.net.SocksSocketImpl.connect(SocksSocketImpl.java:392) ~[na:1.8.0_74]
	at java.net.Socket.connect(Socket.java:589) ~[na:1.8.0_74]
	at com.rabbitmq.client.impl.FrameHandlerFactory.create(FrameHandlerFactory.java:32) ~[amqp-client-3.5.7.jar:na]
	at com.rabbitmq.client.ConnectionFactory.newConnection(ConnectionFactory.java:645) ~[amqp-client-3.5.7.jar:na]
	at com.rabbitmq.client.ConnectionFactory.newConnection(ConnectionFactory.java:694) ~[amqp-client-3.5.7.jar:na]
	at org.springframework.amqp.rabbit.connection.AbstractConnectionFactory.createBareConnection(AbstractConnectionFactory.java:277) ~[spring-rabbit-1.5.4.RELEASE.jar:na]
	... 12 common frames omitted

client disconnection detected, stopping the daemon
Unable to execute command Build{id=d3237e4d-1bca-4866-8a79-e434b199c0d4.1, currentDir=/Users/prassingh/Matlb} from socket connection from /127.0.0.1:60363 to /127.0.0.1:60364. Dispatching the failure to the daemon client
org.gradle.messaging.remote.internal.MessageIOException: Could not write message Failure[value=org.gradle.launcher.daemon.server.api.DaemonStoppedException: Gradle build daemon has been stopped.] to '/127.0.0.1:60364'.
	at org.gradle.messaging.remote.internal.inet.SocketConnection.dispatch(SocketConnection.java:111)
	at org.gradle.launcher.daemon.server.SynchronizedDispatchConnection.dispatch(SynchronizedDispatchConnection.java:55)
	at org.gradle.launcher.daemon.server.DefaultDaemonConnection.completed(DefaultDaemonConnection.java:129)
	at org.gradle.launcher.daemon.server.exec.StartBuildOrRespondWithBusy.doBuild(StartBuildOrRespondWithBusy.java:59)
	at org.gradle.launcher.daemon.server.exec.BuildCommandOnly.execute(BuildCommandOnly.java:36)
	at org.gradle.launcher.daemon.server.api.DaemonCommandExecution.proceed(DaemonCommandExecution.java:120)
	at org.gradle.launcher.daemon.server.exec.ReturnResult.execute(ReturnResult.java:36)
	at org.gradle.launcher.daemon.server.api.DaemonCommandExecution.proceed(DaemonCommandExecution.java:120)
	at org.gradle.launcher.daemon.server.exec.HandleCancel.execute(HandleCancel.java:37)
	at org.gradle.launcher.daemon.server.api.DaemonCommandExecution.proceed(DaemonCommandExecution.java:120)
	at org.gradle.launcher.daemon.server.api.HandleStop.execute(HandleStop.java:33)
	at org.gradle.launcher.daemon.server.api.DaemonCommandExecution.proceed(DaemonCommandExecution.java:120)
	at org.gradle.launcher.daemon.server.exec.DefaultDaemonCommandExecuter.executeCommand(DefaultDaemonCommandExecuter.java:56)
	at org.gradle.launcher.daemon.server.DefaultIncomingConnectionHandler$ConnectionWorker.handleCommand(DefaultIncomingConnectionHandler.java:154)
	at org.gradle.launcher.daemon.server.DefaultIncomingConnectionHandler$ConnectionWorker.receiveAndHandleCommand(DefaultIncomingConnectionHandler.java:129)
	at org.gradle.launcher.daemon.server.DefaultIncomingConnectionHandler$ConnectionWorker.run(DefaultIncomingConnectionHandler.java:117)
	at org.gradle.internal.concurrent.ExecutorPolicy$CatchAndRecordFailures.onExecute(ExecutorPolicy.java:54)
	at org.gradle.internal.concurrent.StoppableExecutorImpl$1.run(StoppableExecutorImpl.java:40)
	at java.util.concurrent.ThreadPoolExecutor.runWorker(ThreadPoolExecutor.java:1142)
	at java.util.concurrent.ThreadPoolExecutor$Worker.run(ThreadPoolExecutor.java:617)
	at java.lang.Thread.run(Thread.java:745)
Caused by: com.esotericsoftware.kryo.KryoException: java.io.IOException: Broken pipe
	at com.esotericsoftware.kryo.io.Output.flush(Output.java:156)
	at com.esotericsoftware.kryo.io.Output.require(Output.java:134)
	at com.esotericsoftware.kryo.io.Output.writeBytes(Output.java:219)
	at org.gradle.internal.serialize.kryo.KryoBackedEncoder.writeBytes(KryoBackedEncoder.java:43)
	at org.gradle.internal.serialize.AbstractEncoder$EncoderStream.write(AbstractEncoder.java:72)
	at java.io.ObjectOutputStream$BlockDataOutputStream.drain(ObjectOutputStream.java:1877)
	at java.io.ObjectOutputStream$BlockDataOutputStream.flush(ObjectOutputStream.java:1822)
	at java.io.ObjectOutputStream.flush(ObjectOutputStream.java:719)
	at org.gradle.messaging.remote.internal.Message.send(Message.java:42)
	at org.gradle.internal.serialize.BaseSerializerFactory$ThrowableSerializer.write(BaseSerializerFactory.java:152)
	at org.gradle.internal.serialize.BaseSerializerFactory$ThrowableSerializer.write(BaseSerializerFactory.java:146)
	at org.gradle.launcher.daemon.protocol.DaemonMessageSerializer$FailureSerializer.write(DaemonMessageSerializer.java:66)
	at org.gradle.launcher.daemon.protocol.DaemonMessageSerializer$FailureSerializer.write(DaemonMessageSerializer.java:57)
	at org.gradle.internal.serialize.DefaultSerializerRegistry$TaggedTypeSerializer.write(DefaultSerializerRegistry.java:91)
	at org.gradle.internal.serialize.Serializers$StatefulSerializerAdapter$2.write(Serializers.java:46)
	at org.gradle.messaging.remote.internal.KryoBackedMessageSerializer$1.write(KryoBackedMessageSerializer.java:55)
	at org.gradle.messaging.remote.internal.inet.SocketConnection.dispatch(SocketConnection.java:108)
	... 20 more
Caused by: java.io.IOException: Broken pipe
	at sun.nio.ch.FileDispatcherImpl.write0(Native Method)
	at sun.nio.ch.SocketDispatcher.write(SocketDispatcher.java:47)
	at sun.nio.ch.IOUtil.writeFromNativeBuffer(IOUtil.java:93)
	at sun.nio.ch.IOUtil.write(IOUtil.java:51)
	at sun.nio.ch.SocketChannelImpl.write(SocketChannelImpl.java:471)
	at org.gradle.messaging.remote.internal.inet.SocketConnection$SocketOutputStream.flush(SocketConnection.java:236)
	at org.gradle.messaging.remote.internal.inet.SocketConnection$SocketOutputStream.write(SocketConnection.java:223)
	at com.esotericsoftware.kryo.io.Output.flush(Output.java:154)
	... 36 more
Daemon vm is shutting down... The daemon has exited normally or was terminated in response to a user interrupt.
