01:03:29.585 [INFO] [org.gradle.launcher.daemon.server.Daemon] start() called on daemon - DefaultDaemonContext[uid=f7d03eea-bcad-4717-8860-7d50494f3ba2,javaHome=/Library/Java/JavaVirtualMachines/jdk1.8.0_74.jdk/Contents/Home,daemonRegistryDir=/Users/prassingh/Matlb/gradle/wrapper/daemon,pid=59590,idleTimeout=10800000,daemonOpts=-XX:MaxPermSize=256m,-XX:+HeapDumpOnOutOfMemoryError,-Xmx1024m,-Dfile.encoding=UTF-8,-Duser.country=US,-Duser.language=en,-Duser.variant]
01:03:29.589 [DEBUG] [org.gradle.launcher.daemon.server.DaemonStateCoordinator] updating lastActivityAt to 1467142409589
01:03:29.613 [DEBUG] [org.gradle.messaging.remote.internal.inet.InetAddressFactory] Adding IP addresses for network interface awdl0
01:03:29.614 [DEBUG] [org.gradle.messaging.remote.internal.inet.InetAddressFactory] Is this a loopback interface? false
01:03:29.614 [DEBUG] [org.gradle.messaging.remote.internal.inet.InetAddressFactory] Is this a multicast interface? true
01:03:29.615 [DEBUG] [org.gradle.messaging.remote.internal.inet.InetAddressFactory] Adding remote address /fe80:0:0:0:41e:dcff:fe61:47c3%awdl0
01:03:29.615 [DEBUG] [org.gradle.messaging.remote.internal.inet.InetAddressFactory] Adding remote multicast interface awdl0
01:03:29.616 [DEBUG] [org.gradle.messaging.remote.internal.inet.InetAddressFactory] Adding IP addresses for network interface en0
01:03:29.616 [DEBUG] [org.gradle.messaging.remote.internal.inet.InetAddressFactory] Is this a loopback interface? false
01:03:29.616 [DEBUG] [org.gradle.messaging.remote.internal.inet.InetAddressFactory] Is this a multicast interface? true
01:03:29.617 [DEBUG] [org.gradle.messaging.remote.internal.inet.InetAddressFactory] Adding remote address /fe80:0:0:0:aebc:32ff:febb:92b3%en0
01:03:29.617 [DEBUG] [org.gradle.messaging.remote.internal.inet.InetAddressFactory] Adding remote address /192.168.1.103
01:03:29.617 [DEBUG] [org.gradle.messaging.remote.internal.inet.InetAddressFactory] Adding remote multicast interface en0
01:03:29.618 [DEBUG] [org.gradle.messaging.remote.internal.inet.InetAddressFactory] Adding IP addresses for network interface lo0
01:03:29.618 [DEBUG] [org.gradle.messaging.remote.internal.inet.InetAddressFactory] Is this a loopback interface? true
01:03:29.618 [DEBUG] [org.gradle.messaging.remote.internal.inet.InetAddressFactory] Is this a multicast interface? true
01:03:29.618 [DEBUG] [org.gradle.messaging.remote.internal.inet.InetAddressFactory] Ignoring remote address on loopback interface /fe80:0:0:0:0:0:0:1%lo0
01:03:29.619 [DEBUG] [org.gradle.messaging.remote.internal.inet.InetAddressFactory] Adding loopback address /0:0:0:0:0:0:0:1
01:03:29.619 [DEBUG] [org.gradle.messaging.remote.internal.inet.InetAddressFactory] Adding loopback address /127.0.0.1
01:03:29.619 [DEBUG] [org.gradle.messaging.remote.internal.inet.InetAddressFactory] Adding loopback multicast interface lo0
01:03:29.643 [DEBUG] [org.gradle.messaging.remote.internal.inet.TcpIncomingConnector] Listening on [e263c366-146d-4f20-a64b-f822a9fc33b5 port:51864, addresses:[/0:0:0:0:0:0:0:1, /127.0.0.1]].
01:03:29.646 [DEBUG] [org.gradle.launcher.daemon.server.Daemon] Daemon starting at: Wed Jun 29 01:03:29 IST 2016, with address: [e263c366-146d-4f20-a64b-f822a9fc33b5 port:51864, addresses:[/0:0:0:0:0:0:0:1, /127.0.0.1]]
01:03:29.646 [INFO] [org.gradle.launcher.daemon.server.DomainRegistryUpdater] Advertising the daemon address to the clients: [e263c366-146d-4f20-a64b-f822a9fc33b5 port:51864, addresses:[/0:0:0:0:0:0:0:1, /127.0.0.1]]
01:03:29.646 [DEBUG] [org.gradle.launcher.daemon.server.DomainRegistryUpdater] Advertised daemon context: DefaultDaemonContext[uid=f7d03eea-bcad-4717-8860-7d50494f3ba2,javaHome=/Library/Java/JavaVirtualMachines/jdk1.8.0_74.jdk/Contents/Home,daemonRegistryDir=/Users/prassingh/Matlb/gradle/wrapper/daemon,pid=59590,idleTimeout=10800000,daemonOpts=-XX:MaxPermSize=256m,-XX:+HeapDumpOnOutOfMemoryError,-Xmx1024m,-Dfile.encoding=UTF-8,-Duser.country=US,-Duser.language=en,-Duser.variant]
01:03:29.647 [DEBUG] [org.gradle.launcher.daemon.registry.PersistentDaemonRegistry] Storing daemon address: [e263c366-146d-4f20-a64b-f822a9fc33b5 port:51864, addresses:[/0:0:0:0:0:0:0:1, /127.0.0.1]], context: DefaultDaemonContext[uid=f7d03eea-bcad-4717-8860-7d50494f3ba2,javaHome=/Library/Java/JavaVirtualMachines/jdk1.8.0_74.jdk/Contents/Home,daemonRegistryDir=/Users/prassingh/Matlb/gradle/wrapper/daemon,pid=59590,idleTimeout=10800000,daemonOpts=-XX:MaxPermSize=256m,-XX:+HeapDumpOnOutOfMemoryError,-Xmx1024m,-Dfile.encoding=UTF-8,-Duser.country=US,-Duser.language=en,-Duser.variant]
01:03:29.656 [DEBUG] [org.gradle.cache.internal.DefaultFileLockManager] Waiting to acquire exclusive lock on daemon addresses registry.
01:03:29.857 [DEBUG] [org.gradle.cache.internal.DefaultFileLockManager] Lock acquired.
01:03:29.859 [DEBUG] [org.gradle.cache.internal.DefaultFileLockManager] Releasing lock on daemon addresses registry.
01:03:29.861 [DEBUG] [org.gradle.cache.internal.DefaultFileLockManager] Waiting to acquire exclusive lock on daemon addresses registry.
01:03:29.861 [DEBUG] [org.gradle.cache.internal.DefaultFileLockManager] Lock acquired.
01:03:29.883 [DEBUG] [org.gradle.cache.internal.DefaultFileLockManager] Releasing lock on daemon addresses registry.
01:03:29.884 [LIFECYCLE] [org.gradle.launcher.daemon.server.Daemon] Daemon server started.
01:03:29.885 [DEBUG] [org.gradle.launcher.daemon.bootstrap.DaemonStartupCommunication] Completed writing the daemon greeting. Closing streams...
01:03:29.886 [DEBUG] [org.gradle.launcher.daemon.server.Daemon] requestStopOnIdleTimeout(10800000 MILLISECONDS) called on daemon
01:03:29.886 [DEBUG] [org.gradle.launcher.daemon.server.DaemonStateCoordinator] Idle timeout: waiting for daemon to stop or be idle for 10800000ms
01:03:29.887 [DEBUG] [org.gradle.launcher.daemon.server.DaemonStateCoordinator] Daemon is idle, sleeping until state change or idle timeout at Wed Jun 29 04:03:29 IST 2016
01:03:29.918 [DEBUG] [org.gradle.messaging.remote.internal.inet.TcpIncomingConnector] Accepted connection from /127.0.0.1:51865 to /127.0.0.1:51864.
01:03:29.964 [DEBUG] [org.gradle.launcher.daemon.server.SynchronizedDispatchConnection] thread 15: received class org.gradle.launcher.daemon.protocol.Build
01:03:29.965 [DEBUG] [org.gradle.launcher.daemon.server.DefaultDaemonConnection] Received non-IO message from client: Build{id=69bfafbf-06a7-4a25-b315-c0a46866c4b0.1, currentDir=/Users/prassingh/Matlb}
01:03:29.965 [INFO] [org.gradle.launcher.daemon.server.DefaultIncomingConnectionHandler] Received command: Build{id=69bfafbf-06a7-4a25-b315-c0a46866c4b0.1, currentDir=/Users/prassingh/Matlb}.
01:03:29.965 [DEBUG] [org.gradle.launcher.daemon.server.DefaultIncomingConnectionHandler] Starting executing command: Build{id=69bfafbf-06a7-4a25-b315-c0a46866c4b0.1, currentDir=/Users/prassingh/Matlb} with connection: socket connection from /127.0.0.1:51864 to /127.0.0.1:51865.
01:03:29.975 [DEBUG] [org.gradle.launcher.daemon.server.DaemonStateCoordinator] Command execution: started DaemonCommandExecution[command = Build{id=69bfafbf-06a7-4a25-b315-c0a46866c4b0.1, currentDir=/Users/prassingh/Matlb}, connection = org.gradle.launcher.daemon.server.DefaultDaemonConnection@5c1c9fef] after 0.0 minutes of idle
01:03:29.975 [INFO] [org.gradle.launcher.daemon.server.DomainRegistryUpdater] Marking the daemon as busy, address: [e263c366-146d-4f20-a64b-f822a9fc33b5 port:51864, addresses:[/0:0:0:0:0:0:0:1, /127.0.0.1]]
01:03:29.975 [DEBUG] [org.gradle.launcher.daemon.registry.PersistentDaemonRegistry] Marking busy by address: [e263c366-146d-4f20-a64b-f822a9fc33b5 port:51864, addresses:[/0:0:0:0:0:0:0:1, /127.0.0.1]]
01:03:29.976 [DEBUG] [org.gradle.cache.internal.DefaultFileLockManager] Waiting to acquire exclusive lock on daemon addresses registry.
01:03:29.976 [DEBUG] [org.gradle.cache.internal.DefaultFileLockManager] Lock acquired.
01:03:29.979 [DEBUG] [org.gradle.cache.internal.DefaultFileLockManager] Releasing lock on daemon addresses registry.
01:03:29.979 [DEBUG] [org.gradle.launcher.daemon.server.DaemonStateCoordinator] updating lastActivityAt to 1467142409979
01:03:29.979 [DEBUG] [org.gradle.launcher.daemon.server.DaemonStateCoordinator] Daemon is busy, sleeping until state changes.
01:03:29.980 [INFO] [org.gradle.launcher.daemon.server.exec.StartBuildOrRespondWithBusy] Daemon is about to start building Build{id=69bfafbf-06a7-4a25-b315-c0a46866c4b0.1, currentDir=/Users/prassingh/Matlb}. Dispatching build started information...
01:03:29.980 [DEBUG] [org.gradle.launcher.daemon.server.SynchronizedDispatchConnection] thread 17: dispatching class org.gradle.launcher.daemon.protocol.BuildStarted
01:03:29.984 [DEBUG] [org.gradle.launcher.daemon.server.exec.EstablishBuildEnvironment] Configuring env variables: {PATH=/usr/bin:/bin:/usr/sbin:/sbin, SSH_AUTH_SOCK=/private/tmp/com.apple.launchd.TMBA7GbNaR/Listeners, XPC_FLAGS=0x0, SHELL=/bin/bash, __CF_USER_TEXT_ENCODING=0x2C1844F0:0x0:0x0, Apple_PubSub_Socket_Render=/private/tmp/com.apple.launchd.EwG29EIYv5/Render, LOGNAME=prassingh, USER=prassingh, XPC_SERVICE_NAME=com.jetbrains.intellij.73952, HOME=/Users/prassingh, TMPDIR=/var/folders/nh/c49w3z193pdfc1hv74rsdv60p1hj7h/T/}
01:03:29.991 [DEBUG] [org.gradle.launcher.daemon.server.SynchronizedDispatchConnection] thread 15: received class org.gradle.launcher.daemon.protocol.CloseInput
01:03:29.991 [DEBUG] [org.gradle.launcher.daemon.server.DefaultDaemonConnection] Received IO message from client: org.gradle.launcher.daemon.protocol.CloseInput@1bb473e0
01:03:29.994 [DEBUG] [org.gradle.launcher.daemon.server.exec.LogToClient] About to start relaying all logs to the client via the connection.
01:03:29.994 [INFO] [org.gradle.launcher.daemon.server.exec.LogToClient] The client will now receive all logging from the daemon (pid: 59590). The daemon log file: /Users/prassingh/Matlb/gradle/wrapper/daemon/2.9/daemon-59590.out.log
01:03:30.000 [INFO] [org.gradle.launcher.daemon.server.health.DaemonHealthTracker] Starting build in new daemon [memory: 954.7 MB]
01:03:30.000 [INFO] [org.gradle.launcher.daemon.server.exec.ForwardClientInput] Closing daemon's stdin at end of input.
01:03:30.001 [INFO] [org.gradle.launcher.daemon.server.exec.ForwardClientInput] The daemon will no longer process any standard input.
01:03:30.003 [DEBUG] [org.gradle.launcher.daemon.server.exec.ExecuteBuild] The daemon has started executing the build.
01:03:30.003 [INFO] [org.gradle.launcher.daemon.server.exec.ExecuteBuild] Executing build with daemon context: DefaultDaemonContext[uid=f7d03eea-bcad-4717-8860-7d50494f3ba2,javaHome=/Library/Java/JavaVirtualMachines/jdk1.8.0_74.jdk/Contents/Home,daemonRegistryDir=/Users/prassingh/Matlb/gradle/wrapper/daemon,pid=59590,idleTimeout=10800000,daemonOpts=-XX:MaxPermSize=256m,-XX:+HeapDumpOnOutOfMemoryError,-Xmx1024m,-Dfile.encoding=UTF-8,-Duser.country=US,-Duser.language=en,-Duser.variant]
Download https://repo1.maven.org/maven2/org/springframework/boot/spring-boot-gradle-plugin/1.3.3.RELEASE/spring-boot-gradle-plugin-1.3.3.RELEASE.pom
Download https://repo1.maven.org/maven2/org/springframework/boot/spring-boot-tools/1.3.3.RELEASE/spring-boot-tools-1.3.3.RELEASE.pom
Download https://repo1.maven.org/maven2/org/springframework/boot/spring-boot-parent/1.3.3.RELEASE/spring-boot-parent-1.3.3.RELEASE.pom
Download https://repo1.maven.org/maven2/org/springframework/boot/spring-boot-dependencies/1.3.3.RELEASE/spring-boot-dependencies-1.3.3.RELEASE.pom
Download https://repo1.maven.org/maven2/org/springframework/spring-framework-bom/4.2.5.RELEASE/spring-framework-bom-4.2.5.RELEASE.pom
Download https://repo1.maven.org/maven2/org/springframework/data/spring-data-releasetrain/Gosling-SR4/spring-data-releasetrain-Gosling-SR4.pom
Download https://repo1.maven.org/maven2/org/springframework/data/build/spring-data-build/1.7.4.RELEASE/spring-data-build-1.7.4.RELEASE.pom
Download https://repo1.maven.org/maven2/org/springframework/integration/spring-integration-bom/4.2.5.RELEASE/spring-integration-bom-4.2.5.RELEASE.pom
Download https://repo1.maven.org/maven2/org/springframework/security/spring-security-bom/4.0.3.RELEASE/spring-security-bom-4.0.3.RELEASE.pom
Download https://repo1.maven.org/maven2/org/springframework/boot/spring-boot-loader-tools/1.3.3.RELEASE/spring-boot-loader-tools-1.3.3.RELEASE.pom
Download https://repo1.maven.org/maven2/io/spring/gradle/dependency-management-plugin/0.5.6.RELEASE/dependency-management-plugin-0.5.6.RELEASE.pom
Download https://repo1.maven.org/maven2/org/springframework/spring-core/4.2.5.RELEASE/spring-core-4.2.5.RELEASE.pom
Download https://repo1.maven.org/maven2/commons-logging/commons-logging/1.2/commons-logging-1.2.pom
Download https://repo1.maven.org/maven2/org/springframework/boot/spring-boot-gradle-plugin/1.3.3.RELEASE/spring-boot-gradle-plugin-1.3.3.RELEASE.jar
Download https://repo1.maven.org/maven2/org/springframework/boot/spring-boot-loader-tools/1.3.3.RELEASE/spring-boot-loader-tools-1.3.3.RELEASE.jar
Download https://repo1.maven.org/maven2/io/spring/gradle/dependency-management-plugin/0.5.6.RELEASE/dependency-management-plugin-0.5.6.RELEASE.jar
Download https://repo1.maven.org/maven2/org/springframework/spring-core/4.2.5.RELEASE/spring-core-4.2.5.RELEASE.jar
:compileJava
Download https://repo1.maven.org/maven2/org/springframework/boot/spring-boot-starter-parent/1.3.3.RELEASE/spring-boot-starter-parent-1.3.3.RELEASE.pom
Download https://repo1.maven.org/maven2/org/springframework/boot/spring-boot-starter-aop/1.3.3.RELEASE/spring-boot-starter-aop-1.3.3.RELEASE.pom
Download https://repo1.maven.org/maven2/org/springframework/boot/spring-boot-starters/1.3.3.RELEASE/spring-boot-starters-1.3.3.RELEASE.pom
Download https://repo1.maven.org/maven2/org/springframework/boot/spring-boot-starter-web/1.3.3.RELEASE/spring-boot-starter-web-1.3.3.RELEASE.pom
Download https://repo1.maven.org/maven2/org/springframework/boot/spring-boot-devtools/1.3.3.RELEASE/spring-boot-devtools-1.3.3.RELEASE.pom
Download https://repo1.maven.org/maven2/org/springframework/boot/spring-boot-starter-data-jpa/1.3.3.RELEASE/spring-boot-starter-data-jpa-1.3.3.RELEASE.pom
Download https://repo1.maven.org/maven2/org/springframework/boot/spring-boot-starter-data-rest/1.3.3.RELEASE/spring-boot-starter-data-rest-1.3.3.RELEASE.pom
Download https://repo1.maven.org/maven2/com/h2database/h2/1.4.191/h2-1.4.191.pom
Download https://repo1.maven.org/maven2/com/sun/mail/javax.mail/1.5.5/javax.mail-1.5.5.pom
Download https://repo1.maven.org/maven2/com/sun/mail/all/1.5.5/all-1.5.5.pom
Download https://repo1.maven.org/maven2/org/springframework/spring-support/2.0.6/spring-support-2.0.6.pom
Download https://repo1.maven.org/maven2/com/sun/jersey/jersey-core/1.19.1/jersey-core-1.19.1.pom
Download https://repo1.maven.org/maven2/com/sun/jersey/jersey-project/1.19.1/jersey-project-1.19.1.pom
Download https://repo1.maven.org/maven2/net/java/jvnet-parent/4/jvnet-parent-4.pom
Download https://repo1.maven.org/maven2/com/sun/jersey/jersey-client/1.19.1/jersey-client-1.19.1.pom
Download https://repo1.maven.org/maven2/com/sun/jersey/contribs/jersey-multipart/1.19.1/jersey-multipart-1.19.1.pom
Download https://repo1.maven.org/maven2/com/sun/jersey/contribs/jersey-contribs/1.19.1/jersey-contribs-1.19.1.pom
Download https://repo1.maven.org/maven2/org/springframework/boot/spring-boot-starter-amqp/1.3.3.RELEASE/spring-boot-starter-amqp-1.3.3.RELEASE.pom
Download https://repo1.maven.org/maven2/com/fasterxml/jackson/core/jackson-databind/2.6.0/jackson-databind-2.6.0.pom
Download https://repo1.maven.org/maven2/com/fasterxml/jackson/jackson-parent/2.6.1/jackson-parent-2.6.1.pom
Download https://repo1.maven.org/maven2/com/fasterxml/oss-parent/23/oss-parent-23.pom
Download https://repo1.maven.org/maven2/org/springframework/boot/spring-boot-starter/1.3.3.RELEASE/spring-boot-starter-1.3.3.RELEASE.pom
Download https://repo1.maven.org/maven2/org/springframework/spring-aop/4.2.5.RELEASE/spring-aop-4.2.5.RELEASE.pom
Download https://repo1.maven.org/maven2/org/aspectj/aspectjweaver/1.8.8/aspectjweaver-1.8.8.pom
Download https://repo1.maven.org/maven2/org/springframework/boot/spring-boot-starter-tomcat/1.3.3.RELEASE/spring-boot-starter-tomcat-1.3.3.RELEASE.pom
Download https://repo1.maven.org/maven2/org/springframework/boot/spring-boot-starter-validation/1.3.3.RELEASE/spring-boot-starter-validation-1.3.3.RELEASE.pom
Download https://repo1.maven.org/maven2/org/springframework/spring-web/4.2.5.RELEASE/spring-web-4.2.5.RELEASE.pom
Download https://repo1.maven.org/maven2/org/springframework/spring-webmvc/4.2.5.RELEASE/spring-webmvc-4.2.5.RELEASE.pom
Download https://repo1.maven.org/maven2/org/springframework/boot/spring-boot/1.3.3.RELEASE/spring-boot-1.3.3.RELEASE.pom
Download https://repo1.maven.org/maven2/org/springframework/boot/spring-boot-autoconfigure/1.3.3.RELEASE/spring-boot-autoconfigure-1.3.3.RELEASE.pom
Download https://repo1.maven.org/maven2/org/springframework/boot/spring-boot-starter-jdbc/1.3.3.RELEASE/spring-boot-starter-jdbc-1.3.3.RELEASE.pom
Download https://repo1.maven.org/maven2/org/hibernate/hibernate-entitymanager/4.3.11.Final/hibernate-entitymanager-4.3.11.Final.pom
Download https://repo1.maven.org/maven2/javax/transaction/javax.transaction-api/1.2/javax.transaction-api-1.2.pom
Download https://repo1.maven.org/maven2/org/springframework/data/spring-data-jpa/1.9.4.RELEASE/spring-data-jpa-1.9.4.RELEASE.pom
Download https://repo1.maven.org/maven2/org/springframework/data/build/spring-data-parent/1.7.4.RELEASE/spring-data-parent-1.7.4.RELEASE.pom
Download https://repo1.maven.org/maven2/org/springframework/spring-framework-bom/4.1.9.RELEASE/spring-framework-bom-4.1.9.RELEASE.pom
Download https://repo1.maven.org/maven2/org/springframework/spring-aspects/4.2.5.RELEASE/spring-aspects-4.2.5.RELEASE.pom
Download https://repo1.maven.org/maven2/com/fasterxml/jackson/core/jackson-annotations/2.6.5/jackson-annotations-2.6.5.pom
Download https://repo1.maven.org/maven2/org/springframework/data/spring-data-rest-webmvc/2.4.4.RELEASE/spring-data-rest-webmvc-2.4.4.RELEASE.pom
Download https://repo1.maven.org/maven2/org/springframework/data/spring-data-rest-parent/2.4.4.RELEASE/spring-data-rest-parent-2.4.4.RELEASE.pom
Download https://repo1.maven.org/maven2/javax/activation/activation/1.1/activation-1.1.pom
Download https://repo1.maven.org/maven2/org/springframework/spring-beans/4.2.5.RELEASE/spring-beans-4.2.5.RELEASE.pom
Download https://repo1.maven.org/maven2/org/springframework/spring-context/4.2.5.RELEASE/spring-context-4.2.5.RELEASE.pom
Download https://repo1.maven.org/maven2/javax/ws/rs/jsr311-api/1.1.1/jsr311-api-1.1.1.pom
Download https://repo1.maven.org/maven2/org/jvnet/mimepull/mimepull/1.9.3/mimepull-1.9.3.pom
Download https://repo1.maven.org/maven2/org/springframework/spring-messaging/4.2.5.RELEASE/spring-messaging-4.2.5.RELEASE.pom
Download https://repo1.maven.org/maven2/org/springframework/amqp/spring-rabbit/1.5.4.RELEASE/spring-rabbit-1.5.4.RELEASE.pom
Download https://repo1.maven.org/maven2/com/fasterxml/jackson/core/jackson-core/2.6.5/jackson-core-2.6.5.pom
Download https://repo1.maven.org/maven2/com/fasterxml/jackson/jackson-parent/2.6.2/jackson-parent-2.6.2.pom
Download https://repo1.maven.org/maven2/com/fasterxml/oss-parent/24/oss-parent-24.pom
Download https://repo1.maven.org/maven2/org/springframework/boot/spring-boot-starter-logging/1.3.3.RELEASE/spring-boot-starter-logging-1.3.3.RELEASE.pom
Download https://repo1.maven.org/maven2/org/yaml/snakeyaml/1.16/snakeyaml-1.16.pom
Download https://repo1.maven.org/maven2/org/apache/tomcat/embed/tomcat-embed-core/8.0.32/tomcat-embed-core-8.0.32.pom
Download https://repo1.maven.org/maven2/org/apache/tomcat/embed/tomcat-embed-el/8.0.32/tomcat-embed-el-8.0.32.pom
Download https://repo1.maven.org/maven2/org/apache/tomcat/embed/tomcat-embed-logging-juli/8.0.32/tomcat-embed-logging-juli-8.0.32.pom
Download https://repo1.maven.org/maven2/org/apache/tomcat/embed/tomcat-embed-websocket/8.0.32/tomcat-embed-websocket-8.0.32.pom
Download https://repo1.maven.org/maven2/org/hibernate/hibernate-validator/5.2.4.Final/hibernate-validator-5.2.4.Final.pom
Download https://repo1.maven.org/maven2/org/hibernate/hibernate-validator-parent/5.2.4.Final/hibernate-validator-parent-5.2.4.Final.pom
Download https://repo1.maven.org/maven2/org/jboss/arquillian/arquillian-bom/1.1.9.Final/arquillian-bom-1.1.9.Final.pom
Download https://repo1.maven.org/maven2/org/jboss/shrinkwrap/shrinkwrap-bom/1.2.2/shrinkwrap-bom-1.2.2.pom
Download https://repo1.maven.org/maven2/org/jboss/shrinkwrap/resolver/shrinkwrap-resolver-bom/2.1.1/shrinkwrap-resolver-bom-2.1.1.pom
Download https://repo1.maven.org/maven2/org/jboss/shrinkwrap/descriptors/shrinkwrap-descriptors-bom/2.0.0-alpha-7/shrinkwrap-descriptors-bom-2.0.0-alpha-7.pom
Download https://repo1.maven.org/maven2/org/springframework/spring-expression/4.2.5.RELEASE/spring-expression-4.2.5.RELEASE.pom
Download https://repo1.maven.org/maven2/org/apache/tomcat/tomcat-jdbc/8.0.32/tomcat-jdbc-8.0.32.pom
Download https://repo1.maven.org/maven2/org/springframework/spring-jdbc/4.2.5.RELEASE/spring-jdbc-4.2.5.RELEASE.pom
Download https://repo1.maven.org/maven2/org/jboss/logging/jboss-logging/3.3.0.Final/jboss-logging-3.3.0.Final.pom
Download https://repo1.maven.org/maven2/org/jboss/jboss-parent/15/jboss-parent-15.pom
Download https://repo1.maven.org/maven2/org/jboss/logging/jboss-logging-annotations/1.2.0.Beta1/jboss-logging-annotations-1.2.0.Beta1.pom
Download https://repo1.maven.org/maven2/org/jboss/logging/jboss-logging-tools-parent/1.2.0.Beta1/jboss-logging-tools-parent-1.2.0.Beta1.pom
Download https://repo1.maven.org/maven2/org/jboss/jboss-parent/10/jboss-parent-10.pom
Download https://repo1.maven.org/maven2/org/hibernate/hibernate-core/4.3.11.Final/hibernate-core-4.3.11.Final.pom
Download https://repo1.maven.org/maven2/org/hibernate/common/hibernate-commons-annotations/4.0.5.Final/hibernate-commons-annotations-4.0.5.Final.pom
Download https://repo1.maven.org/maven2/org/hibernate/javax/persistence/hibernate-jpa-2.1-api/1.0.0.Final/hibernate-jpa-2.1-api-1.0.0.Final.pom
Download https://repo1.maven.org/maven2/org/javassist/javassist/3.18.1-GA/javassist-3.18.1-GA.pom
Download https://repo1.maven.org/maven2/org/springframework/data/spring-data-commons/1.11.4.RELEASE/spring-data-commons-1.11.4.RELEASE.pom
Download https://repo1.maven.org/maven2/org/springframework/spring-orm/4.2.5.RELEASE/spring-orm-4.2.5.RELEASE.pom
Download https://repo1.maven.org/maven2/org/springframework/spring-tx/4.2.5.RELEASE/spring-tx-4.2.5.RELEASE.pom
Download https://repo1.maven.org/maven2/org/slf4j/slf4j-api/1.7.16/slf4j-api-1.7.16.pom
Download https://repo1.maven.org/maven2/org/slf4j/slf4j-parent/1.7.16/slf4j-parent-1.7.16.pom
Download https://repo1.maven.org/maven2/org/slf4j/jcl-over-slf4j/1.7.16/jcl-over-slf4j-1.7.16.pom
Download https://repo1.maven.org/maven2/org/springframework/data/spring-data-rest-core/2.4.4.RELEASE/spring-data-rest-core-2.4.4.RELEASE.pom
Download https://repo1.maven.org/maven2/com/github/fge/json-patch/1.7/json-patch-1.7.pom
Download https://repo1.maven.org/maven2/org/springframework/retry/spring-retry/1.1.2.RELEASE/spring-retry-1.1.2.RELEASE.pom
Download https://repo1.maven.org/maven2/org/springframework/spring-framework-bom/4.0.4.RELEASE/spring-framework-bom-4.0.4.RELEASE.pom
Download https://repo1.maven.org/maven2/org/springframework/amqp/spring-amqp/1.5.4.RELEASE/spring-amqp-1.5.4.RELEASE.pom
Download https://repo1.maven.org/maven2/com/rabbitmq/http-client/1.0.0.RELEASE/http-client-1.0.0.RELEASE.pom
Download https://repo1.maven.org/maven2/com/rabbitmq/amqp-client/3.5.7/amqp-client-3.5.7.pom
Download https://repo1.maven.org/maven2/ch/qos/logback/logback-classic/1.1.5/logback-classic-1.1.5.pom
Download https://repo1.maven.org/maven2/ch/qos/logback/logback-parent/1.1.5/logback-parent-1.1.5.pom
Download https://repo1.maven.org/maven2/org/slf4j/jul-to-slf4j/1.7.16/jul-to-slf4j-1.7.16.pom
Download https://repo1.maven.org/maven2/org/slf4j/log4j-over-slf4j/1.7.16/log4j-over-slf4j-1.7.16.pom
Download https://repo1.maven.org/maven2/com/fasterxml/classmate/1.1.0/classmate-1.1.0.pom
Download https://repo1.maven.org/maven2/org/apache/tomcat/tomcat-juli/8.0.32/tomcat-juli-8.0.32.pom
Download https://repo1.maven.org/maven2/org/jboss/jandex/1.1.0.Final/jandex-1.1.0.Final.pom
Download https://repo1.maven.org/maven2/org/jboss/jboss-parent/5/jboss-parent-5.pom
Download https://repo1.maven.org/maven2/org/springframework/hateoas/spring-hateoas/0.19.0.RELEASE/spring-hateoas-0.19.0.RELEASE.pom
Download https://repo1.maven.org/maven2/org/springframework/plugin/spring-plugin-core/1.2.0.RELEASE/spring-plugin-core-1.2.0.RELEASE.pom
Download https://repo1.maven.org/maven2/org/springframework/plugin/spring-plugin/1.2.0.RELEASE/spring-plugin-1.2.0.RELEASE.pom
Download https://repo1.maven.org/maven2/org/atteo/evo-inflector/1.2.1/evo-inflector-1.2.1.pom
Download https://repo1.maven.org/maven2/org/atteo/parent/1.11/parent-1.11.pom
Download https://repo1.maven.org/maven2/com/github/fge/jackson-coreutils/1.6/jackson-coreutils-1.6.pom
Download https://repo1.maven.org/maven2/org/apache/httpcomponents/httpclient/4.5.1/httpclient-4.5.1.pom
Download https://repo1.maven.org/maven2/org/apache/httpcomponents/httpcomponents-client/4.5.1/httpcomponents-client-4.5.1.pom
Download https://repo1.maven.org/maven2/ch/qos/logback/logback-core/1.1.5/logback-core-1.1.5.pom
Download https://repo1.maven.org/maven2/com/github/fge/msg-simple/1.1/msg-simple-1.1.pom
Download https://repo1.maven.org/maven2/com/google/guava/guava/16.0.1/guava-16.0.1.pom
Download https://repo1.maven.org/maven2/com/google/guava/guava-parent/16.0.1/guava-parent-16.0.1.pom
Download https://repo1.maven.org/maven2/org/apache/httpcomponents/httpcore/4.4.4/httpcore-4.4.4.pom
Download https://repo1.maven.org/maven2/org/apache/httpcomponents/httpcomponents-core/4.4.4/httpcomponents-core-4.4.4.pom
Download https://repo1.maven.org/maven2/commons-codec/commons-codec/1.9/commons-codec-1.9.pom
Download https://repo1.maven.org/maven2/com/github/fge/btf/1.2/btf-1.2.pom
Download https://repo1.maven.org/maven2/org/springframework/boot/spring-boot-starter-aop/1.3.3.RELEASE/spring-boot-starter-aop-1.3.3.RELEASE.jar
Download https://repo1.maven.org/maven2/org/springframework/boot/spring-boot-starter-web/1.3.3.RELEASE/spring-boot-starter-web-1.3.3.RELEASE.jar
Download https://repo1.maven.org/maven2/org/springframework/boot/spring-boot-devtools/1.3.3.RELEASE/spring-boot-devtools-1.3.3.RELEASE.jar
Download https://repo1.maven.org/maven2/org/springframework/boot/spring-boot-starter-data-jpa/1.3.3.RELEASE/spring-boot-starter-data-jpa-1.3.3.RELEASE.jar
Download https://repo1.maven.org/maven2/org/springframework/boot/spring-boot-starter-data-rest/1.3.3.RELEASE/spring-boot-starter-data-rest-1.3.3.RELEASE.jar
Download https://repo1.maven.org/maven2/com/h2database/h2/1.4.191/h2-1.4.191.jar
Download https://repo1.maven.org/maven2/com/sun/mail/javax.mail/1.5.5/javax.mail-1.5.5.jar
Download https://repo1.maven.org/maven2/org/springframework/spring-support/2.0.6/spring-support-2.0.6.jar
Download https://repo1.maven.org/maven2/com/sun/jersey/jersey-core/1.19.1/jersey-core-1.19.1.jar
Download https://repo1.maven.org/maven2/com/sun/jersey/jersey-client/1.19.1/jersey-client-1.19.1.jar
Download https://repo1.maven.org/maven2/com/sun/jersey/contribs/jersey-multipart/1.19.1/jersey-multipart-1.19.1.jar
Download https://repo1.maven.org/maven2/org/springframework/boot/spring-boot-starter-amqp/1.3.3.RELEASE/spring-boot-starter-amqp-1.3.3.RELEASE.jar
Download https://repo1.maven.org/maven2/com/fasterxml/jackson/core/jackson-databind/2.6.0/jackson-databind-2.6.0.jar
Download https://repo1.maven.org/maven2/org/springframework/boot/spring-boot-starter/1.3.3.RELEASE/spring-boot-starter-1.3.3.RELEASE.jar
Download https://repo1.maven.org/maven2/org/springframework/spring-aop/4.2.5.RELEASE/spring-aop-4.2.5.RELEASE.jar
Download https://repo1.maven.org/maven2/org/aspectj/aspectjweaver/1.8.8/aspectjweaver-1.8.8.jar
Download https://repo1.maven.org/maven2/org/springframework/boot/spring-boot-starter-tomcat/1.3.3.RELEASE/spring-boot-starter-tomcat-1.3.3.RELEASE.jar
Download https://repo1.maven.org/maven2/org/springframework/boot/spring-boot-starter-validation/1.3.3.RELEASE/spring-boot-starter-validation-1.3.3.RELEASE.jar
Download https://repo1.maven.org/maven2/org/springframework/spring-web/4.2.5.RELEASE/spring-web-4.2.5.RELEASE.jar
Download https://repo1.maven.org/maven2/org/springframework/spring-webmvc/4.2.5.RELEASE/spring-webmvc-4.2.5.RELEASE.jar
Download https://repo1.maven.org/maven2/org/springframework/boot/spring-boot/1.3.3.RELEASE/spring-boot-1.3.3.RELEASE.jar
Download https://repo1.maven.org/maven2/org/springframework/boot/spring-boot-autoconfigure/1.3.3.RELEASE/spring-boot-autoconfigure-1.3.3.RELEASE.jar
Download https://repo1.maven.org/maven2/org/springframework/boot/spring-boot-starter-jdbc/1.3.3.RELEASE/spring-boot-starter-jdbc-1.3.3.RELEASE.jar
Download https://repo1.maven.org/maven2/org/hibernate/hibernate-entitymanager/4.3.11.Final/hibernate-entitymanager-4.3.11.Final.jar
Download https://repo1.maven.org/maven2/javax/transaction/javax.transaction-api/1.2/javax.transaction-api-1.2.jar
Download https://repo1.maven.org/maven2/org/springframework/data/spring-data-jpa/1.9.4.RELEASE/spring-data-jpa-1.9.4.RELEASE.jar
Download https://repo1.maven.org/maven2/org/springframework/spring-aspects/4.2.5.RELEASE/spring-aspects-4.2.5.RELEASE.jar
Download https://repo1.maven.org/maven2/com/fasterxml/jackson/core/jackson-annotations/2.6.5/jackson-annotations-2.6.5.jar
Download https://repo1.maven.org/maven2/org/springframework/data/spring-data-rest-webmvc/2.4.4.RELEASE/spring-data-rest-webmvc-2.4.4.RELEASE.jar
Download https://repo1.maven.org/maven2/javax/activation/activation/1.1/activation-1.1.jar
Download https://repo1.maven.org/maven2/org/springframework/spring-beans/4.2.5.RELEASE/spring-beans-4.2.5.RELEASE.jar
Download https://repo1.maven.org/maven2/org/springframework/spring-context/4.2.5.RELEASE/spring-context-4.2.5.RELEASE.jar
Download https://repo1.maven.org/maven2/javax/ws/rs/jsr311-api/1.1.1/jsr311-api-1.1.1.jar
Download https://repo1.maven.org/maven2/org/jvnet/mimepull/mimepull/1.9.3/mimepull-1.9.3.jar
Download https://repo1.maven.org/maven2/org/springframework/spring-messaging/4.2.5.RELEASE/spring-messaging-4.2.5.RELEASE.jar
Download https://repo1.maven.org/maven2/org/springframework/amqp/spring-rabbit/1.5.4.RELEASE/spring-rabbit-1.5.4.RELEASE.jar
Download https://repo1.maven.org/maven2/com/fasterxml/jackson/core/jackson-core/2.6.5/jackson-core-2.6.5.jar
Download https://repo1.maven.org/maven2/org/springframework/boot/spring-boot-starter-logging/1.3.3.RELEASE/spring-boot-starter-logging-1.3.3.RELEASE.jar
Download https://repo1.maven.org/maven2/org/yaml/snakeyaml/1.16/snakeyaml-1.16.jar
Download https://repo1.maven.org/maven2/org/apache/tomcat/embed/tomcat-embed-core/8.0.32/tomcat-embed-core-8.0.32.jar
Download https://repo1.maven.org/maven2/org/apache/tomcat/embed/tomcat-embed-el/8.0.32/tomcat-embed-el-8.0.32.jar
Download https://repo1.maven.org/maven2/org/apache/tomcat/embed/tomcat-embed-logging-juli/8.0.32/tomcat-embed-logging-juli-8.0.32.jar
Download https://repo1.maven.org/maven2/org/apache/tomcat/embed/tomcat-embed-websocket/8.0.32/tomcat-embed-websocket-8.0.32.jar
Download https://repo1.maven.org/maven2/org/hibernate/hibernate-validator/5.2.4.Final/hibernate-validator-5.2.4.Final.jar
Download https://repo1.maven.org/maven2/org/springframework/spring-expression/4.2.5.RELEASE/spring-expression-4.2.5.RELEASE.jar
Download https://repo1.maven.org/maven2/org/apache/tomcat/tomcat-jdbc/8.0.32/tomcat-jdbc-8.0.32.jar
Download https://repo1.maven.org/maven2/org/springframework/spring-jdbc/4.2.5.RELEASE/spring-jdbc-4.2.5.RELEASE.jar
Download https://repo1.maven.org/maven2/org/jboss/logging/jboss-logging/3.3.0.Final/jboss-logging-3.3.0.Final.jar
Download https://repo1.maven.org/maven2/org/jboss/logging/jboss-logging-annotations/1.2.0.Beta1/jboss-logging-annotations-1.2.0.Beta1.jar
Download https://repo1.maven.org/maven2/org/hibernate/hibernate-core/4.3.11.Final/hibernate-core-4.3.11.Final.jar
Download https://repo1.maven.org/maven2/org/hibernate/common/hibernate-commons-annotations/4.0.5.Final/hibernate-commons-annotations-4.0.5.Final.jar
Download https://repo1.maven.org/maven2/org/hibernate/javax/persistence/hibernate-jpa-2.1-api/1.0.0.Final/hibernate-jpa-2.1-api-1.0.0.Final.jar
Download https://repo1.maven.org/maven2/org/javassist/javassist/3.18.1-GA/javassist-3.18.1-GA.jar
Download https://repo1.maven.org/maven2/org/springframework/data/spring-data-commons/1.11.4.RELEASE/spring-data-commons-1.11.4.RELEASE.jar
Download https://repo1.maven.org/maven2/org/springframework/spring-orm/4.2.5.RELEASE/spring-orm-4.2.5.RELEASE.jar
Download https://repo1.maven.org/maven2/org/springframework/spring-tx/4.2.5.RELEASE/spring-tx-4.2.5.RELEASE.jar
Download https://repo1.maven.org/maven2/org/slf4j/slf4j-api/1.7.16/slf4j-api-1.7.16.jar
Download https://repo1.maven.org/maven2/org/slf4j/jcl-over-slf4j/1.7.16/jcl-over-slf4j-1.7.16.jar
Download https://repo1.maven.org/maven2/org/springframework/data/spring-data-rest-core/2.4.4.RELEASE/spring-data-rest-core-2.4.4.RELEASE.jar
Download https://repo1.maven.org/maven2/com/github/fge/json-patch/1.7/json-patch-1.7.jar
Download https://repo1.maven.org/maven2/org/springframework/retry/spring-retry/1.1.2.RELEASE/spring-retry-1.1.2.RELEASE.jar
Download https://repo1.maven.org/maven2/org/springframework/amqp/spring-amqp/1.5.4.RELEASE/spring-amqp-1.5.4.RELEASE.jar
Download https://repo1.maven.org/maven2/com/rabbitmq/http-client/1.0.0.RELEASE/http-client-1.0.0.RELEASE.jar
Download https://repo1.maven.org/maven2/com/rabbitmq/amqp-client/3.5.7/amqp-client-3.5.7.jar
Download https://repo1.maven.org/maven2/ch/qos/logback/logback-classic/1.1.5/logback-classic-1.1.5.jar
Download https://repo1.maven.org/maven2/org/slf4j/jul-to-slf4j/1.7.16/jul-to-slf4j-1.7.16.jar
Download https://repo1.maven.org/maven2/org/slf4j/log4j-over-slf4j/1.7.16/log4j-over-slf4j-1.7.16.jar
Download https://repo1.maven.org/maven2/com/fasterxml/classmate/1.1.0/classmate-1.1.0.jar
Download https://repo1.maven.org/maven2/org/apache/tomcat/tomcat-juli/8.0.32/tomcat-juli-8.0.32.jar
Download https://repo1.maven.org/maven2/org/jboss/jandex/1.1.0.Final/jandex-1.1.0.Final.jar
Download https://repo1.maven.org/maven2/org/springframework/hateoas/spring-hateoas/0.19.0.RELEASE/spring-hateoas-0.19.0.RELEASE.jar
Download https://repo1.maven.org/maven2/org/springframework/plugin/spring-plugin-core/1.2.0.RELEASE/spring-plugin-core-1.2.0.RELEASE.jar
Download https://repo1.maven.org/maven2/org/atteo/evo-inflector/1.2.1/evo-inflector-1.2.1.jar
Download https://repo1.maven.org/maven2/com/github/fge/jackson-coreutils/1.6/jackson-coreutils-1.6.jar
Download https://repo1.maven.org/maven2/org/apache/httpcomponents/httpclient/4.5.1/httpclient-4.5.1.jar
Download https://repo1.maven.org/maven2/ch/qos/logback/logback-core/1.1.5/logback-core-1.1.5.jar
Download https://repo1.maven.org/maven2/com/github/fge/msg-simple/1.1/msg-simple-1.1.jar
Download https://repo1.maven.org/maven2/com/google/guava/guava/16.0.1/guava-16.0.1.jar
Download https://repo1.maven.org/maven2/org/apache/httpcomponents/httpcore/4.4.4/httpcore-4.4.4.jar
Download https://repo1.maven.org/maven2/commons-codec/commons-codec/1.9/commons-codec-1.9.jar
Download https://repo1.maven.org/maven2/com/github/fge/btf/1.2/btf-1.2.jar
/Users/prassingh/Matlb/src/main/java/com/matlb/rabbitMq/ScrapingResultHandler.java:13: error: cannot find symbol
    private BookmarkRepository bookmarkRepository;
            ^
  symbol:   class BookmarkRepository
  location: class ScrapingResultHandler
/Users/prassingh/Matlb/src/main/java/com/matlb/rabbitMq/ScrapingResultConsumerConfiguration.java:32: error: Queue is abstract; cannot be instantiated
        return new Queue(this.scrapingResultQueue);
               ^
/Users/prassingh/Matlb/src/main/java/com/matlb/rabbitMq/ScrapingResultHandler.java:19: error: cannot find symbol
        final List<Bookmark> bookmarks = bookmarkRepository.findByUrl(url);
              ^
  symbol:   class List
  location: class ScrapingResultHandler
/Users/prassingh/Matlb/src/main/java/com/matlb/rabbitMq/ScrapingResultHandler.java:19: error: cannot find symbol
        final List<Bookmark> bookmarks = bookmarkRepository.findByUrl(url);
                   ^
  symbol:   class Bookmark
  location: class ScrapingResultHandler
/Users/prassingh/Matlb/src/main/java/com/matlb/rabbitMq/ScrapingResultHandler.java:26: error: cannot find symbol
            for (Bookmark bookmark : bookmarks)
                 ^
  symbol:   class Bookmark
  location: class ScrapingResultHandler
5 errors
:compileJava FAILED

FAILURE: Build failed with an exception.

* What went wrong:
Execution failed for task ':compileJava'.
> Compilation failed; see the compiler error output for details.

* Try:
Run with --stacktrace option to get the stack trace. Run with --info or --debug option to get more log output.

BUILD FAILED

Total time: 5 mins 28.066 secs
01:08:56.536 [DEBUG] [org.gradle.cache.internal.DefaultFileLockManager] Releasing lock on cp_proj class cache for build file '/Users/prassingh/Matlb/build.gradle' (/Users/prassingh/Matlb/gradle/wrapper/caches/2.9/scripts/build_58bqhgbc6txd79jinsv5cw5t9/cp_proj).
01:08:56.537 [DEBUG] [org.gradle.cache.internal.DefaultFileLockManager] Releasing lock on proj class cache for build file '/Users/prassingh/Matlb/build.gradle' (/Users/prassingh/Matlb/gradle/wrapper/caches/2.9/scripts/build_58bqhgbc6txd79jinsv5cw5t9/proj).
01:08:56.543 [DEBUG] [org.gradle.cache.internal.btree.BTreePersistentIndexedCache] Closing cache fileSnapshots.bin (/Users/prassingh/Matlb/.gradle/2.9/taskArtifacts/fileSnapshots.bin)
01:08:56.544 [DEBUG] [org.gradle.cache.internal.btree.BTreePersistentIndexedCache] Closing cache outputFileStates.bin (/Users/prassingh/Matlb/.gradle/2.9/taskArtifacts/outputFileStates.bin)
01:08:56.544 [DEBUG] [org.gradle.cache.internal.btree.BTreePersistentIndexedCache] Closing cache fileHashes.bin (/Users/prassingh/Matlb/.gradle/2.9/taskArtifacts/fileHashes.bin)
01:08:56.544 [DEBUG] [org.gradle.cache.internal.btree.BTreePersistentIndexedCache] Closing cache taskArtifacts.bin (/Users/prassingh/Matlb/.gradle/2.9/taskArtifacts/taskArtifacts.bin)
01:08:56.544 [DEBUG] [org.gradle.cache.internal.DefaultFileLockManager] Releasing lock on task history cache (/Users/prassingh/Matlb/.gradle/2.9/taskArtifacts).
01:08:56.545 [DEBUG] [org.gradle.api.internal.artifacts.ivyservice.ivyresolve.memcache.InMemoryCachedRepositoryFactory] In-memory dependency metadata cache closed. Repos cached: 95, cache instances: 2, modules served from cache: 284, artifacts: 195
01:08:56.545 [DEBUG] [org.gradle.cache.internal.btree.BTreePersistentIndexedCache] Closing cache module-metadata.bin (/Users/prassingh/Matlb/gradle/wrapper/caches/modules-2/metadata-2.16/module-metadata.bin)
01:08:56.545 [DEBUG] [org.gradle.cache.internal.btree.BTreePersistentIndexedCache] Closing cache artifact-at-repository.bin (/Users/prassingh/Matlb/gradle/wrapper/caches/modules-2/metadata-2.16/artifact-at-repository.bin)
01:08:56.545 [DEBUG] [org.gradle.cache.internal.btree.BTreePersistentIndexedCache] Closing cache artifact-at-url.bin (/Users/prassingh/Matlb/gradle/wrapper/caches/modules-2/metadata-2.16/artifact-at-url.bin)
01:08:56.545 [DEBUG] [org.gradle.cache.internal.DefaultFileLockManager] Releasing lock on artifact cache (/Users/prassingh/Matlb/gradle/wrapper/caches/modules-2).
01:08:56.546 [DEBUG] [org.gradle.cache.internal.DefaultCacheAccess] Cache artifact cache (/Users/prassingh/Matlb/gradle/wrapper/caches/modules-2) was closed 19 times.
01:08:56.546 [DEBUG] [org.gradle.api.internal.artifacts.ivyservice.resolveengine.store.CachedStoreFactory] Resolved configuration cache closed. Cache reads: 0, disk reads: 0 (avg: 0.0 secs, total: 0.0 secs)
01:08:56.546 [DEBUG] [org.gradle.api.internal.artifacts.ivyservice.resolveengine.store.CachedStoreFactory] Resolution result cache closed. Cache reads: 1, disk reads: 1 (avg: 0.007 secs, total: 0.007 secs)
01:08:56.547 [DEBUG] [org.gradle.api.internal.artifacts.ivyservice.resolveengine.store.ResolutionResultsStoreFactory] Deleted 2 resolution results binary files in 0.001 secs
01:08:56.547 [DEBUG] [org.gradle.cache.internal.DefaultCacheAccess] Cache Plugin Resolution Cache (/Users/prassingh/Matlb/gradle/wrapper/caches/2.9/plugin-resolution) was closed 0 times.
01:08:56.547 [DEBUG] [org.gradle.api.internal.tasks.compile.daemon.CompilerDaemonManager] Stopping 0 compiler daemon(s).
01:08:56.547 [INFO] [org.gradle.api.internal.tasks.compile.daemon.CompilerDaemonManager] Stopped 0 compiler daemon(s).
01:08:56.548 [DEBUG] [org.gradle.launcher.daemon.server.exec.ExecuteBuild] The daemon has finished executing the build.
01:08:56.853 [DEBUG] [org.gradle.launcher.daemon.server.DaemonStateCoordinator] Daemon is busy, sleeping until state changes.
01:08:56.856 [DEBUG] [org.gradle.launcher.daemon.server.DaemonStateCoordinator] Command execution: finished waiting for DaemonCommandExecution[command = Build{id=69bfafbf-06a7-4a25-b315-c0a46866c4b0.1, currentDir=/Users/prassingh/Matlb}, connection = org.gradle.launcher.daemon.server.DefaultDaemonConnection@5c1c9fef]. Result org.gradle.launcher.daemon.server.DaemonStateCoordinator@3d510eac with state Running
01:08:56.857 [DEBUG] [org.gradle.launcher.daemon.server.DaemonStateCoordinator] Command execution: completed DaemonCommandExecution[command = Build{id=69bfafbf-06a7-4a25-b315-c0a46866c4b0.1, currentDir=/Users/prassingh/Matlb}, connection = org.gradle.launcher.daemon.server.DefaultDaemonConnection@5c1c9fef]
01:08:56.857 [DEBUG] [org.gradle.launcher.daemon.server.DaemonStateCoordinator] updating lastActivityAt to 1467142736857
01:08:56.858 [INFO] [org.gradle.launcher.daemon.server.DomainRegistryUpdater] Marking the daemon as idle, address: [e263c366-146d-4f20-a64b-f822a9fc33b5 port:51864, addresses:[/0:0:0:0:0:0:0:1, /127.0.0.1]]
01:08:56.858 [DEBUG] [org.gradle.launcher.daemon.registry.PersistentDaemonRegistry] Marking idle by address: [e263c366-146d-4f20-a64b-f822a9fc33b5 port:51864, addresses:[/0:0:0:0:0:0:0:1, /127.0.0.1]]
01:08:56.861 [DEBUG] [org.gradle.cache.internal.DefaultFileLockManager] Waiting to acquire exclusive lock on daemon addresses registry.
01:08:56.862 [DEBUG] [org.gradle.cache.internal.DefaultFileLockManager] Lock acquired.
01:08:56.866 [DEBUG] [org.gradle.cache.internal.DefaultFileLockManager] Releasing lock on daemon addresses registry.
01:08:56.866 [DEBUG] [org.gradle.launcher.daemon.server.DaemonStateCoordinator] Daemon is idle, sleeping until state change or idle timeout at Wed Jun 29 04:08:56 IST 2016
01:08:56.866 [DEBUG] [org.gradle.launcher.daemon.server.exec.ReturnResult] Daemon is dispatching the build result: Failure[value=org.gradle.initialization.ReportedException: org.gradle.internal.exceptions.LocationAwareException: Execution failed for task ':compileJava'.]
01:08:56.867 [DEBUG] [org.gradle.launcher.daemon.server.SynchronizedDispatchConnection] thread 14: dispatching class org.gradle.launcher.daemon.protocol.Failure
01:08:56.909 [DEBUG] [org.gradle.launcher.daemon.server.DefaultIncomingConnectionHandler] Finishing executing command: Build{id=69bfafbf-06a7-4a25-b315-c0a46866c4b0.1, currentDir=/Users/prassingh/Matlb}
01:08:56.953 [DEBUG] [org.gradle.launcher.daemon.server.SynchronizedDispatchConnection] thread 15: received class org.gradle.launcher.daemon.protocol.Finished
01:08:56.953 [DEBUG] [org.gradle.launcher.daemon.server.DefaultDaemonConnection] Received non-IO message from client: org.gradle.launcher.daemon.protocol.Finished@13b1d46
01:08:56.953 [DEBUG] [org.gradle.launcher.daemon.server.DefaultIncomingConnectionHandler] Received finished message: org.gradle.launcher.daemon.protocol.Finished@13b1d46
01:08:56.954 [DEBUG] [org.gradle.launcher.daemon.server.SynchronizedDispatchConnection] thread 14: stopping connection
01:08:56.954 [DEBUG] [org.gradle.messaging.remote.internal.inet.SocketConnection] Discarding EOFException: java.io.EOFException
01:08:56.954 [DEBUG] [org.gradle.launcher.daemon.server.SynchronizedDispatchConnection] thread 15: received null
01:08:56.954 [DEBUG] [org.gradle.launcher.daemon.server.DefaultDaemonConnection] Received end-of-input from client.
01:08:56.957 [DEBUG] [org.gradle.launcher.daemon.server.SynchronizedDispatchConnection] thread 14: stopping connection
Daemon vm is shutting down... The daemon has exited normally or was terminated in response to a user interrupt.
02:17:33.869 [DEBUG] [org.gradle.launcher.daemon.registry.PersistentDaemonRegistry] Removing daemon address: [e263c366-146d-4f20-a64b-f822a9fc33b5 port:51864, addresses:[/0:0:0:0:0:0:0:1, /127.0.0.1]]
02:17:33.870 [DEBUG] [org.gradle.cache.internal.DefaultFileLockManager] Waiting to acquire exclusive lock on daemon addresses registry.
02:17:33.871 [DEBUG] [org.gradle.cache.internal.DefaultFileLockManager] The file lock is held by a different Gradle process (pid: 59591, operation: ). Will attempt to ping owner at port 60305
02:17:34.072 [DEBUG] [org.gradle.cache.internal.DefaultFileLockManager] Lock acquired.
02:17:34.074 [DEBUG] [org.gradle.cache.internal.DefaultFileLockManager] Releasing lock on daemon addresses registry.
